<<<<<<< HEAD
ARM GAS  /tmp/ccjadCRU.s 			page 1
=======
ARM GAS  /tmp/ccRN8xT7.s 			page 1
>>>>>>> 8c3342ba7dae04446312e2834acd3832612e2df6


   1              		.cpu cortex-m4
   2              		.eabi_attribute 27, 1
   3              		.eabi_attribute 28, 1
   4              		.eabi_attribute 20, 1
   5              		.eabi_attribute 21, 1
   6              		.eabi_attribute 23, 3
   7              		.eabi_attribute 24, 1
   8              		.eabi_attribute 25, 1
   9              		.eabi_attribute 26, 1
  10              		.eabi_attribute 30, 1
  11              		.eabi_attribute 34, 1
  12              		.eabi_attribute 18, 4
  13              		.file	"i2c.cpp"
  14              		.text
  15              	.Ltext0:
  16              		.cfi_sections	.debug_frame
  17              	.Letext0:
<<<<<<< HEAD
ARM GAS  /tmp/ccjadCRU.s 			page 2
=======
ARM GAS  /tmp/ccRN8xT7.s 			page 2
>>>>>>> 8c3342ba7dae04446312e2834acd3832612e2df6


DEFINED SYMBOLS
                            *ABS*:0000000000000000 i2c.cpp

NO UNDEFINED SYMBOLS
