<<<<<<< HEAD
<<<<<<< HEAD
ARM GAS  /tmp/ccUvwpLx.s 			page 1
=======
ARM GAS  /tmp/ccbR934M.s 			page 1
>>>>>>> 8c3342ba7dae04446312e2834acd3832612e2df6
=======
ARM GAS  /tmp/ccp8d2nC.s 			page 1
>>>>>>> 51f72f82c8ac2083e1ca87e290156dea23c5314f


   1              		.cpu cortex-m4
   2              		.eabi_attribute 27, 1
   3              		.eabi_attribute 28, 1
   4              		.eabi_attribute 20, 1
   5              		.eabi_attribute 21, 1
   6              		.eabi_attribute 23, 3
   7              		.eabi_attribute 24, 1
   8              		.eabi_attribute 25, 1
   9              		.eabi_attribute 26, 1
  10              		.eabi_attribute 30, 1
  11              		.eabi_attribute 34, 1
  12              		.eabi_attribute 18, 4
  13              		.file	"keyboard.cpp"
  14              		.text
  15              	.Ltext0:
  16              		.cfi_sections	.debug_frame
  17              	.Letext0:
  18              		.file 1 "/usr/lib/gcc/arm-none-eabi/9.2.1/include/stdint.h"
  19              		.file 2 "Drivers/CMSIS/Include/core_cm4.h"
  20              		.file 3 "Drivers/CMSIS/Device/ST/STM32F4xx/Include/system_stm32f4xx.h"
  21              		.file 4 "Drivers/STM32F4xx_HAL_Driver/Inc/stm32f4xx_hal.h"
<<<<<<< HEAD
<<<<<<< HEAD
ARM GAS  /tmp/ccUvwpLx.s 			page 2
=======
ARM GAS  /tmp/ccbR934M.s 			page 2
>>>>>>> 8c3342ba7dae04446312e2834acd3832612e2df6
=======
ARM GAS  /tmp/ccp8d2nC.s 			page 2
>>>>>>> 51f72f82c8ac2083e1ca87e290156dea23c5314f


DEFINED SYMBOLS
                            *ABS*:0000000000000000 keyboard.cpp

NO UNDEFINED SYMBOLS
