ARM GAS  /tmp/ccQV6aPi.s 			page 1


   1              		.cpu cortex-m4
   2              		.eabi_attribute 27, 1
   3              		.eabi_attribute 28, 1
   4              		.eabi_attribute 20, 1
   5              		.eabi_attribute 21, 1
   6              		.eabi_attribute 23, 3
   7              		.eabi_attribute 24, 1
   8              		.eabi_attribute 25, 1
   9              		.eabi_attribute 26, 1
  10              		.eabi_attribute 30, 1
  11              		.eabi_attribute 34, 1
  12              		.eabi_attribute 18, 4
  13              		.file	"menu.cpp"
  14              		.text
  15              	.Ltext0:
  16              		.cfi_sections	.debug_frame
  17              		.section	.text._ZN4menuC2EP4oled,"ax",%progbits
  18              		.align	1
  19              		.global	_ZN4menuC2EP4oled
  20              		.arch armv7e-m
  21              		.syntax unified
  22              		.thumb
  23              		.thumb_func
  24              		.fpu fpv4-sp-d16
  26              	_ZN4menuC2EP4oled:
  27              		.fnstart
  28              	.LVL0:
  29              	.LFB139:
  30              		.file 1 "Core/Src/menu.cpp"
   1:Core/Src/menu.cpp **** #include "menu.hpp"
   2:Core/Src/menu.cpp **** 
   3:Core/Src/menu.cpp **** menu::menu(oled* oled_)
  31              		.loc 1 3 1 view -0
  32              		.cfi_startproc
  33              		@ args = 0, pretend = 0, frame = 0
  34              		@ frame_needed = 0, uses_anonymous_args = 0
  35              		@ link register save eliminated.
  36              		.loc 1 3 1 is_stmt 0 view .LVU1
  37 0000 10B4     		push	{r4}
  38              	.LCFI0:
  39              		.cfi_def_cfa_offset 4
  40              		.cfi_offset 4, -4
  41              	.LBB2:
  42              		.loc 1 3 23 view .LVU2
  43 0002 0022     		movs	r2, #0
  44 0004 8272     		strb	r2, [r0, #10]
  45 0006 1E24     		movs	r4, #30
  46 0008 4473     		strb	r4, [r0, #13]
  47 000a 8273     		strb	r2, [r0, #14]
  48 000c C273     		strb	r2, [r0, #15]
   4:Core/Src/menu.cpp **** {
   5:Core/Src/menu.cpp ****     oled1=oled_;
  49              		.loc 1 5 5 is_stmt 1 view .LVU3
  50              		.loc 1 5 10 is_stmt 0 view .LVU4
  51 000e 0161     		str	r1, [r0, #16]
  52              	.LBE2:
   6:Core/Src/menu.cpp **** }
ARM GAS  /tmp/ccQV6aPi.s 			page 2


  53              		.loc 1 6 1 view .LVU5
  54 0010 5DF8044B 		ldr	r4, [sp], #4
  55              	.LCFI1:
  56              		.cfi_restore 4
  57              		.cfi_def_cfa_offset 0
  58 0014 7047     		bx	lr
  59              		.cfi_endproc
  60              	.LFE139:
  61              		.cantunwind
  62              		.fnend
  64              		.global	_ZN4menuC1EP4oled
  65              		.thumb_set _ZN4menuC1EP4oled,_ZN4menuC2EP4oled
  66              		.section	.rodata._ZN4menu10menu_printEv.str1.4,"aMS",%progbits,1
  67              		.align	2
  68              	.LC0:
  69 0000 433A252E 		.ascii	"C:%.2s SQ:%.2s\000"
  69      32732053 
  69      513A252E 
  69      327300
  70 000f 00       		.align	2
  71              	.LC1:
  72 0010 20202020 		.ascii	"    CHAN    \000"
  72      4348414E 
  72      20202020 
  72      00
  73 001d 000000   		.align	2
  74              	.LC2:
  75 0020 20202053 		.ascii	"   SQUASH   \000"
  75      51554153 
  75      48202020 
  75      00
  76 002d 000000   		.align	2
  77              	.LC3:
  78 0030 20446973 		.ascii	" Disp TMO \000"
  78      7020544D 
  78      4F2000
  79 003b 00       		.align	2
  80              	.LC4:
  81 003c 20202043 		.ascii	"   CH:%.2s   \000"
  81      483A252E 
  81      32732020 
  81      2000
  82 004a 0000     		.align	2
  83              	.LC5:
  84 004c 20202053 		.ascii	"   SQ:%.2s   \000"
  84      513A252E 
  84      32732020 
  84      2000
  85 005a 0000     		.align	2
  86              	.LC6:
  87 005c 20202044 		.ascii	"   DS:%.2s   \000"
  87      533A252E 
  87      32732020 
  87      2000
  88 006a 0000     		.align	2
  89              	.LC7:
  90 006c 6D656E75 		.ascii	"menu  back\000"
ARM GAS  /tmp/ccQV6aPi.s 			page 3


  90      20206261 
  90      636B00
  91              		.section	.text._ZN4menu10menu_printEv,"ax",%progbits
  92              		.align	1
  93              		.global	_ZN4menu10menu_printEv
  94              		.syntax unified
  95              		.thumb
  96              		.thumb_func
  97              		.fpu fpv4-sp-d16
  99              	_ZN4menu10menu_printEv:
 100              		.fnstart
 101              	.LVL1:
 102              	.LFB141:
   7:Core/Src/menu.cpp **** 
   8:Core/Src/menu.cpp **** void menu::menu_print() //Menu Print will be called every time the screen is updated in main via ti
   9:Core/Src/menu.cpp **** {
 103              		.loc 1 9 1 is_stmt 1 view -0
 104              		.cfi_startproc
 105              		@ args = 0, pretend = 0, frame = 16
 106              		@ frame_needed = 0, uses_anonymous_args = 0
 107              		.loc 1 9 1 is_stmt 0 view .LVU7
 108 0000 10B5     		push	{r4, lr}
 109              		.save {r4, lr}
 110              	.LCFI2:
 111              		.cfi_def_cfa_offset 8
 112              		.cfi_offset 4, -8
 113              		.cfi_offset 14, -4
 114              		.pad #24
 115 0002 86B0     		sub	sp, sp, #24
 116              	.LCFI3:
 117              		.cfi_def_cfa_offset 32
 118 0004 0446     		mov	r4, r0
  10:Core/Src/menu.cpp ****     char temp [12];
 119              		.loc 1 10 5 is_stmt 1 view .LVU8
  11:Core/Src/menu.cpp **** 
  12:Core/Src/menu.cpp ****     switch (menu_value)
 120              		.loc 1 12 5 view .LVU9
 121              		.loc 1 12 13 is_stmt 0 view .LVU10
 122 0006 0378     		ldrb	r3, [r0]	@ zero_extendqisi2
 123 0008 182B     		cmp	r3, #24
 124 000a 1ED8     		bhi	.L4
 125 000c DFE803F0 		tbb	[pc, r3]
 126              	.L6:
 127 0010 0D       		.byte	(.L12-.L6)/2
 128 0011 29       		.byte	(.L11-.L6)/2
 129 0012 38       		.byte	(.L10-.L6)/2
 130 0013 47       		.byte	(.L9-.L6)/2
 131 0014 1D       		.byte	(.L4-.L6)/2
 132 0015 1D       		.byte	(.L4-.L6)/2
 133 0016 1D       		.byte	(.L4-.L6)/2
 134 0017 1D       		.byte	(.L4-.L6)/2
 135 0018 5A       		.byte	(.L8-.L6)/2
 136 0019 1D       		.byte	(.L4-.L6)/2
 137 001a 1D       		.byte	(.L4-.L6)/2
 138 001b 1D       		.byte	(.L4-.L6)/2
 139 001c 1D       		.byte	(.L4-.L6)/2
 140 001d 1D       		.byte	(.L4-.L6)/2
ARM GAS  /tmp/ccQV6aPi.s 			page 4


 141 001e 1D       		.byte	(.L4-.L6)/2
 142 001f 1D       		.byte	(.L4-.L6)/2
 143 0020 6A       		.byte	(.L7-.L6)/2
 144 0021 1D       		.byte	(.L4-.L6)/2
 145 0022 1D       		.byte	(.L4-.L6)/2
 146 0023 1D       		.byte	(.L4-.L6)/2
 147 0024 1D       		.byte	(.L4-.L6)/2
 148 0025 1D       		.byte	(.L4-.L6)/2
 149 0026 1D       		.byte	(.L4-.L6)/2
 150 0027 1D       		.byte	(.L4-.L6)/2
 151 0028 7A       		.byte	(.L5-.L6)/2
 152 0029 00       		.p2align 1
 153              	.L12:
  13:Core/Src/menu.cpp ****     {
  14:Core/Src/menu.cpp ****         case MENU_HOME:
 154              		.loc 1 14 9 is_stmt 1 view .LVU11
  15:Core/Src/menu.cpp ****             sprintf(temp, "C:%.2s SQ:%.2s", ch,sq);
 155              		.loc 1 15 13 view .LVU12
 156              		.loc 1 15 20 is_stmt 0 view .LVU13
 157 002a 831C     		adds	r3, r0, #2
 158 002c 421D     		adds	r2, r0, #5
 159 002e 3E49     		ldr	r1, .L14
 160 0030 03A8     		add	r0, sp, #12
 161              	.LVL2:
 162              		.loc 1 15 20 view .LVU14
 163 0032 FFF7FEFF 		bl	sprintf
 164              	.LVL3:
  16:Core/Src/menu.cpp ****             oled1->oled_print(temp, Font_16x26, 0,19);
 165              		.loc 1 16 13 is_stmt 1 view .LVU15
 166              		.loc 1 16 30 is_stmt 0 view .LVU16
 167 0036 3D4B     		ldr	r3, .L14+4
 168 0038 1322     		movs	r2, #19
 169 003a 0192     		str	r2, [sp, #4]
 170 003c 0022     		movs	r2, #0
 171 003e 0092     		str	r2, [sp]
 172 0040 0CCB     		ldm	r3, {r2, r3}
 173 0042 03A9     		add	r1, sp, #12
 174 0044 2069     		ldr	r0, [r4, #16]
 175 0046 FFF7FEFF 		bl	_ZN4oled10oled_printEPc9FontDef_ttt
 176              	.LVL4:
 177              	.L4:
  17:Core/Src/menu.cpp ****             break; 
  18:Core/Src/menu.cpp ****         case MENU_CH:
  19:Core/Src/menu.cpp ****             sprintf(temp, "    CHAN    ");
  20:Core/Src/menu.cpp ****             oled1->oled_print(temp, Font_16x26, 0,19);
  21:Core/Src/menu.cpp ****             break;
  22:Core/Src/menu.cpp ****         case MENU_SQ:
  23:Core/Src/menu.cpp ****             sprintf(temp, "   SQUASH   ");
  24:Core/Src/menu.cpp ****             oled1->oled_print(temp, Font_16x26, 0,19);
  25:Core/Src/menu.cpp ****             break;
  26:Core/Src/menu.cpp ****         case MENU_TMO: //Display Timeout in seconds
  27:Core/Src/menu.cpp ****             sprintf(temp, " Disp TMO "); 
  28:Core/Src/menu.cpp ****             oled1->oled_print(temp, Font_16x26, 0,19);
  29:Core/Src/menu.cpp ****             break;
  30:Core/Src/menu.cpp ****         case MENU_CH_IN:
  31:Core/Src/menu.cpp ****             sprintf(temp, "   CH:%.2s   ",ch);
  32:Core/Src/menu.cpp ****             oled1->oled_print(temp,Font_16x26, 0,19);
ARM GAS  /tmp/ccQV6aPi.s 			page 5


  33:Core/Src/menu.cpp ****             break;
  34:Core/Src/menu.cpp ****         case MENU_SQ_IN:
  35:Core/Src/menu.cpp ****             sprintf(temp, "   SQ:%.2s   ",sq);
  36:Core/Src/menu.cpp ****             oled1->oled_print(temp, Font_16x26, 0,19);
  37:Core/Src/menu.cpp ****             break;
  38:Core/Src/menu.cpp ****         case MENU_TMO_IN:
  39:Core/Src/menu.cpp ****             sprintf(temp, "   DS:%.2s   ",tmo);
  40:Core/Src/menu.cpp ****             oled1->oled_print(temp, Font_16x26, 0,19);
  41:Core/Src/menu.cpp ****             break;
  42:Core/Src/menu.cpp ****         default:
  43:Core/Src/menu.cpp ****             break;
  44:Core/Src/menu.cpp ****     }
  45:Core/Src/menu.cpp ****     oled1->oled_print("menu  back", Font_11x18,0,46);   
 178              		.loc 1 45 5 is_stmt 1 view .LVU17
 179              		.loc 1 45 22 is_stmt 0 view .LVU18
 180 004a 394B     		ldr	r3, .L14+8
 181 004c 2E22     		movs	r2, #46
 182 004e 0192     		str	r2, [sp, #4]
 183 0050 0022     		movs	r2, #0
 184 0052 0092     		str	r2, [sp]
 185 0054 0CCB     		ldm	r3, {r2, r3}
 186 0056 3749     		ldr	r1, .L14+12
 187 0058 2069     		ldr	r0, [r4, #16]
 188 005a FFF7FEFF 		bl	_ZN4oled10oled_printEPc9FontDef_ttt
 189              	.LVL5:
  46:Core/Src/menu.cpp **** 
  47:Core/Src/menu.cpp **** }
 190              		.loc 1 47 1 view .LVU19
 191 005e 06B0     		add	sp, sp, #24
 192              	.LCFI4:
 193              		.cfi_remember_state
 194              		.cfi_def_cfa_offset 8
 195              		@ sp needed
 196 0060 10BD     		pop	{r4, pc}
 197              	.LVL6:
 198              	.L11:
 199              	.LCFI5:
 200              		.cfi_restore_state
  18:Core/Src/menu.cpp ****             sprintf(temp, "    CHAN    ");
 201              		.loc 1 18 9 is_stmt 1 view .LVU20
  19:Core/Src/menu.cpp ****             oled1->oled_print(temp, Font_16x26, 0,19);
 202              		.loc 1 19 13 view .LVU21
  19:Core/Src/menu.cpp ****             oled1->oled_print(temp, Font_16x26, 0,19);
 203              		.loc 1 19 20 is_stmt 0 view .LVU22
 204 0062 3549     		ldr	r1, .L14+16
 205 0064 03A8     		add	r0, sp, #12
 206              	.LVL7:
  19:Core/Src/menu.cpp ****             oled1->oled_print(temp, Font_16x26, 0,19);
 207              		.loc 1 19 20 view .LVU23
 208 0066 FFF7FEFF 		bl	sprintf
 209              	.LVL8:
  20:Core/Src/menu.cpp ****             break;
 210              		.loc 1 20 13 is_stmt 1 view .LVU24
  20:Core/Src/menu.cpp ****             break;
 211              		.loc 1 20 30 is_stmt 0 view .LVU25
 212 006a 304B     		ldr	r3, .L14+4
 213 006c 1322     		movs	r2, #19
ARM GAS  /tmp/ccQV6aPi.s 			page 6


 214 006e 0192     		str	r2, [sp, #4]
 215 0070 0022     		movs	r2, #0
 216 0072 0092     		str	r2, [sp]
 217 0074 0CCB     		ldm	r3, {r2, r3}
 218 0076 03A9     		add	r1, sp, #12
 219 0078 2069     		ldr	r0, [r4, #16]
 220 007a FFF7FEFF 		bl	_ZN4oled10oled_printEPc9FontDef_ttt
 221              	.LVL9:
 222 007e E4E7     		b	.L4
 223              	.LVL10:
 224              	.L10:
  22:Core/Src/menu.cpp ****             sprintf(temp, "   SQUASH   ");
 225              		.loc 1 22 9 is_stmt 1 view .LVU26
  23:Core/Src/menu.cpp ****             oled1->oled_print(temp, Font_16x26, 0,19);
 226              		.loc 1 23 13 view .LVU27
  23:Core/Src/menu.cpp ****             oled1->oled_print(temp, Font_16x26, 0,19);
 227              		.loc 1 23 20 is_stmt 0 view .LVU28
 228 0080 2E49     		ldr	r1, .L14+20
 229 0082 03A8     		add	r0, sp, #12
 230              	.LVL11:
  23:Core/Src/menu.cpp ****             oled1->oled_print(temp, Font_16x26, 0,19);
 231              		.loc 1 23 20 view .LVU29
 232 0084 FFF7FEFF 		bl	sprintf
 233              	.LVL12:
  24:Core/Src/menu.cpp ****             break;
 234              		.loc 1 24 13 is_stmt 1 view .LVU30
  24:Core/Src/menu.cpp ****             break;
 235              		.loc 1 24 30 is_stmt 0 view .LVU31
 236 0088 284B     		ldr	r3, .L14+4
 237 008a 1322     		movs	r2, #19
 238 008c 0192     		str	r2, [sp, #4]
 239 008e 0022     		movs	r2, #0
 240 0090 0092     		str	r2, [sp]
 241 0092 0CCB     		ldm	r3, {r2, r3}
 242 0094 03A9     		add	r1, sp, #12
 243 0096 2069     		ldr	r0, [r4, #16]
 244 0098 FFF7FEFF 		bl	_ZN4oled10oled_printEPc9FontDef_ttt
 245              	.LVL13:
 246 009c D5E7     		b	.L4
 247              	.LVL14:
 248              	.L9:
  26:Core/Src/menu.cpp ****             sprintf(temp, " Disp TMO "); 
 249              		.loc 1 26 9 is_stmt 1 view .LVU32
  27:Core/Src/menu.cpp ****             oled1->oled_print(temp, Font_16x26, 0,19);
 250              		.loc 1 27 13 view .LVU33
  27:Core/Src/menu.cpp ****             oled1->oled_print(temp, Font_16x26, 0,19);
 251              		.loc 1 27 20 is_stmt 0 view .LVU34
 252 009e 284A     		ldr	r2, .L14+24
 253 00a0 03AB     		add	r3, sp, #12
 254 00a2 07CA     		ldm	r2, {r0, r1, r2}
 255              	.LVL15:
  27:Core/Src/menu.cpp ****             oled1->oled_print(temp, Font_16x26, 0,19);
 256              		.loc 1 27 20 view .LVU35
 257 00a4 03C3     		stmia	r3!, {r0, r1}
 258 00a6 23F8022B 		strh	r2, [r3], #2	@ movhi
 259 00aa 120C     		lsrs	r2, r2, #16
 260 00ac 1A70     		strb	r2, [r3]
ARM GAS  /tmp/ccQV6aPi.s 			page 7


  28:Core/Src/menu.cpp ****             break;
 261              		.loc 1 28 13 is_stmt 1 view .LVU36
  28:Core/Src/menu.cpp ****             break;
 262              		.loc 1 28 30 is_stmt 0 view .LVU37
 263 00ae 1F4B     		ldr	r3, .L14+4
 264 00b0 1322     		movs	r2, #19
 265 00b2 0192     		str	r2, [sp, #4]
 266 00b4 0022     		movs	r2, #0
 267 00b6 0092     		str	r2, [sp]
 268 00b8 0CCB     		ldm	r3, {r2, r3}
 269 00ba 03A9     		add	r1, sp, #12
 270 00bc 2069     		ldr	r0, [r4, #16]
 271 00be FFF7FEFF 		bl	_ZN4oled10oled_printEPc9FontDef_ttt
 272              	.LVL16:
 273 00c2 C2E7     		b	.L4
 274              	.LVL17:
 275              	.L8:
  30:Core/Src/menu.cpp ****             sprintf(temp, "   CH:%.2s   ",ch);
 276              		.loc 1 30 9 is_stmt 1 view .LVU38
  31:Core/Src/menu.cpp ****             oled1->oled_print(temp,Font_16x26, 0,19);
 277              		.loc 1 31 13 view .LVU39
  31:Core/Src/menu.cpp ****             oled1->oled_print(temp,Font_16x26, 0,19);
 278              		.loc 1 31 20 is_stmt 0 view .LVU40
 279 00c4 421D     		adds	r2, r0, #5
 280 00c6 1F49     		ldr	r1, .L14+28
 281 00c8 03A8     		add	r0, sp, #12
 282              	.LVL18:
  31:Core/Src/menu.cpp ****             oled1->oled_print(temp,Font_16x26, 0,19);
 283              		.loc 1 31 20 view .LVU41
 284 00ca FFF7FEFF 		bl	sprintf
 285              	.LVL19:
  32:Core/Src/menu.cpp ****             break;
 286              		.loc 1 32 13 is_stmt 1 view .LVU42
  32:Core/Src/menu.cpp ****             break;
 287              		.loc 1 32 30 is_stmt 0 view .LVU43
 288 00ce 174B     		ldr	r3, .L14+4
 289 00d0 1322     		movs	r2, #19
 290 00d2 0192     		str	r2, [sp, #4]
 291 00d4 0022     		movs	r2, #0
 292 00d6 0092     		str	r2, [sp]
 293 00d8 0CCB     		ldm	r3, {r2, r3}
 294 00da 03A9     		add	r1, sp, #12
 295 00dc 2069     		ldr	r0, [r4, #16]
 296 00de FFF7FEFF 		bl	_ZN4oled10oled_printEPc9FontDef_ttt
 297              	.LVL20:
 298 00e2 B2E7     		b	.L4
 299              	.LVL21:
 300              	.L7:
  34:Core/Src/menu.cpp ****             sprintf(temp, "   SQ:%.2s   ",sq);
 301              		.loc 1 34 9 is_stmt 1 view .LVU44
  35:Core/Src/menu.cpp ****             oled1->oled_print(temp, Font_16x26, 0,19);
 302              		.loc 1 35 13 view .LVU45
  35:Core/Src/menu.cpp ****             oled1->oled_print(temp, Font_16x26, 0,19);
 303              		.loc 1 35 20 is_stmt 0 view .LVU46
 304 00e4 821C     		adds	r2, r0, #2
 305 00e6 1849     		ldr	r1, .L14+32
 306 00e8 03A8     		add	r0, sp, #12
ARM GAS  /tmp/ccQV6aPi.s 			page 8


 307              	.LVL22:
  35:Core/Src/menu.cpp ****             oled1->oled_print(temp, Font_16x26, 0,19);
 308              		.loc 1 35 20 view .LVU47
 309 00ea FFF7FEFF 		bl	sprintf
 310              	.LVL23:
  36:Core/Src/menu.cpp ****             break;
 311              		.loc 1 36 13 is_stmt 1 view .LVU48
  36:Core/Src/menu.cpp ****             break;
 312              		.loc 1 36 30 is_stmt 0 view .LVU49
 313 00ee 0F4B     		ldr	r3, .L14+4
 314 00f0 1322     		movs	r2, #19
 315 00f2 0192     		str	r2, [sp, #4]
 316 00f4 0022     		movs	r2, #0
 317 00f6 0092     		str	r2, [sp]
 318 00f8 0CCB     		ldm	r3, {r2, r3}
 319 00fa 03A9     		add	r1, sp, #12
 320 00fc 2069     		ldr	r0, [r4, #16]
 321 00fe FFF7FEFF 		bl	_ZN4oled10oled_printEPc9FontDef_ttt
 322              	.LVL24:
 323 0102 A2E7     		b	.L4
 324              	.LVL25:
 325              	.L5:
  38:Core/Src/menu.cpp ****             sprintf(temp, "   DS:%.2s   ",tmo);
 326              		.loc 1 38 9 is_stmt 1 view .LVU50
  39:Core/Src/menu.cpp ****             oled1->oled_print(temp, Font_16x26, 0,19);
 327              		.loc 1 39 13 view .LVU51
  39:Core/Src/menu.cpp ****             oled1->oled_print(temp, Font_16x26, 0,19);
 328              		.loc 1 39 20 is_stmt 0 view .LVU52
 329 0104 00F10B02 		add	r2, r0, #11
 330 0108 1049     		ldr	r1, .L14+36
 331 010a 03A8     		add	r0, sp, #12
 332              	.LVL26:
  39:Core/Src/menu.cpp ****             oled1->oled_print(temp, Font_16x26, 0,19);
 333              		.loc 1 39 20 view .LVU53
 334 010c FFF7FEFF 		bl	sprintf
 335              	.LVL27:
  40:Core/Src/menu.cpp ****             break;
 336              		.loc 1 40 13 is_stmt 1 view .LVU54
  40:Core/Src/menu.cpp ****             break;
 337              		.loc 1 40 30 is_stmt 0 view .LVU55
 338 0110 064B     		ldr	r3, .L14+4
 339 0112 1322     		movs	r2, #19
 340 0114 0192     		str	r2, [sp, #4]
 341 0116 0022     		movs	r2, #0
 342 0118 0092     		str	r2, [sp]
 343 011a 0CCB     		ldm	r3, {r2, r3}
 344 011c 03A9     		add	r1, sp, #12
 345 011e 2069     		ldr	r0, [r4, #16]
 346 0120 FFF7FEFF 		bl	_ZN4oled10oled_printEPc9FontDef_ttt
 347              	.LVL28:
 348 0124 91E7     		b	.L4
 349              	.L15:
 350 0126 00BF     		.align	2
 351              	.L14:
 352 0128 00000000 		.word	.LC0
 353 012c 00000000 		.word	Font_16x26
 354 0130 00000000 		.word	Font_11x18
ARM GAS  /tmp/ccQV6aPi.s 			page 9


 355 0134 6C000000 		.word	.LC7
 356 0138 10000000 		.word	.LC1
 357 013c 20000000 		.word	.LC2
 358 0140 30000000 		.word	.LC3
 359 0144 3C000000 		.word	.LC4
 360 0148 4C000000 		.word	.LC5
 361 014c 5C000000 		.word	.LC6
 362              		.cfi_endproc
 363              	.LFE141:
 364              		.fnend
 366              		.section	.text._ZN4menu7menu_okEv,"ax",%progbits
 367              		.align	1
 368              		.global	_ZN4menu7menu_okEv
 369              		.syntax unified
 370              		.thumb
 371              		.thumb_func
 372              		.fpu fpv4-sp-d16
 374              	_ZN4menu7menu_okEv:
 375              		.fnstart
 376              	.LVL29:
 377              	.LFB142:
  48:Core/Src/menu.cpp **** 
  49:Core/Src/menu.cpp **** void menu::menu_ok()
  50:Core/Src/menu.cpp **** {
 378              		.loc 1 50 1 is_stmt 1 view -0
 379              		.cfi_startproc
 380              		@ args = 0, pretend = 0, frame = 0
 381              		@ frame_needed = 0, uses_anonymous_args = 0
 382              		.loc 1 50 1 is_stmt 0 view .LVU57
 383 0000 38B5     		push	{r3, r4, r5, lr}
 384              		.save {r3, r4, r5, lr}
 385              	.LCFI6:
 386              		.cfi_def_cfa_offset 16
 387              		.cfi_offset 3, -16
 388              		.cfi_offset 4, -12
 389              		.cfi_offset 5, -8
 390              		.cfi_offset 14, -4
 391 0002 0446     		mov	r4, r0
  51:Core/Src/menu.cpp ****     if(oled1->oled_isOledOn()) //If the oled is on reset the timer
 392              		.loc 1 51 5 is_stmt 1 view .LVU58
 393              		.loc 1 51 28 is_stmt 0 view .LVU59
 394 0004 0069     		ldr	r0, [r0, #16]
 395              	.LVL30:
 396              		.loc 1 51 28 view .LVU60
 397 0006 FFF7FEFF 		bl	_ZN4oled13oled_isOledOnEv
 398              	.LVL31:
 399              		.loc 1 51 5 view .LVU61
 400 000a A0B1     		cbz	r0, .L17
  52:Core/Src/menu.cpp ****     {
  53:Core/Src/menu.cpp ****         oled1->oled_resetTimer();
 401              		.loc 1 53 9 is_stmt 1 view .LVU62
 402              		.loc 1 53 31 is_stmt 0 view .LVU63
 403 000c 2069     		ldr	r0, [r4, #16]
 404 000e FFF7FEFF 		bl	_ZN4oled15oled_resetTimerEv
 405              	.LVL32:
 406              	.L18:
  54:Core/Src/menu.cpp ****     }
ARM GAS  /tmp/ccQV6aPi.s 			page 10


  55:Core/Src/menu.cpp ****     else
  56:Core/Src/menu.cpp ****     {
  57:Core/Src/menu.cpp ****         oled1->oled_on();
  58:Core/Src/menu.cpp ****     }
  59:Core/Src/menu.cpp **** 
  60:Core/Src/menu.cpp ****     switch (menu_value) //TODO: Maybe we could optimize the performance on this but low priority 
 407              		.loc 1 60 5 is_stmt 1 view .LVU64
 408              		.loc 1 60 13 is_stmt 0 view .LVU65
 409 0012 2378     		ldrb	r3, [r4]	@ zero_extendqisi2
 410 0014 013B     		subs	r3, r3, #1
 411 0016 172B     		cmp	r3, #23
 412 0018 13D8     		bhi	.L16
 413 001a DFE803F0 		tbb	[pc, r3]
 414              	.L21:
 415 001e 10       		.byte	(.L26-.L21)/2
 416 001f 13       		.byte	(.L25-.L21)/2
 417 0020 16       		.byte	(.L24-.L21)/2
 418 0021 12       		.byte	(.L16-.L21)/2
 419 0022 12       		.byte	(.L16-.L21)/2
 420 0023 12       		.byte	(.L16-.L21)/2
 421 0024 12       		.byte	(.L16-.L21)/2
 422 0025 19       		.byte	(.L23-.L21)/2
 423 0026 12       		.byte	(.L16-.L21)/2
 424 0027 12       		.byte	(.L16-.L21)/2
 425 0028 12       		.byte	(.L16-.L21)/2
 426 0029 12       		.byte	(.L16-.L21)/2
 427 002a 12       		.byte	(.L16-.L21)/2
 428 002b 12       		.byte	(.L16-.L21)/2
 429 002c 12       		.byte	(.L16-.L21)/2
 430 002d 26       		.byte	(.L22-.L21)/2
 431 002e 12       		.byte	(.L16-.L21)/2
 432 002f 12       		.byte	(.L16-.L21)/2
 433 0030 12       		.byte	(.L16-.L21)/2
 434 0031 12       		.byte	(.L16-.L21)/2
 435 0032 12       		.byte	(.L16-.L21)/2
 436 0033 12       		.byte	(.L16-.L21)/2
 437 0034 12       		.byte	(.L16-.L21)/2
 438 0035 33       		.byte	(.L20-.L21)/2
 439              		.p2align 1
 440              	.L17:
  57:Core/Src/menu.cpp ****     }
 441              		.loc 1 57 9 is_stmt 1 view .LVU66
  57:Core/Src/menu.cpp ****     }
 442              		.loc 1 57 23 is_stmt 0 view .LVU67
 443 0036 2069     		ldr	r0, [r4, #16]
 444 0038 FFF7FEFF 		bl	_ZN4oled7oled_onEv
 445              	.LVL33:
 446 003c E9E7     		b	.L18
 447              	.L26:
  61:Core/Src/menu.cpp ****     {
  62:Core/Src/menu.cpp ****     case MENU_HOME:
  63:Core/Src/menu.cpp ****         break;
  64:Core/Src/menu.cpp ****     case MENU_CH:
 448              		.loc 1 64 5 is_stmt 1 view .LVU68
  65:Core/Src/menu.cpp ****         menu_value=MENU_CH_IN;
 449              		.loc 1 65 9 view .LVU69
 450              		.loc 1 65 19 is_stmt 0 view .LVU70
ARM GAS  /tmp/ccQV6aPi.s 			page 11


 451 003e 0823     		movs	r3, #8
 452 0040 2370     		strb	r3, [r4]
  66:Core/Src/menu.cpp ****         break;
 453              		.loc 1 66 9 is_stmt 1 view .LVU71
 454              	.L16:
  67:Core/Src/menu.cpp ****     case MENU_SQ:
  68:Core/Src/menu.cpp ****         menu_value=MENU_SQ_IN;
  69:Core/Src/menu.cpp ****         break;
  70:Core/Src/menu.cpp ****     case MENU_TMO:
  71:Core/Src/menu.cpp ****         menu_value=MENU_TMO_IN;
  72:Core/Src/menu.cpp ****         break;
  73:Core/Src/menu.cpp ****     case MENU_CH_IN:
  74:Core/Src/menu.cpp ****         cursorOn^=1;//switch the state of the cursor
  75:Core/Src/menu.cpp ****         if(!cursorOn)
  76:Core/Src/menu.cpp ****         {
  77:Core/Src/menu.cpp ****             chVal=atoi(ch);
  78:Core/Src/menu.cpp ****             cursorPos=0;
  79:Core/Src/menu.cpp ****             //TODO:Call the Modules set channel 
  80:Core/Src/menu.cpp ****         }
  81:Core/Src/menu.cpp ****         break;
  82:Core/Src/menu.cpp ****     case MENU_SQ_IN:
  83:Core/Src/menu.cpp ****         cursorOn^=1;
  84:Core/Src/menu.cpp ****         if(!cursorOn)
  85:Core/Src/menu.cpp ****         {
  86:Core/Src/menu.cpp ****             chVal=atoi(sq);
  87:Core/Src/menu.cpp ****             cursorPos=0; //reset the cursor positon
  88:Core/Src/menu.cpp ****             //TODO:Call the Modules set squash function
  89:Core/Src/menu.cpp ****         }
  90:Core/Src/menu.cpp ****         break;
  91:Core/Src/menu.cpp ****     case MENU_TMO_IN:
  92:Core/Src/menu.cpp ****         cursorOn%=1;
  93:Core/Src/menu.cpp ****         if(!cursorOn)
  94:Core/Src/menu.cpp ****         {
  95:Core/Src/menu.cpp ****             tmoVal=atoi(tmo); //OK is meant to set the value
  96:Core/Src/menu.cpp ****             cursorPos=0;
  97:Core/Src/menu.cpp ****             //TODO:Implement the display timer and use tmoVal to modify the prescaler
  98:Core/Src/menu.cpp ****         }
  99:Core/Src/menu.cpp ****         break;
 100:Core/Src/menu.cpp **** 
 101:Core/Src/menu.cpp ****     default:
 102:Core/Src/menu.cpp ****         break;
 103:Core/Src/menu.cpp ****     }
 104:Core/Src/menu.cpp **** 
 105:Core/Src/menu.cpp ****     
 106:Core/Src/menu.cpp **** }
 455              		.loc 1 106 1 is_stmt 0 view .LVU72
 456 0042 38BD     		pop	{r3, r4, r5, pc}
 457              	.LVL34:
 458              	.L25:
  67:Core/Src/menu.cpp ****     case MENU_SQ:
 459              		.loc 1 67 5 is_stmt 1 view .LVU73
  68:Core/Src/menu.cpp ****         break;
 460              		.loc 1 68 9 view .LVU74
  68:Core/Src/menu.cpp ****         break;
 461              		.loc 1 68 19 is_stmt 0 view .LVU75
 462 0044 1023     		movs	r3, #16
 463 0046 2370     		strb	r3, [r4]
ARM GAS  /tmp/ccQV6aPi.s 			page 12


  69:Core/Src/menu.cpp ****     case MENU_TMO:
 464              		.loc 1 69 9 is_stmt 1 view .LVU76
 465 0048 FBE7     		b	.L16
 466              	.L24:
  70:Core/Src/menu.cpp ****         menu_value=MENU_TMO_IN;
 467              		.loc 1 70 5 view .LVU77
  71:Core/Src/menu.cpp ****         break;
 468              		.loc 1 71 9 view .LVU78
  71:Core/Src/menu.cpp ****         break;
 469              		.loc 1 71 19 is_stmt 0 view .LVU79
 470 004a 1823     		movs	r3, #24
 471 004c 2370     		strb	r3, [r4]
  72:Core/Src/menu.cpp ****     case MENU_CH_IN:
 472              		.loc 1 72 9 is_stmt 1 view .LVU80
 473 004e F8E7     		b	.L16
 474              	.L23:
  73:Core/Src/menu.cpp ****         cursorOn^=1;//switch the state of the cursor
 475              		.loc 1 73 5 view .LVU81
  74:Core/Src/menu.cpp ****         if(!cursorOn)
 476              		.loc 1 74 9 view .LVU82
  74:Core/Src/menu.cpp ****         if(!cursorOn)
 477              		.loc 1 74 17 is_stmt 0 view .LVU83
 478 0050 E37B     		ldrb	r3, [r4, #15]	@ zero_extendqisi2
 479 0052 83F00103 		eor	r3, r3, #1
 480 0056 E373     		strb	r3, [r4, #15]
  75:Core/Src/menu.cpp ****         {
 481              		.loc 1 75 9 is_stmt 1 view .LVU84
 482 0058 002B     		cmp	r3, #0
 483 005a F2D1     		bne	.L16
  77:Core/Src/menu.cpp ****             cursorPos=0;
 484              		.loc 1 77 13 view .LVU85
  77:Core/Src/menu.cpp ****             cursorPos=0;
 485              		.loc 1 77 23 is_stmt 0 view .LVU86
 486 005c 601D     		adds	r0, r4, #5
 487 005e FFF7FEFF 		bl	atoi
 488              	.LVL35:
  77:Core/Src/menu.cpp ****             cursorPos=0;
 489              		.loc 1 77 18 view .LVU87
 490 0062 E071     		strb	r0, [r4, #7]
  78:Core/Src/menu.cpp ****             //TODO:Call the Modules set channel 
 491              		.loc 1 78 13 is_stmt 1 view .LVU88
  78:Core/Src/menu.cpp ****             //TODO:Call the Modules set channel 
 492              		.loc 1 78 22 is_stmt 0 view .LVU89
 493 0064 0023     		movs	r3, #0
 494 0066 A373     		strb	r3, [r4, #14]
 495 0068 EBE7     		b	.L16
 496              	.L22:
  82:Core/Src/menu.cpp ****         cursorOn^=1;
 497              		.loc 1 82 5 is_stmt 1 view .LVU90
  83:Core/Src/menu.cpp ****         if(!cursorOn)
 498              		.loc 1 83 9 view .LVU91
  83:Core/Src/menu.cpp ****         if(!cursorOn)
 499              		.loc 1 83 17 is_stmt 0 view .LVU92
 500 006a E37B     		ldrb	r3, [r4, #15]	@ zero_extendqisi2
 501 006c 83F00103 		eor	r3, r3, #1
 502 0070 E373     		strb	r3, [r4, #15]
  84:Core/Src/menu.cpp ****         {
ARM GAS  /tmp/ccQV6aPi.s 			page 13


 503              		.loc 1 84 9 is_stmt 1 view .LVU93
 504 0072 002B     		cmp	r3, #0
 505 0074 E5D1     		bne	.L16
  86:Core/Src/menu.cpp ****             cursorPos=0; //reset the cursor positon
 506              		.loc 1 86 13 view .LVU94
  86:Core/Src/menu.cpp ****             cursorPos=0; //reset the cursor positon
 507              		.loc 1 86 23 is_stmt 0 view .LVU95
 508 0076 A01C     		adds	r0, r4, #2
 509 0078 FFF7FEFF 		bl	atoi
 510              	.LVL36:
  86:Core/Src/menu.cpp ****             cursorPos=0; //reset the cursor positon
 511              		.loc 1 86 18 view .LVU96
 512 007c E071     		strb	r0, [r4, #7]
  87:Core/Src/menu.cpp ****             //TODO:Call the Modules set squash function
 513              		.loc 1 87 13 is_stmt 1 view .LVU97
  87:Core/Src/menu.cpp ****             //TODO:Call the Modules set squash function
 514              		.loc 1 87 22 is_stmt 0 view .LVU98
 515 007e 0023     		movs	r3, #0
 516 0080 A373     		strb	r3, [r4, #14]
 517 0082 DEE7     		b	.L16
 518              	.L20:
  91:Core/Src/menu.cpp ****         cursorOn%=1;
 519              		.loc 1 91 5 is_stmt 1 view .LVU99
  92:Core/Src/menu.cpp ****         if(!cursorOn)
 520              		.loc 1 92 9 view .LVU100
  92:Core/Src/menu.cpp ****         if(!cursorOn)
 521              		.loc 1 92 17 is_stmt 0 view .LVU101
 522 0084 0025     		movs	r5, #0
 523 0086 E573     		strb	r5, [r4, #15]
  93:Core/Src/menu.cpp ****         {
 524              		.loc 1 93 9 is_stmt 1 view .LVU102
  95:Core/Src/menu.cpp ****             cursorPos=0;
 525              		.loc 1 95 13 view .LVU103
  95:Core/Src/menu.cpp ****             cursorPos=0;
 526              		.loc 1 95 24 is_stmt 0 view .LVU104
 527 0088 04F10B00 		add	r0, r4, #11
 528 008c FFF7FEFF 		bl	atoi
 529              	.LVL37:
  95:Core/Src/menu.cpp ****             cursorPos=0;
 530              		.loc 1 95 19 view .LVU105
 531 0090 6073     		strb	r0, [r4, #13]
  96:Core/Src/menu.cpp ****             //TODO:Implement the display timer and use tmoVal to modify the prescaler
 532              		.loc 1 96 13 is_stmt 1 view .LVU106
  96:Core/Src/menu.cpp ****             //TODO:Implement the display timer and use tmoVal to modify the prescaler
 533              		.loc 1 96 22 is_stmt 0 view .LVU107
 534 0092 A573     		strb	r5, [r4, #14]
 535              		.loc 1 106 1 view .LVU108
 536 0094 D5E7     		b	.L16
 537              		.cfi_endproc
 538              	.LFE142:
 539              		.fnend
 541              		.section	.text._ZN4menu9menu_nextEv,"ax",%progbits
 542              		.align	1
 543              		.global	_ZN4menu9menu_nextEv
 544              		.syntax unified
 545              		.thumb
 546              		.thumb_func
ARM GAS  /tmp/ccQV6aPi.s 			page 14


 547              		.fpu fpv4-sp-d16
 549              	_ZN4menu9menu_nextEv:
 550              		.fnstart
 551              	.LVL38:
 552              	.LFB143:
 107:Core/Src/menu.cpp **** 
 108:Core/Src/menu.cpp **** void menu::menu_next()
 109:Core/Src/menu.cpp **** {
 553              		.loc 1 109 1 is_stmt 1 view -0
 554              		.cfi_startproc
 555              		@ args = 0, pretend = 0, frame = 0
 556              		@ frame_needed = 0, uses_anonymous_args = 0
 557              		.loc 1 109 1 is_stmt 0 view .LVU110
 558 0000 10B5     		push	{r4, lr}
 559              		.save {r4, lr}
 560              	.LCFI7:
 561              		.cfi_def_cfa_offset 8
 562              		.cfi_offset 4, -8
 563              		.cfi_offset 14, -4
 564 0002 0446     		mov	r4, r0
 110:Core/Src/menu.cpp ****     if(oled1->oled_isOledOn()) //If the oled is on reset the timer
 565              		.loc 1 110 5 is_stmt 1 view .LVU111
 566              		.loc 1 110 28 is_stmt 0 view .LVU112
 567 0004 0069     		ldr	r0, [r0, #16]
 568              	.LVL39:
 569              		.loc 1 110 28 view .LVU113
 570 0006 FFF7FEFF 		bl	_ZN4oled13oled_isOledOnEv
 571              	.LVL40:
 572              		.loc 1 110 5 view .LVU114
 573 000a 88B9     		cbnz	r0, .L38
 574              	.L29:
 111:Core/Src/menu.cpp ****     {
 112:Core/Src/menu.cpp ****         oled1->oled_resetTimer();
 113:Core/Src/menu.cpp ****     }
 114:Core/Src/menu.cpp ****     switch (menu_value)
 575              		.loc 1 114 5 is_stmt 1 view .LVU115
 576              		.loc 1 114 13 is_stmt 0 view .LVU116
 577 000c 2378     		ldrb	r3, [r4]	@ zero_extendqisi2
 578 000e 013B     		subs	r3, r3, #1
 579 0010 172B     		cmp	r3, #23
 580 0012 1AD8     		bhi	.L28
 581 0014 DFE803F0 		tbb	[pc, r3]
 582              	.L32:
 583 0018 10       		.byte	(.L36-.L32)/2
 584 0019 13       		.byte	(.L35-.L32)/2
 585 001a 13       		.byte	(.L35-.L32)/2
 586 001b 19       		.byte	(.L28-.L32)/2
 587 001c 19       		.byte	(.L28-.L32)/2
 588 001d 19       		.byte	(.L28-.L32)/2
 589 001e 19       		.byte	(.L28-.L32)/2
 590 001f 15       		.byte	(.L34-.L32)/2
 591 0020 19       		.byte	(.L28-.L32)/2
 592 0021 19       		.byte	(.L28-.L32)/2
 593 0022 19       		.byte	(.L28-.L32)/2
 594 0023 19       		.byte	(.L28-.L32)/2
 595 0024 19       		.byte	(.L28-.L32)/2
 596 0025 19       		.byte	(.L28-.L32)/2
ARM GAS  /tmp/ccQV6aPi.s 			page 15


 597 0026 19       		.byte	(.L28-.L32)/2
 598 0027 1A       		.byte	(.L33-.L32)/2
 599 0028 19       		.byte	(.L28-.L32)/2
 600 0029 19       		.byte	(.L28-.L32)/2
 601 002a 19       		.byte	(.L28-.L32)/2
 602 002b 19       		.byte	(.L28-.L32)/2
 603 002c 19       		.byte	(.L28-.L32)/2
 604 002d 19       		.byte	(.L28-.L32)/2
 605 002e 19       		.byte	(.L28-.L32)/2
 606 002f 1F       		.byte	(.L31-.L32)/2
 607              		.p2align 1
 608              	.L38:
 112:Core/Src/menu.cpp ****     }
 609              		.loc 1 112 9 is_stmt 1 view .LVU117
 112:Core/Src/menu.cpp ****     }
 610              		.loc 1 112 31 is_stmt 0 view .LVU118
 611 0030 2069     		ldr	r0, [r4, #16]
 612 0032 FFF7FEFF 		bl	_ZN4oled15oled_resetTimerEv
 613              	.LVL41:
 614 0036 E9E7     		b	.L29
 615              	.L36:
 115:Core/Src/menu.cpp ****     {
 116:Core/Src/menu.cpp ****     case MENU_HOME:
 117:Core/Src/menu.cpp ****         break;
 118:Core/Src/menu.cpp ****     case MENU_CH:
 616              		.loc 1 118 5 is_stmt 1 view .LVU119
 119:Core/Src/menu.cpp ****         menu_value=MENU_SQ;
 617              		.loc 1 119 9 view .LVU120
 618              		.loc 1 119 19 is_stmt 0 view .LVU121
 619 0038 0223     		movs	r3, #2
 620 003a 2370     		strb	r3, [r4]
 120:Core/Src/menu.cpp ****         break;
 621              		.loc 1 120 9 is_stmt 1 view .LVU122
 622 003c 05E0     		b	.L28
 623              	.L35:
 121:Core/Src/menu.cpp ****     case MENU_SQ:
 122:Core/Src/menu.cpp ****         menu_value=MENU_TMO;
 123:Core/Src/menu.cpp ****     case MENU_TMO:
 624              		.loc 1 123 5 view .LVU123
 124:Core/Src/menu.cpp ****         menu_value=MENU_CH;
 625              		.loc 1 124 9 view .LVU124
 626              		.loc 1 124 19 is_stmt 0 view .LVU125
 627 003e 0123     		movs	r3, #1
 628 0040 2370     		strb	r3, [r4]
 629              	.L34:
 125:Core/Src/menu.cpp ****     case MENU_CH_IN:
 630              		.loc 1 125 5 is_stmt 1 view .LVU126
 126:Core/Src/menu.cpp ****         cursorPos^=cursorOn; // If the cursor is on switch position
 631              		.loc 1 126 9 view .LVU127
 632              		.loc 1 126 20 is_stmt 0 view .LVU128
 633 0042 E37B     		ldrb	r3, [r4, #15]	@ zero_extendqisi2
 634              		.loc 1 126 18 view .LVU129
 635 0044 A27B     		ldrb	r2, [r4, #14]	@ zero_extendqisi2
 636 0046 5340     		eors	r3, r3, r2
 637 0048 A373     		strb	r3, [r4, #14]
 127:Core/Src/menu.cpp ****         break;
 638              		.loc 1 127 9 is_stmt 1 view .LVU130
ARM GAS  /tmp/ccQV6aPi.s 			page 16


 639              	.L28:
 128:Core/Src/menu.cpp ****     case MENU_SQ_IN:
 129:Core/Src/menu.cpp ****         cursorPos^=cursorOn;//TODO: Add a Draw cursor function 
 130:Core/Src/menu.cpp ****         break;
 131:Core/Src/menu.cpp ****     case MENU_TMO_IN:
 132:Core/Src/menu.cpp ****         cursorPos^=cursorOn;
 133:Core/Src/menu.cpp ****         break;
 134:Core/Src/menu.cpp **** 
 135:Core/Src/menu.cpp ****     default:
 136:Core/Src/menu.cpp ****         break;
 137:Core/Src/menu.cpp ****     }
 138:Core/Src/menu.cpp **** }
 640              		.loc 1 138 1 is_stmt 0 view .LVU131
 641 004a 10BD     		pop	{r4, pc}
 642              	.LVL42:
 643              	.L33:
 128:Core/Src/menu.cpp ****     case MENU_SQ_IN:
 644              		.loc 1 128 5 is_stmt 1 view .LVU132
 129:Core/Src/menu.cpp ****         break;
 645              		.loc 1 129 9 view .LVU133
 129:Core/Src/menu.cpp ****         break;
 646              		.loc 1 129 20 is_stmt 0 view .LVU134
 647 004c E37B     		ldrb	r3, [r4, #15]	@ zero_extendqisi2
 129:Core/Src/menu.cpp ****         break;
 648              		.loc 1 129 18 view .LVU135
 649 004e A27B     		ldrb	r2, [r4, #14]	@ zero_extendqisi2
 650 0050 5340     		eors	r3, r3, r2
 651 0052 A373     		strb	r3, [r4, #14]
 130:Core/Src/menu.cpp ****     case MENU_TMO_IN:
 652              		.loc 1 130 9 is_stmt 1 view .LVU136
 653 0054 F9E7     		b	.L28
 654              	.L31:
 131:Core/Src/menu.cpp ****         cursorPos^=cursorOn;
 655              		.loc 1 131 5 view .LVU137
 132:Core/Src/menu.cpp ****         break;
 656              		.loc 1 132 9 view .LVU138
 132:Core/Src/menu.cpp ****         break;
 657              		.loc 1 132 20 is_stmt 0 view .LVU139
 658 0056 E37B     		ldrb	r3, [r4, #15]	@ zero_extendqisi2
 132:Core/Src/menu.cpp ****         break;
 659              		.loc 1 132 18 view .LVU140
 660 0058 A27B     		ldrb	r2, [r4, #14]	@ zero_extendqisi2
 661 005a 5340     		eors	r3, r3, r2
 662 005c A373     		strb	r3, [r4, #14]
 133:Core/Src/menu.cpp **** 
 663              		.loc 1 133 9 is_stmt 1 view .LVU141
 664              		.loc 1 138 1 is_stmt 0 view .LVU142
 665 005e F4E7     		b	.L28
 666              		.cfi_endproc
 667              	.LFE143:
 668              		.fnend
 670              		.section	.text._ZN4menu9menu_prevEv,"ax",%progbits
 671              		.align	1
 672              		.global	_ZN4menu9menu_prevEv
 673              		.syntax unified
 674              		.thumb
 675              		.thumb_func
ARM GAS  /tmp/ccQV6aPi.s 			page 17


 676              		.fpu fpv4-sp-d16
 678              	_ZN4menu9menu_prevEv:
 679              		.fnstart
 680              	.LVL43:
 681              	.LFB144:
 139:Core/Src/menu.cpp **** 
 140:Core/Src/menu.cpp **** void menu::menu_prev()
 141:Core/Src/menu.cpp **** {
 682              		.loc 1 141 1 is_stmt 1 view -0
 683              		.cfi_startproc
 684              		@ args = 0, pretend = 0, frame = 0
 685              		@ frame_needed = 0, uses_anonymous_args = 0
 686              		.loc 1 141 1 is_stmt 0 view .LVU144
 687 0000 10B5     		push	{r4, lr}
 688              		.save {r4, lr}
 689              	.LCFI8:
 690              		.cfi_def_cfa_offset 8
 691              		.cfi_offset 4, -8
 692              		.cfi_offset 14, -4
 693 0002 0446     		mov	r4, r0
 142:Core/Src/menu.cpp ****     if(oled1->oled_isOledOn()) //If the oled is on reset the timer
 694              		.loc 1 142 5 is_stmt 1 view .LVU145
 695              		.loc 1 142 28 is_stmt 0 view .LVU146
 696 0004 0069     		ldr	r0, [r0, #16]
 697              	.LVL44:
 698              		.loc 1 142 28 view .LVU147
 699 0006 FFF7FEFF 		bl	_ZN4oled13oled_isOledOnEv
 700              	.LVL45:
 701              		.loc 1 142 5 view .LVU148
 702 000a 88B9     		cbnz	r0, .L49
 703              	.L40:
 143:Core/Src/menu.cpp ****     {
 144:Core/Src/menu.cpp ****         oled1->oled_resetTimer();
 145:Core/Src/menu.cpp ****     }
 146:Core/Src/menu.cpp ****     switch (menu_value)
 704              		.loc 1 146 5 is_stmt 1 view .LVU149
 705              		.loc 1 146 13 is_stmt 0 view .LVU150
 706 000c 2378     		ldrb	r3, [r4]	@ zero_extendqisi2
 707 000e 013B     		subs	r3, r3, #1
 708 0010 172B     		cmp	r3, #23
 709 0012 1AD8     		bhi	.L39
 710 0014 DFE803F0 		tbb	[pc, r3]
 711              	.L43:
 712 0018 10       		.byte	(.L47-.L43)/2
 713 0019 13       		.byte	(.L46-.L43)/2
 714 001a 13       		.byte	(.L46-.L43)/2
 715 001b 19       		.byte	(.L39-.L43)/2
 716 001c 19       		.byte	(.L39-.L43)/2
 717 001d 19       		.byte	(.L39-.L43)/2
 718 001e 19       		.byte	(.L39-.L43)/2
 719 001f 15       		.byte	(.L45-.L43)/2
 720 0020 19       		.byte	(.L39-.L43)/2
 721 0021 19       		.byte	(.L39-.L43)/2
 722 0022 19       		.byte	(.L39-.L43)/2
 723 0023 19       		.byte	(.L39-.L43)/2
 724 0024 19       		.byte	(.L39-.L43)/2
 725 0025 19       		.byte	(.L39-.L43)/2
ARM GAS  /tmp/ccQV6aPi.s 			page 18


 726 0026 19       		.byte	(.L39-.L43)/2
 727 0027 1A       		.byte	(.L44-.L43)/2
 728 0028 19       		.byte	(.L39-.L43)/2
 729 0029 19       		.byte	(.L39-.L43)/2
 730 002a 19       		.byte	(.L39-.L43)/2
 731 002b 19       		.byte	(.L39-.L43)/2
 732 002c 19       		.byte	(.L39-.L43)/2
 733 002d 19       		.byte	(.L39-.L43)/2
 734 002e 19       		.byte	(.L39-.L43)/2
 735 002f 1F       		.byte	(.L42-.L43)/2
 736              		.p2align 1
 737              	.L49:
 144:Core/Src/menu.cpp ****     }
 738              		.loc 1 144 9 is_stmt 1 view .LVU151
 144:Core/Src/menu.cpp ****     }
 739              		.loc 1 144 31 is_stmt 0 view .LVU152
 740 0030 2069     		ldr	r0, [r4, #16]
 741 0032 FFF7FEFF 		bl	_ZN4oled15oled_resetTimerEv
 742              	.LVL46:
 743 0036 E9E7     		b	.L40
 744              	.L47:
 147:Core/Src/menu.cpp ****     {
 148:Core/Src/menu.cpp ****     case MENU_HOME:
 149:Core/Src/menu.cpp ****         break;
 150:Core/Src/menu.cpp ****     case MENU_CH:
 745              		.loc 1 150 5 is_stmt 1 view .LVU153
 151:Core/Src/menu.cpp ****         menu_value=MENU_TMO;
 746              		.loc 1 151 9 view .LVU154
 747              		.loc 1 151 19 is_stmt 0 view .LVU155
 748 0038 0323     		movs	r3, #3
 749 003a 2370     		strb	r3, [r4]
 152:Core/Src/menu.cpp ****         break;
 750              		.loc 1 152 9 is_stmt 1 view .LVU156
 751 003c 05E0     		b	.L39
 752              	.L46:
 153:Core/Src/menu.cpp ****     case MENU_SQ:
 154:Core/Src/menu.cpp ****         menu_value=MENU_CH;
 155:Core/Src/menu.cpp ****     case MENU_TMO:
 753              		.loc 1 155 5 view .LVU157
 156:Core/Src/menu.cpp ****         menu_value=MENU_SQ;
 754              		.loc 1 156 9 view .LVU158
 755              		.loc 1 156 19 is_stmt 0 view .LVU159
 756 003e 0223     		movs	r3, #2
 757 0040 2370     		strb	r3, [r4]
 758              	.L45:
 157:Core/Src/menu.cpp ****     case MENU_CH_IN:
 759              		.loc 1 157 5 is_stmt 1 view .LVU160
 158:Core/Src/menu.cpp ****         cursorPos^=cursorOn; 
 760              		.loc 1 158 9 view .LVU161
 761              		.loc 1 158 20 is_stmt 0 view .LVU162
 762 0042 E37B     		ldrb	r3, [r4, #15]	@ zero_extendqisi2
 763              		.loc 1 158 18 view .LVU163
 764 0044 A27B     		ldrb	r2, [r4, #14]	@ zero_extendqisi2
 765 0046 5340     		eors	r3, r3, r2
 766 0048 A373     		strb	r3, [r4, #14]
 159:Core/Src/menu.cpp ****         break;
 767              		.loc 1 159 9 is_stmt 1 view .LVU164
ARM GAS  /tmp/ccQV6aPi.s 			page 19


 768              	.L39:
 160:Core/Src/menu.cpp ****     case MENU_SQ_IN:
 161:Core/Src/menu.cpp ****         cursorPos^=cursorOn;
 162:Core/Src/menu.cpp ****         break;
 163:Core/Src/menu.cpp ****     case MENU_TMO_IN:
 164:Core/Src/menu.cpp ****         cursorPos^=cursorOn;
 165:Core/Src/menu.cpp ****         break;
 166:Core/Src/menu.cpp **** 
 167:Core/Src/menu.cpp ****     default:
 168:Core/Src/menu.cpp ****         break;
 169:Core/Src/menu.cpp ****     }
 170:Core/Src/menu.cpp **** }
 769              		.loc 1 170 1 is_stmt 0 view .LVU165
 770 004a 10BD     		pop	{r4, pc}
 771              	.LVL47:
 772              	.L44:
 160:Core/Src/menu.cpp ****     case MENU_SQ_IN:
 773              		.loc 1 160 5 is_stmt 1 view .LVU166
 161:Core/Src/menu.cpp ****         break;
 774              		.loc 1 161 9 view .LVU167
 161:Core/Src/menu.cpp ****         break;
 775              		.loc 1 161 20 is_stmt 0 view .LVU168
 776 004c E37B     		ldrb	r3, [r4, #15]	@ zero_extendqisi2
 161:Core/Src/menu.cpp ****         break;
 777              		.loc 1 161 18 view .LVU169
 778 004e A27B     		ldrb	r2, [r4, #14]	@ zero_extendqisi2
 779 0050 5340     		eors	r3, r3, r2
 780 0052 A373     		strb	r3, [r4, #14]
 162:Core/Src/menu.cpp ****     case MENU_TMO_IN:
 781              		.loc 1 162 9 is_stmt 1 view .LVU170
 782 0054 F9E7     		b	.L39
 783              	.L42:
 163:Core/Src/menu.cpp ****         cursorPos^=cursorOn;
 784              		.loc 1 163 5 view .LVU171
 164:Core/Src/menu.cpp ****         break;
 785              		.loc 1 164 9 view .LVU172
 164:Core/Src/menu.cpp ****         break;
 786              		.loc 1 164 20 is_stmt 0 view .LVU173
 787 0056 E37B     		ldrb	r3, [r4, #15]	@ zero_extendqisi2
 164:Core/Src/menu.cpp ****         break;
 788              		.loc 1 164 18 view .LVU174
 789 0058 A27B     		ldrb	r2, [r4, #14]	@ zero_extendqisi2
 790 005a 5340     		eors	r3, r3, r2
 791 005c A373     		strb	r3, [r4, #14]
 165:Core/Src/menu.cpp **** 
 792              		.loc 1 165 9 is_stmt 1 view .LVU175
 793              		.loc 1 170 1 is_stmt 0 view .LVU176
 794 005e F4E7     		b	.L39
 795              		.cfi_endproc
 796              	.LFE144:
 797              		.fnend
 799              		.section	.text._ZN4menu11menu_numberEh,"ax",%progbits
 800              		.align	1
 801              		.global	_ZN4menu11menu_numberEh
 802              		.syntax unified
 803              		.thumb
 804              		.thumb_func
ARM GAS  /tmp/ccQV6aPi.s 			page 20


 805              		.fpu fpv4-sp-d16
 807              	_ZN4menu11menu_numberEh:
 808              		.fnstart
 809              	.LVL48:
 810              	.LFB145:
 171:Core/Src/menu.cpp **** void menu::menu_number(uint8_t num)
 172:Core/Src/menu.cpp **** {
 811              		.loc 1 172 1 is_stmt 1 view -0
 812              		.cfi_startproc
 813              		@ args = 0, pretend = 0, frame = 0
 814              		@ frame_needed = 0, uses_anonymous_args = 0
 815              		.loc 1 172 1 is_stmt 0 view .LVU178
 816 0000 38B5     		push	{r3, r4, r5, lr}
 817              		.save {r3, r4, r5, lr}
 818              	.LCFI9:
 819              		.cfi_def_cfa_offset 16
 820              		.cfi_offset 3, -16
 821              		.cfi_offset 4, -12
 822              		.cfi_offset 5, -8
 823              		.cfi_offset 14, -4
 824 0002 0446     		mov	r4, r0
 825 0004 0D46     		mov	r5, r1
 173:Core/Src/menu.cpp ****     if(oled1->oled_isOledOn()) //If the oled is on reset the timer
 826              		.loc 1 173 5 is_stmt 1 view .LVU179
 827              		.loc 1 173 28 is_stmt 0 view .LVU180
 828 0006 0069     		ldr	r0, [r0, #16]
 829              	.LVL49:
 830              		.loc 1 173 28 view .LVU181
 831 0008 FFF7FEFF 		bl	_ZN4oled13oled_isOledOnEv
 832              	.LVL50:
 833              		.loc 1 173 5 view .LVU182
 834 000c 48B9     		cbnz	r0, .L56
 835              	.L51:
 174:Core/Src/menu.cpp ****     {
 175:Core/Src/menu.cpp ****         oled1->oled_resetTimer();
 176:Core/Src/menu.cpp ****     }
 177:Core/Src/menu.cpp ****     if(cursorOn) //Only accept an input when the cursor is on
 836              		.loc 1 177 5 is_stmt 1 view .LVU183
 837              		.loc 1 177 8 is_stmt 0 view .LVU184
 838 000e E37B     		ldrb	r3, [r4, #15]	@ zero_extendqisi2
 839              		.loc 1 177 5 view .LVU185
 840 0010 33B1     		cbz	r3, .L50
 178:Core/Src/menu.cpp ****     {
 179:Core/Src/menu.cpp ****         switch (menu_value)
 841              		.loc 1 179 9 is_stmt 1 view .LVU186
 842              		.loc 1 179 17 is_stmt 0 view .LVU187
 843 0012 2278     		ldrb	r2, [r4]	@ zero_extendqisi2
 844              		.loc 1 179 9 view .LVU188
 845 0014 102A     		cmp	r2, #16
 846 0016 0ED0     		beq	.L53
 847 0018 182A     		cmp	r2, #24
 848 001a 12D0     		beq	.L54
 849 001c 082A     		cmp	r2, #8
 850 001e 04D0     		beq	.L57
 851              	.L50:
 180:Core/Src/menu.cpp ****         {
 181:Core/Src/menu.cpp ****         case MENU_CH_IN:
ARM GAS  /tmp/ccQV6aPi.s 			page 21


 182:Core/Src/menu.cpp ****             ch[cursorPos]=num; //Changes the value 
 183:Core/Src/menu.cpp ****             cursorPos^=cursorOn; //Goes to the next position
 184:Core/Src/menu.cpp ****             break;
 185:Core/Src/menu.cpp ****         case MENU_SQ_IN:
 186:Core/Src/menu.cpp ****             sq[cursorPos]=num;
 187:Core/Src/menu.cpp ****             cursorPos^=cursorOn; 
 188:Core/Src/menu.cpp ****             break;
 189:Core/Src/menu.cpp ****         case MENU_TMO_IN:
 190:Core/Src/menu.cpp ****             tmo[cursorPos]=num;
 191:Core/Src/menu.cpp ****             cursorPos^=cursorOn; 
 192:Core/Src/menu.cpp ****             break;
 193:Core/Src/menu.cpp **** 
 194:Core/Src/menu.cpp ****         default:
 195:Core/Src/menu.cpp ****             break;
 196:Core/Src/menu.cpp ****         }
 197:Core/Src/menu.cpp ****     }
 198:Core/Src/menu.cpp **** }...
 852              		.loc 1 198 1 view .LVU189
 853 0020 38BD     		pop	{r3, r4, r5, pc}
 854              	.LVL51:
 855              	.L56:
 175:Core/Src/menu.cpp ****         oled1->oled_resetTimer();
 856              		.loc 1 175 9 is_stmt 1 view .LVU190
 175:Core/Src/menu.cpp ****         oled1->oled_resetTimer();
 857              		.loc 1 175 31 is_stmt 0 view .LVU191
 858 0022 2069     		ldr	r0, [r4, #16]
 859 0024 FFF7FEFF 		bl	_ZN4oled15oled_resetTimerEv
 860              	.LVL52:
 861 0028 F1E7     		b	.L51
 862              	.L57:
 181:Core/Src/menu.cpp ****         case MENU_CH_IN:
 863              		.loc 1 181 9 is_stmt 1 view .LVU192
 182:Core/Src/menu.cpp ****             ch[cursorPos]=num; //Changes the value 
 864              		.loc 1 182 13 view .LVU193
 182:Core/Src/menu.cpp ****             ch[cursorPos]=num; //Changes the value 
 865              		.loc 1 182 16 is_stmt 0 view .LVU194
 866 002a A27B     		ldrb	r2, [r4, #14]	@ zero_extendqisi2
 182:Core/Src/menu.cpp ****             ch[cursorPos]=num; //Changes the value 
 867              		.loc 1 182 26 view .LVU195
 868 002c A118     		adds	r1, r4, r2
 869 002e 4D71     		strb	r5, [r1, #5]
 183:Core/Src/menu.cpp ****             cursorPos^=cursorOn; //Goes to the next position
 870              		.loc 1 183 13 is_stmt 1 view .LVU196
 183:Core/Src/menu.cpp ****             cursorPos^=cursorOn; //Goes to the next position
 871              		.loc 1 183 22 is_stmt 0 view .LVU197
 872 0030 5340     		eors	r3, r3, r2
 873 0032 A373     		strb	r3, [r4, #14]
 184:Core/Src/menu.cpp ****             break;
 874              		.loc 1 184 13 is_stmt 1 view .LVU198
 875 0034 F4E7     		b	.L50
 876              	.L53:
 185:Core/Src/menu.cpp ****         case MENU_SQ_IN:
 877              		.loc 1 185 9 view .LVU199
 186:Core/Src/menu.cpp ****             sq[cursorPos]=num;
 878              		.loc 1 186 13 view .LVU200
 186:Core/Src/menu.cpp ****             sq[cursorPos]=num;
 879              		.loc 1 186 16 is_stmt 0 view .LVU201
ARM GAS  /tmp/ccQV6aPi.s 			page 22


 880 0036 A27B     		ldrb	r2, [r4, #14]	@ zero_extendqisi2
 186:Core/Src/menu.cpp ****             sq[cursorPos]=num;
 881              		.loc 1 186 26 view .LVU202
 882 0038 A118     		adds	r1, r4, r2
 883 003a 8D70     		strb	r5, [r1, #2]
 187:Core/Src/menu.cpp ****             cursorPos^=cursorOn; 
 884              		.loc 1 187 13 is_stmt 1 view .LVU203
 187:Core/Src/menu.cpp ****             cursorPos^=cursorOn; 
 885              		.loc 1 187 22 is_stmt 0 view .LVU204
 886 003c 5340     		eors	r3, r3, r2
 887 003e A373     		strb	r3, [r4, #14]
 188:Core/Src/menu.cpp ****             break;
 888              		.loc 1 188 13 is_stmt 1 view .LVU205
 889 0040 EEE7     		b	.L50
 890              	.L54:
 189:Core/Src/menu.cpp ****         case MENU_TMO_IN:
 891              		.loc 1 189 9 view .LVU206
 190:Core/Src/menu.cpp ****             tmo[cursorPos]=num;
 892              		.loc 1 190 13 view .LVU207
 190:Core/Src/menu.cpp ****             tmo[cursorPos]=num;
 893              		.loc 1 190 17 is_stmt 0 view .LVU208
 894 0042 A27B     		ldrb	r2, [r4, #14]	@ zero_extendqisi2
 190:Core/Src/menu.cpp ****             tmo[cursorPos]=num;
 895              		.loc 1 190 27 view .LVU209
 896 0044 A118     		adds	r1, r4, r2
 897 0046 CD72     		strb	r5, [r1, #11]
 191:Core/Src/menu.cpp ****             cursorPos^=cursorOn; 
 898              		.loc 1 191 13 is_stmt 1 view .LVU210
 191:Core/Src/menu.cpp ****             cursorPos^=cursorOn; 
 899              		.loc 1 191 22 is_stmt 0 view .LVU211
 900 0048 5340     		eors	r3, r3, r2
 901 004a A373     		strb	r3, [r4, #14]
 192:Core/Src/menu.cpp ****             break;
 902              		.loc 1 192 13 is_stmt 1 view .LVU212
 903              		.loc 1 198 1 is_stmt 0 view .LVU213
 904 004c E8E7     		b	.L50
 905              		.cfi_endproc
 906              	.LFE145:
 907              		.fnend
 909              		.text
 910              	.Letext0:
 911              		.file 2 "/usr/lib/gcc/arm-none-eabi/9.2.1/include/stdint.h"
 912              		.file 3 "/usr/include/newlib/c++/9.2.1/cstdlib"
 913              		.file 4 "/usr/include/newlib/c++/9.2.1/bits/std_abs.h"
 914              		.file 5 "/usr/include/newlib/c++/9.2.1/arm-none-eabi/thumb/v7e-m+fp/hard/bits/c++config.h"
 915              		.file 6 "/usr/lib/gcc/arm-none-eabi/9.2.1/include/stddef.h"
 916              		.file 7 "/usr/include/newlib/sys/_types.h"
 917              		.file 8 "/usr/include/newlib/sys/reent.h"
 918              		.file 9 "/usr/include/newlib/sys/lock.h"
 919              		.file 10 "/usr/include/newlib/stdlib.h"
 920              		.file 11 "/usr/include/newlib/c++/9.2.1/stdlib.h"
 921              		.file 12 "Drivers/CMSIS/Include/core_cm4.h"
 922              		.file 13 "Drivers/CMSIS/Device/ST/STM32F4xx/Include/system_stm32f4xx.h"
 923              		.file 14 "Drivers/CMSIS/Device/ST/STM32F4xx/Include/stm32f411xe.h"
 924              		.file 15 "Drivers/STM32F4xx_HAL_Driver/Inc/stm32f4xx_hal_def.h"
 925              		.file 16 "Drivers/STM32F4xx_HAL_Driver/Inc/stm32f4xx_hal_dma.h"
 926              		.file 17 "Drivers/STM32F4xx_HAL_Driver/Inc/stm32f4xx_hal_i2c.h"
ARM GAS  /tmp/ccQV6aPi.s 			page 23


 927              		.file 18 "Drivers/STM32F4xx_HAL_Driver/Inc/stm32f4xx_hal_tim.h"
 928              		.file 19 "Drivers/STM32F4xx_HAL_Driver/Inc/stm32f4xx_hal.h"
 929              		.file 20 "Core/Inc/fonts.h"
 930              		.file 21 "Core/Inc/oled.h"
 931              		.file 22 "Core/Inc/menu.hpp"
 932              		.file 23 "<built-in>"
 933              		.file 24 "/usr/include/newlib/stdio.h"
ARM GAS  /tmp/ccQV6aPi.s 			page 24


DEFINED SYMBOLS
                            *ABS*:0000000000000000 menu.cpp
     /tmp/ccQV6aPi.s:18     .text._ZN4menuC2EP4oled:0000000000000000 $t
     /tmp/ccQV6aPi.s:26     .text._ZN4menuC2EP4oled:0000000000000000 _ZN4menuC2EP4oled
.ARM.exidx.text._ZN4menuC2EP4oled:0000000000000000 $d
     /tmp/ccQV6aPi.s:26     .text._ZN4menuC2EP4oled:0000000000000000 _ZN4menuC1EP4oled
     /tmp/ccQV6aPi.s:67     .rodata._ZN4menu10menu_printEv.str1.4:0000000000000000 $d
     /tmp/ccQV6aPi.s:92     .text._ZN4menu10menu_printEv:0000000000000000 $t
     /tmp/ccQV6aPi.s:99     .text._ZN4menu10menu_printEv:0000000000000000 _ZN4menu10menu_printEv
     /tmp/ccQV6aPi.s:127    .text._ZN4menu10menu_printEv:0000000000000010 $d
     /tmp/ccQV6aPi.s:352    .text._ZN4menu10menu_printEv:0000000000000128 $d
.ARM.exidx.text._ZN4menu10menu_printEv:0000000000000000 $d
     /tmp/ccQV6aPi.s:367    .text._ZN4menu7menu_okEv:0000000000000000 $t
     /tmp/ccQV6aPi.s:374    .text._ZN4menu7menu_okEv:0000000000000000 _ZN4menu7menu_okEv
     /tmp/ccQV6aPi.s:415    .text._ZN4menu7menu_okEv:000000000000001e $d
     /tmp/ccQV6aPi.s:439    .text._ZN4menu7menu_okEv:0000000000000036 $t
.ARM.exidx.text._ZN4menu7menu_okEv:0000000000000000 $d
     /tmp/ccQV6aPi.s:542    .text._ZN4menu9menu_nextEv:0000000000000000 $t
     /tmp/ccQV6aPi.s:549    .text._ZN4menu9menu_nextEv:0000000000000000 _ZN4menu9menu_nextEv
     /tmp/ccQV6aPi.s:583    .text._ZN4menu9menu_nextEv:0000000000000018 $d
     /tmp/ccQV6aPi.s:607    .text._ZN4menu9menu_nextEv:0000000000000030 $t
.ARM.exidx.text._ZN4menu9menu_nextEv:0000000000000000 $d
     /tmp/ccQV6aPi.s:671    .text._ZN4menu9menu_prevEv:0000000000000000 $t
     /tmp/ccQV6aPi.s:678    .text._ZN4menu9menu_prevEv:0000000000000000 _ZN4menu9menu_prevEv
     /tmp/ccQV6aPi.s:712    .text._ZN4menu9menu_prevEv:0000000000000018 $d
     /tmp/ccQV6aPi.s:736    .text._ZN4menu9menu_prevEv:0000000000000030 $t
.ARM.exidx.text._ZN4menu9menu_prevEv:0000000000000000 $d
     /tmp/ccQV6aPi.s:800    .text._ZN4menu11menu_numberEh:0000000000000000 $t
     /tmp/ccQV6aPi.s:807    .text._ZN4menu11menu_numberEh:0000000000000000 _ZN4menu11menu_numberEh
.ARM.exidx.text._ZN4menu11menu_numberEh:0000000000000000 $d
     /tmp/ccQV6aPi.s:152    .text._ZN4menu10menu_printEv:0000000000000029 $d
     /tmp/ccQV6aPi.s:152    .text._ZN4menu10menu_printEv:000000000000002a $t

UNDEFINED SYMBOLS
sprintf
_ZN4oled10oled_printEPc9FontDef_ttt
Font_16x26
Font_11x18
__aeabi_unwind_cpp_pr0
_ZN4oled13oled_isOledOnEv
_ZN4oled15oled_resetTimerEv
_ZN4oled7oled_onEv
atoi
