<<<<<<< HEAD
<<<<<<< HEAD
ARM GAS  /tmp/cc3csPpK.s 			page 1
=======
ARM GAS  /tmp/ccrI0aE5.s 			page 1
>>>>>>> 8c3342ba7dae04446312e2834acd3832612e2df6
=======
ARM GAS  /tmp/ccBhyYIT.s 			page 1
>>>>>>> 51f72f82c8ac2083e1ca87e290156dea23c5314f


   1              		.cpu cortex-m4
   2              		.eabi_attribute 27, 1
   3              		.eabi_attribute 28, 1
   4              		.eabi_attribute 20, 1
   5              		.eabi_attribute 21, 1
   6              		.eabi_attribute 23, 3
   7              		.eabi_attribute 24, 1
   8              		.eabi_attribute 25, 1
   9              		.eabi_attribute 26, 1
  10              		.eabi_attribute 30, 1
  11              		.eabi_attribute 34, 1
  12              		.eabi_attribute 18, 4
  13              		.file	"pin.cpp"
  14              		.text
  15              	.Ltext0:
  16              		.cfi_sections	.debug_frame
  17              		.section	.text._ZN3pinC2EP12GPIO_TypeDefNS_9PinNumberENS_5InOutENS_4PullENS_5SpeedE,"ax",%progbits
  18              		.align	1
  19              		.global	_ZN3pinC2EP12GPIO_TypeDefNS_9PinNumberENS_5InOutENS_4PullENS_5SpeedE
  20              		.arch armv7e-m
  21              		.syntax unified
  22              		.thumb
  23              		.thumb_func
  24              		.fpu fpv4-sp-d16
  26              	_ZN3pinC2EP12GPIO_TypeDefNS_9PinNumberENS_5InOutENS_4PullENS_5SpeedE:
  27              		.fnstart
  28              	.LVL0:
  29              	.LFB131:
  30              		.file 1 "Core/Src/pin.cpp"
   1:Core/Src/pin.cpp **** #include "pin.hpp"
   2:Core/Src/pin.cpp **** 
   3:Core/Src/pin.cpp **** pin::pin(GPIO_TypeDef * gpiox_, PinNumber pinx_, InOut inout_, Pull pull_,Speed speed_)
  31              		.loc 1 3 1 view -0
  32              		.cfi_startproc
  33              		@ args = 8, pretend = 0, frame = 0
  34              		@ frame_needed = 0, uses_anonymous_args = 0
  35              		.loc 1 3 1 is_stmt 0 view .LVU1
  36 0000 10B5     		push	{r4, lr}
  37              		.save {r4, lr}
  38              	.LCFI0:
  39              		.cfi_def_cfa_offset 8
  40              		.cfi_offset 4, -8
  41              		.cfi_offset 14, -4
  42 0002 0446     		mov	r4, r0
  43 0004 0846     		mov	r0, r1
  44              	.LVL1:
  45              	.LBB2:
   4:Core/Src/pin.cpp **** {
<<<<<<< HEAD
   5:Core/Src/pin.cpp ****     gpiox=gpiox_;
  42              		.loc 1 5 5 is_stmt 1 view .LVU2
  43              		.loc 1 5 10 is_stmt 0 view .LVU3
  44 0002 0160     		str	r1, [r0]
   6:Core/Src/pin.cpp ****     GPIO_InitStruct.Pin=pinx_;
  45              		.loc 1 6 5 is_stmt 1 view .LVU4
  46              		.loc 1 6 24 is_stmt 0 view .LVU5
  47 0004 4260     		str	r2, [r0, #4]
   7:Core/Src/pin.cpp ****     GPIO_InitStruct.Mode=inout_;
  48              		.loc 1 7 5 is_stmt 1 view .LVU6
  49              		.loc 1 7 25 is_stmt 0 view .LVU7
  50 0006 8360     		str	r3, [r0, #8]
   8:Core/Src/pin.cpp ****     GPIO_InitStruct.Pull=pull_;
<<<<<<< HEAD
ARM GAS  /tmp/cc3csPpK.s 			page 2
=======
ARM GAS  /tmp/ccrI0aE5.s 			page 2
>>>>>>> 8c3342ba7dae04446312e2834acd3832612e2df6
=======
   5:Core/Src/pin.cpp ****     
   6:Core/Src/pin.cpp ****     gpiox=gpiox_;
  46              		.loc 1 6 5 is_stmt 1 view .LVU2
  47              		.loc 1 6 10 is_stmt 0 view .LVU3
  48 0006 2160     		str	r1, [r4]
   7:Core/Src/pin.cpp ****     GPIO_InitStruct.Pin=pinx_;
  49              		.loc 1 7 5 is_stmt 1 view .LVU4
  50              		.loc 1 7 24 is_stmt 0 view .LVU5
  51 0008 6260     		str	r2, [r4, #4]
ARM GAS  /tmp/ccBhyYIT.s 			page 2
>>>>>>> 51f72f82c8ac2083e1ca87e290156dea23c5314f


   8:Core/Src/pin.cpp ****     GPIO_InitStruct.Mode=inout_;
  52              		.loc 1 8 5 is_stmt 1 view .LVU6
  53              		.loc 1 8 25 is_stmt 0 view .LVU7
  54 000a A360     		str	r3, [r4, #8]
   9:Core/Src/pin.cpp ****     GPIO_InitStruct.Pull=pull_;
  55              		.loc 1 9 5 is_stmt 1 view .LVU8
  56              		.loc 1 9 25 is_stmt 0 view .LVU9
  57 000c 9DF80830 		ldrb	r3, [sp, #8]	@ zero_extendqisi2
  58              	.LVL2:
  59              		.loc 1 9 25 view .LVU10
  60 0010 E360     		str	r3, [r4, #12]
  10:Core/Src/pin.cpp ****     GPIO_InitStruct.Speed=speed_;
  61              		.loc 1 10 5 is_stmt 1 view .LVU11
  62              		.loc 1 10 26 is_stmt 0 view .LVU12
  63 0012 9DF80C30 		ldrb	r3, [sp, #12]	@ zero_extendqisi2
  64 0016 2361     		str	r3, [r4, #16]
  11:Core/Src/pin.cpp ****     HAL_GPIO_Init(gpiox, &GPIO_InitStruct);
  65              		.loc 1 11 5 is_stmt 1 view .LVU13
  66              		.loc 1 11 18 is_stmt 0 view .LVU14
  67 0018 211D     		adds	r1, r4, #4
  68              	.LVL3:
  69              		.loc 1 11 18 view .LVU15
  70 001a FFF7FEFF 		bl	HAL_GPIO_Init
  71              	.LVL4:
  72              		.loc 1 11 18 view .LVU16
  73              	.LBE2:
  12:Core/Src/pin.cpp **** 
<<<<<<< HEAD
  13:Core/Src/pin.cpp **** void pin::init()
  14:Core/Src/pin.cpp **** {
  89              		.loc 1 14 1 is_stmt 1 view -0
  90              		.cfi_startproc
  91              		@ args = 0, pretend = 0, frame = 0
  92              		@ frame_needed = 0, uses_anonymous_args = 0
  93              		.loc 1 14 1 is_stmt 0 view .LVU16
  94 0000 08B5     		push	{r3, lr}
  95              		.save {r3, lr}
  96              	.LCFI2:
  97              		.cfi_def_cfa_offset 8
  98              		.cfi_offset 3, -8
  99              		.cfi_offset 14, -4
  15:Core/Src/pin.cpp ****   HAL_GPIO_Init(gpiox, &GPIO_InitStruct);
 100              		.loc 1 15 3 is_stmt 1 view .LVU17
 101              		.loc 1 15 16 is_stmt 0 view .LVU18
 102 0002 0146     		mov	r1, r0
<<<<<<< HEAD
ARM GAS  /tmp/cc3csPpK.s 			page 3
=======
ARM GAS  /tmp/ccrI0aE5.s 			page 3
>>>>>>> 8c3342ba7dae04446312e2834acd3832612e2df6


 103 0004 51F8040B 		ldr	r0, [r1], #4
 104              	.LVL4:
 105              		.loc 1 15 16 view .LVU19
 106 0008 FFF7FEFF 		bl	HAL_GPIO_Init
 107              	.LVL5:
  16:Core/Src/pin.cpp **** }
 108              		.loc 1 16 1 view .LVU20
 109 000c 08BD     		pop	{r3, pc}
 110              		.cfi_endproc
 111              	.LFE133:
 112              		.fnend
 114              		.section	.text._ZN3pin5writeENS_5OnOffE,"ax",%progbits
 115              		.align	1
 116              		.global	_ZN3pin5writeENS_5OnOffE
 117              		.syntax unified
 118              		.thumb
 119              		.thumb_func
 120              		.fpu fpv4-sp-d16
 122              	_ZN3pin5writeENS_5OnOffE:
 123              		.fnstart
 124              	.LVL6:
 125              	.LFB134:
  17:Core/Src/pin.cpp **** 
  18:Core/Src/pin.cpp **** uint8_t pin::write(OnOff onoff)
  19:Core/Src/pin.cpp **** {
 126              		.loc 1 19 1 is_stmt 1 view -0
 127              		.cfi_startproc
 128              		@ args = 0, pretend = 0, frame = 0
 129              		@ frame_needed = 0, uses_anonymous_args = 0
 130              		@ link register save eliminated.
 131              		.loc 1 19 1 is_stmt 0 view .LVU22
 132 0000 10B4     		push	{r4}
 133              	.LCFI3:
 134              		.cfi_def_cfa_offset 4
 135              		.cfi_offset 4, -4
  20:Core/Src/pin.cpp ****     if((gpiox->IDR & GPIO_InitStruct.Pin) != 0)
 136              		.loc 1 20 5 is_stmt 1 view .LVU23
 137              		.loc 1 20 9 is_stmt 0 view .LVU24
 138 0002 0368     		ldr	r3, [r0]
 139              		.loc 1 20 16 view .LVU25
 140 0004 1C69     		ldr	r4, [r3, #16]
 141              		.loc 1 20 38 view .LVU26
 142 0006 4268     		ldr	r2, [r0, #4]
 143              		.loc 1 20 5 view .LVU27
 144 0008 1442     		tst	r4, r2
 145 000a 10D1     		bne	.L8
  21:Core/Src/pin.cpp ****         return -1; // recheck or switch the pin state ....
  22:Core/Src/pin.cpp ****     if(onoff)
 146              		.loc 1 22 5 is_stmt 1 view .LVU28
 147 000c 31B1     		cbz	r1, .L7
  23:Core/Src/pin.cpp ****     {
  24:Core/Src/pin.cpp ****         gpiox->ODR |= (GPIO_InitStruct.Pin);
 148              		.loc 1 24 9 view .LVU29
 149              		.loc 1 24 20 is_stmt 0 view .LVU30
 150 000e 5969     		ldr	r1, [r3, #20]
 151              	.LVL7:
 152              		.loc 1 24 20 view .LVU31
<<<<<<< HEAD
ARM GAS  /tmp/cc3csPpK.s 			page 4
=======
ARM GAS  /tmp/ccrI0aE5.s 			page 4
>>>>>>> 8c3342ba7dae04446312e2834acd3832612e2df6


 153 0010 0A43     		orrs	r2, r2, r1
 154 0012 5A61     		str	r2, [r3, #20]
  25:Core/Src/pin.cpp ****     }
  26:Core/Src/pin.cpp ****     else
  27:Core/Src/pin.cpp ****     {
  28:Core/Src/pin.cpp ****         gpiox->ODR &= (!GPIO_InitStruct.Pin);
  29:Core/Src/pin.cpp ****     }
  30:Core/Src/pin.cpp ****     return 0;
 155              		.loc 1 30 12 view .LVU32
 156 0014 0020     		movs	r0, #0
 157              	.LVL8:
 158              	.L6:
  31:Core/Src/pin.cpp **** }
 159              		.loc 1 31 1 view .LVU33
 160 0016 5DF8044B 		ldr	r4, [sp], #4
 161              	.LCFI4:
 162              		.cfi_remember_state
 163              		.cfi_restore 4
 164              		.cfi_def_cfa_offset 0
 165 001a 7047     		bx	lr
 166              	.LVL9:
 167              	.L7:
 168              	.LCFI5:
 169              		.cfi_restore_state
  28:Core/Src/pin.cpp ****     }
 170              		.loc 1 28 9 is_stmt 1 view .LVU34
  28:Core/Src/pin.cpp ****     }
 171              		.loc 1 28 20 is_stmt 0 view .LVU35
 172 001c 5869     		ldr	r0, [r3, #20]
 173              	.LVL10:
  28:Core/Src/pin.cpp ****     }
 174              		.loc 1 28 20 view .LVU36
 175 001e 002A     		cmp	r2, #0
 176 0020 14BF     		ite	ne
 177 0022 0022     		movne	r2, #0
 178 0024 00F00102 		andeq	r2, r0, #1
 179 0028 5A61     		str	r2, [r3, #20]
  30:Core/Src/pin.cpp **** }
 180              		.loc 1 30 12 view .LVU37
 181 002a 0846     		mov	r0, r1
 182 002c F3E7     		b	.L6
 183              	.LVL11:
 184              	.L8:
  21:Core/Src/pin.cpp ****     if(onoff)
 185              		.loc 1 21 17 view .LVU38
 186 002e FF20     		movs	r0, #255
 187              	.LVL12:
  21:Core/Src/pin.cpp ****     if(onoff)
 188              		.loc 1 21 17 view .LVU39
 189 0030 F1E7     		b	.L6
 190              		.cfi_endproc
 191              	.LFE134:
 192              		.cantunwind
 193              		.fnend
 195              		.section	.text._ZN3pin4readEv,"ax",%progbits
 196              		.align	1
 197              		.global	_ZN3pin4readEv
<<<<<<< HEAD
ARM GAS  /tmp/cc3csPpK.s 			page 5
=======
ARM GAS  /tmp/ccrI0aE5.s 			page 5
>>>>>>> 8c3342ba7dae04446312e2834acd3832612e2df6


 198              		.syntax unified
 199              		.thumb
 200              		.thumb_func
 201              		.fpu fpv4-sp-d16
 203              	_ZN3pin4readEv:
 204              		.fnstart
 205              	.LVL13:
 206              	.LFB135:
  32:Core/Src/pin.cpp **** 
  33:Core/Src/pin.cpp **** pin::OnOff pin::read()
  34:Core/Src/pin.cpp **** {
 207              		.loc 1 34 1 is_stmt 1 view -0
 208              		.cfi_startproc
 209              		@ args = 0, pretend = 0, frame = 0
 210              		@ frame_needed = 0, uses_anonymous_args = 0
 211              		@ link register save eliminated.
  35:Core/Src/pin.cpp ****     
  36:Core/Src/pin.cpp ****     if(!(gpiox->IDR & GPIO_InitStruct.Pin))
 212              		.loc 1 36 5 view .LVU41
 213              		.loc 1 36 10 is_stmt 0 view .LVU42
 214 0000 0368     		ldr	r3, [r0]
 215              		.loc 1 36 17 view .LVU43
 216 0002 1A69     		ldr	r2, [r3, #16]
 217              		.loc 1 36 39 view .LVU44
 218 0004 4368     		ldr	r3, [r0, #4]
 219              		.loc 1 36 5 view .LVU45
 220 0006 1A42     		tst	r2, r3
 221 0008 01D1     		bne	.L12
  37:Core/Src/pin.cpp ****     {
  38:Core/Src/pin.cpp ****         return off;
 222              		.loc 1 38 16 view .LVU46
 223 000a 0020     		movs	r0, #0
 224              	.LVL14:
 225              		.loc 1 38 16 view .LVU47
 226 000c 7047     		bx	lr
 227              	.LVL15:
 228              	.L12:
  39:Core/Src/pin.cpp ****     }
  40:Core/Src/pin.cpp ****     else
  41:Core/Src/pin.cpp ****     {
  42:Core/Src/pin.cpp ****         return on;
 229              		.loc 1 42 16 view .LVU48
 230 000e 0120     		movs	r0, #1
 231              	.LVL16:
  43:Core/Src/pin.cpp ****     }
  44:Core/Src/pin.cpp ****     
  45:Core/Src/pin.cpp **** }
 232              		.loc 1 45 1 view .LVU49
 233 0010 7047     		bx	lr
 234              		.cfi_endproc
 235              	.LFE135:
 236              		.cantunwind
 237              		.fnend
 239              		.section	.text._ZN3pinD2Ev,"ax",%progbits
 240              		.align	1
 241              		.global	_ZN3pinD2Ev
 242              		.syntax unified
<<<<<<< HEAD
ARM GAS  /tmp/cc3csPpK.s 			page 6
=======
ARM GAS  /tmp/ccrI0aE5.s 			page 6
>>>>>>> 8c3342ba7dae04446312e2834acd3832612e2df6
=======
  13:Core/Src/pin.cpp ****     //TODO:figure out what is GPIO_InitStruct.Alternate
  14:Core/Src/pin.cpp **** }
  74              		.loc 1 14 1 view .LVU17
  75 001e 2046     		mov	r0, r4
  76 0020 10BD     		pop	{r4, pc}
  77              		.loc 1 14 1 view .LVU18
  78              		.cfi_endproc
  79              	.LFE131:
  80              		.fnend
  82              		.global	_ZN3pinC1EP12GPIO_TypeDefNS_9PinNumberENS_5InOutENS_4PullENS_5SpeedE
  83              		.thumb_set _ZN3pinC1EP12GPIO_TypeDefNS_9PinNumberENS_5InOutENS_4PullENS_5SpeedE,_ZN3pinC2EP12GPIO_
  84              		.section	.text._ZN3pin4initEv,"ax",%progbits
  85              		.align	1
  86              		.global	_ZN3pin4initEv
  87              		.syntax unified
  88              		.thumb
  89              		.thumb_func
  90              		.fpu fpv4-sp-d16
  92              	_ZN3pin4initEv:
  93              		.fnstart
  94              	.LVL5:
  95              	.LFB133:
  15:Core/Src/pin.cpp **** 
  16:Core/Src/pin.cpp **** void pin::init()
  17:Core/Src/pin.cpp **** {
  96              		.loc 1 17 1 is_stmt 1 view -0
  97              		.cfi_startproc
  98              		@ args = 0, pretend = 0, frame = 0
  99              		@ frame_needed = 0, uses_anonymous_args = 0
 100              		.loc 1 17 1 is_stmt 0 view .LVU20
ARM GAS  /tmp/ccBhyYIT.s 			page 3


 101 0000 08B5     		push	{r3, lr}
 102              		.save {r3, lr}
 103              	.LCFI1:
 104              		.cfi_def_cfa_offset 8
 105              		.cfi_offset 3, -8
 106              		.cfi_offset 14, -4
  18:Core/Src/pin.cpp ****   HAL_GPIO_Init(gpiox, &GPIO_InitStruct);
 107              		.loc 1 18 3 is_stmt 1 view .LVU21
 108              		.loc 1 18 16 is_stmt 0 view .LVU22
 109 0002 0146     		mov	r1, r0
 110 0004 51F8040B 		ldr	r0, [r1], #4
 111              	.LVL6:
 112              		.loc 1 18 16 view .LVU23
 113 0008 FFF7FEFF 		bl	HAL_GPIO_Init
 114              	.LVL7:
  19:Core/Src/pin.cpp **** }
 115              		.loc 1 19 1 view .LVU24
 116 000c 08BD     		pop	{r3, pc}
 117              		.cfi_endproc
 118              	.LFE133:
 119              		.fnend
 121              		.section	.text._ZN3pin5writeENS_5OnOffE,"ax",%progbits
 122              		.align	1
 123              		.global	_ZN3pin5writeENS_5OnOffE
 124              		.syntax unified
 125              		.thumb
 126              		.thumb_func
 127              		.fpu fpv4-sp-d16
 129              	_ZN3pin5writeENS_5OnOffE:
 130              		.fnstart
 131              	.LVL8:
 132              	.LFB134:
  20:Core/Src/pin.cpp **** 
  21:Core/Src/pin.cpp **** uint8_t pin::write(OnOff onoff)
  22:Core/Src/pin.cpp **** {
 133              		.loc 1 22 1 is_stmt 1 view -0
 134              		.cfi_startproc
 135              		@ args = 0, pretend = 0, frame = 0
 136              		@ frame_needed = 0, uses_anonymous_args = 0
 137              		@ link register save eliminated.
  23:Core/Src/pin.cpp ****     // if((gpiox->IDR & GPIO_InitStruct.Pin) != 0)
  24:Core/Src/pin.cpp ****     //     return -1; // recheck or switch the pin state ....
  25:Core/Src/pin.cpp ****     if(onoff==on)
 138              		.loc 1 25 5 view .LVU26
 139 0000 0129     		cmp	r1, #1
 140 0002 0AD0     		beq	.L8
  26:Core/Src/pin.cpp ****     {
  27:Core/Src/pin.cpp ****         gpiox->ODR |= (GPIO_InitStruct.Pin);
  28:Core/Src/pin.cpp ****     }
  29:Core/Src/pin.cpp ****     else
  30:Core/Src/pin.cpp ****     {
  31:Core/Src/pin.cpp ****         gpiox->ODR &= (!GPIO_InitStruct.Pin);
 141              		.loc 1 31 9 view .LVU27
 142 0004 0268     		ldr	r2, [r0]
 143              		.loc 1 31 20 is_stmt 0 view .LVU28
 144 0006 5369     		ldr	r3, [r2, #20]
 145              		.loc 1 31 41 view .LVU29
ARM GAS  /tmp/ccBhyYIT.s 			page 4


 146 0008 4168     		ldr	r1, [r0, #4]
 147              	.LVL9:
 148              		.loc 1 31 20 view .LVU30
 149 000a 0029     		cmp	r1, #0
 150 000c 14BF     		ite	ne
 151 000e 0023     		movne	r3, #0
 152 0010 03F00103 		andeq	r3, r3, #1
 153 0014 5361     		str	r3, [r2, #20]
 154              	.L7:
  32:Core/Src/pin.cpp ****     }
  33:Core/Src/pin.cpp ****     return 0;
 155              		.loc 1 33 5 is_stmt 1 view .LVU31
  34:Core/Src/pin.cpp **** }
 156              		.loc 1 34 1 is_stmt 0 view .LVU32
 157 0016 0020     		movs	r0, #0
 158              	.LVL10:
 159              		.loc 1 34 1 view .LVU33
 160 0018 7047     		bx	lr
 161              	.LVL11:
 162              	.L8:
  27:Core/Src/pin.cpp ****     }
 163              		.loc 1 27 9 is_stmt 1 view .LVU34
 164 001a 0268     		ldr	r2, [r0]
  27:Core/Src/pin.cpp ****     }
 165              		.loc 1 27 20 is_stmt 0 view .LVU35
 166 001c 5369     		ldr	r3, [r2, #20]
  27:Core/Src/pin.cpp ****     }
 167              		.loc 1 27 40 view .LVU36
 168 001e 4168     		ldr	r1, [r0, #4]
 169              	.LVL12:
  27:Core/Src/pin.cpp ****     }
 170              		.loc 1 27 20 view .LVU37
 171 0020 0B43     		orrs	r3, r3, r1
 172 0022 5361     		str	r3, [r2, #20]
 173 0024 F7E7     		b	.L7
 174              		.cfi_endproc
 175              	.LFE134:
 176              		.cantunwind
 177              		.fnend
 179              		.section	.text._ZN3pin4readEv,"ax",%progbits
 180              		.align	1
 181              		.global	_ZN3pin4readEv
 182              		.syntax unified
 183              		.thumb
 184              		.thumb_func
 185              		.fpu fpv4-sp-d16
 187              	_ZN3pin4readEv:
 188              		.fnstart
 189              	.LVL13:
 190              	.LFB135:
  35:Core/Src/pin.cpp **** 
  36:Core/Src/pin.cpp **** pin::OnOff pin::read()
  37:Core/Src/pin.cpp **** {
 191              		.loc 1 37 1 is_stmt 1 view -0
 192              		.cfi_startproc
 193              		@ args = 0, pretend = 0, frame = 0
 194              		@ frame_needed = 0, uses_anonymous_args = 0
ARM GAS  /tmp/ccBhyYIT.s 			page 5
>>>>>>> 51f72f82c8ac2083e1ca87e290156dea23c5314f


 195              		@ link register save eliminated.
  38:Core/Src/pin.cpp ****     
  39:Core/Src/pin.cpp ****     if(!(gpiox->IDR & GPIO_InitStruct.Pin))
 196              		.loc 1 39 5 view .LVU39
 197              		.loc 1 39 10 is_stmt 0 view .LVU40
 198 0000 0368     		ldr	r3, [r0]
 199              		.loc 1 39 17 view .LVU41
 200 0002 1A69     		ldr	r2, [r3, #16]
 201              		.loc 1 39 39 view .LVU42
 202 0004 4368     		ldr	r3, [r0, #4]
 203              		.loc 1 39 5 view .LVU43
 204 0006 1A42     		tst	r2, r3
 205 0008 01D1     		bne	.L11
  40:Core/Src/pin.cpp ****     {
  41:Core/Src/pin.cpp ****         return off;
 206              		.loc 1 41 16 view .LVU44
 207 000a 0020     		movs	r0, #0
 208              	.LVL14:
 209              		.loc 1 41 16 view .LVU45
 210 000c 7047     		bx	lr
 211              	.LVL15:
 212              	.L11:
  42:Core/Src/pin.cpp ****     }
  43:Core/Src/pin.cpp ****     else
  44:Core/Src/pin.cpp ****     {
  45:Core/Src/pin.cpp ****         return on;
 213              		.loc 1 45 16 view .LVU46
 214 000e 0120     		movs	r0, #1
 215              	.LVL16:
  46:Core/Src/pin.cpp ****     }
  47:Core/Src/pin.cpp ****     
  48:Core/Src/pin.cpp **** }
<<<<<<< HEAD
 256              		.loc 1 48 1 is_stmt 0 view .LVU51
 257 0000 7047     		bx	lr
 258              		.cfi_endproc
 259              	.LFE137:
 260              		.cantunwind
 261              		.fnend
 263              		.global	_ZN3pinD1Ev
 264              		.thumb_set _ZN3pinD1Ev,_ZN3pinD2Ev
 265              		.text
 266              	.Letext0:
 267              		.file 2 "/usr/lib/gcc/arm-none-eabi/9.2.1/include/stdint.h"
 268              		.file 3 "Drivers/CMSIS/Include/core_cm4.h"
 269              		.file 4 "Drivers/CMSIS/Device/ST/STM32F4xx/Include/system_stm32f4xx.h"
 270              		.file 5 "Drivers/CMSIS/Device/ST/STM32F4xx/Include/stm32f411xe.h"
 271              		.file 6 "Drivers/STM32F4xx_HAL_Driver/Inc/stm32f4xx_hal_gpio.h"
 272              		.file 7 "Drivers/STM32F4xx_HAL_Driver/Inc/stm32f4xx_hal.h"
 273              		.file 8 "Core/Inc/pin.hpp"
<<<<<<< HEAD
ARM GAS  /tmp/cc3csPpK.s 			page 7
=======
ARM GAS  /tmp/ccrI0aE5.s 			page 7
>>>>>>> 8c3342ba7dae04446312e2834acd3832612e2df6
=======
 216              		.loc 1 48 1 view .LVU47
 217 0010 7047     		bx	lr
 218              		.cfi_endproc
 219              	.LFE135:
 220              		.cantunwind
 221              		.fnend
 223              		.text
 224              	.Letext0:
 225              		.file 2 "/usr/lib/gcc/arm-none-eabi/9.2.1/include/stdint.h"
 226              		.file 3 "Drivers/CMSIS/Include/core_cm4.h"
 227              		.file 4 "Drivers/CMSIS/Device/ST/STM32F4xx/Include/system_stm32f4xx.h"
 228              		.file 5 "Drivers/CMSIS/Device/ST/STM32F4xx/Include/stm32f411xe.h"
 229              		.file 6 "Drivers/STM32F4xx_HAL_Driver/Inc/stm32f4xx_hal_gpio.h"
 230              		.file 7 "Drivers/STM32F4xx_HAL_Driver/Inc/stm32f4xx_hal.h"
 231              		.file 8 "Core/Inc/pin.hpp"
ARM GAS  /tmp/ccBhyYIT.s 			page 6
>>>>>>> 51f72f82c8ac2083e1ca87e290156dea23c5314f


DEFINED SYMBOLS
                            *ABS*:0000000000000000 pin.cpp
<<<<<<< HEAD
<<<<<<< HEAD
     /tmp/cc3csPpK.s:18     .text._ZN3pinC2EP12GPIO_TypeDefNS_9PinNumberENS_5InOutENS_4PullENS_5SpeedE:0000000000000000 $t
     /tmp/cc3csPpK.s:26     .text._ZN3pinC2EP12GPIO_TypeDefNS_9PinNumberENS_5InOutENS_4PullENS_5SpeedE:0000000000000000 _ZN3pinC2EP12GPIO_TypeDefNS_9PinNumberENS_5InOutENS_4PullENS_5SpeedE
.ARM.exidx.text._ZN3pinC2EP12GPIO_TypeDefNS_9PinNumberENS_5InOutENS_4PullENS_5SpeedE:0000000000000000 $d
     /tmp/cc3csPpK.s:26     .text._ZN3pinC2EP12GPIO_TypeDefNS_9PinNumberENS_5InOutENS_4PullENS_5SpeedE:0000000000000000 _ZN3pinC1EP12GPIO_TypeDefNS_9PinNumberENS_5InOutENS_4PullENS_5SpeedE
     /tmp/cc3csPpK.s:78     .text._ZN3pin4initEv:0000000000000000 $t
     /tmp/cc3csPpK.s:85     .text._ZN3pin4initEv:0000000000000000 _ZN3pin4initEv
   .ARM.extab.text._ZN3pin4initEv:0000000000000000 $d
   .ARM.exidx.text._ZN3pin4initEv:0000000000000000 $d
     /tmp/cc3csPpK.s:115    .text._ZN3pin5writeENS_5OnOffE:0000000000000000 $t
     /tmp/cc3csPpK.s:122    .text._ZN3pin5writeENS_5OnOffE:0000000000000000 _ZN3pin5writeENS_5OnOffE
.ARM.exidx.text._ZN3pin5writeENS_5OnOffE:0000000000000000 $d
     /tmp/cc3csPpK.s:196    .text._ZN3pin4readEv:0000000000000000 $t
     /tmp/cc3csPpK.s:203    .text._ZN3pin4readEv:0000000000000000 _ZN3pin4readEv
   .ARM.exidx.text._ZN3pin4readEv:0000000000000000 $d
     /tmp/cc3csPpK.s:240    .text._ZN3pinD2Ev:0000000000000000 $t
     /tmp/cc3csPpK.s:247    .text._ZN3pinD2Ev:0000000000000000 _ZN3pinD2Ev
      .ARM.exidx.text._ZN3pinD2Ev:0000000000000000 $d
     /tmp/cc3csPpK.s:247    .text._ZN3pinD2Ev:0000000000000000 _ZN3pinD1Ev
=======
     /tmp/ccrI0aE5.s:18     .text._ZN3pinC2EP12GPIO_TypeDefNS_9PinNumberENS_5InOutENS_4PullENS_5SpeedE:0000000000000000 $t
     /tmp/ccrI0aE5.s:26     .text._ZN3pinC2EP12GPIO_TypeDefNS_9PinNumberENS_5InOutENS_4PullENS_5SpeedE:0000000000000000 _ZN3pinC2EP12GPIO_TypeDefNS_9PinNumberENS_5InOutENS_4PullENS_5SpeedE
=======
     /tmp/ccBhyYIT.s:18     .text._ZN3pinC2EP12GPIO_TypeDefNS_9PinNumberENS_5InOutENS_4PullENS_5SpeedE:0000000000000000 $t
     /tmp/ccBhyYIT.s:26     .text._ZN3pinC2EP12GPIO_TypeDefNS_9PinNumberENS_5InOutENS_4PullENS_5SpeedE:0000000000000000 _ZN3pinC2EP12GPIO_TypeDefNS_9PinNumberENS_5InOutENS_4PullENS_5SpeedE
>>>>>>> 51f72f82c8ac2083e1ca87e290156dea23c5314f
.ARM.exidx.text._ZN3pinC2EP12GPIO_TypeDefNS_9PinNumberENS_5InOutENS_4PullENS_5SpeedE:0000000000000000 $d
     /tmp/ccBhyYIT.s:26     .text._ZN3pinC2EP12GPIO_TypeDefNS_9PinNumberENS_5InOutENS_4PullENS_5SpeedE:0000000000000000 _ZN3pinC1EP12GPIO_TypeDefNS_9PinNumberENS_5InOutENS_4PullENS_5SpeedE
     /tmp/ccBhyYIT.s:85     .text._ZN3pin4initEv:0000000000000000 $t
     /tmp/ccBhyYIT.s:92     .text._ZN3pin4initEv:0000000000000000 _ZN3pin4initEv
   .ARM.extab.text._ZN3pin4initEv:0000000000000000 $d
   .ARM.exidx.text._ZN3pin4initEv:0000000000000000 $d
     /tmp/ccBhyYIT.s:122    .text._ZN3pin5writeENS_5OnOffE:0000000000000000 $t
     /tmp/ccBhyYIT.s:129    .text._ZN3pin5writeENS_5OnOffE:0000000000000000 _ZN3pin5writeENS_5OnOffE
.ARM.exidx.text._ZN3pin5writeENS_5OnOffE:0000000000000000 $d
     /tmp/ccBhyYIT.s:180    .text._ZN3pin4readEv:0000000000000000 $t
     /tmp/ccBhyYIT.s:187    .text._ZN3pin4readEv:0000000000000000 _ZN3pin4readEv
   .ARM.exidx.text._ZN3pin4readEv:0000000000000000 $d
<<<<<<< HEAD
     /tmp/ccrI0aE5.s:240    .text._ZN3pinD2Ev:0000000000000000 $t
     /tmp/ccrI0aE5.s:247    .text._ZN3pinD2Ev:0000000000000000 _ZN3pinD2Ev
      .ARM.exidx.text._ZN3pinD2Ev:0000000000000000 $d
     /tmp/ccrI0aE5.s:247    .text._ZN3pinD2Ev:0000000000000000 _ZN3pinD1Ev
>>>>>>> 8c3342ba7dae04446312e2834acd3832612e2df6
=======
>>>>>>> 51f72f82c8ac2083e1ca87e290156dea23c5314f

UNDEFINED SYMBOLS
HAL_GPIO_Init
__aeabi_unwind_cpp_pr0
__aeabi_unwind_cpp_pr1
