<<<<<<< HEAD
ARM GAS  /tmp/ccJbasMF.s 			page 1
=======
ARM GAS  /tmp/ccisE8el.s 			page 1
>>>>>>> 8c3342ba7dae04446312e2834acd3832612e2df6


   1              		.cpu cortex-m4
   2              		.eabi_attribute 27, 1
   3              		.eabi_attribute 28, 1
   4              		.eabi_attribute 20, 1
   5              		.eabi_attribute 21, 1
   6              		.eabi_attribute 23, 3
   7              		.eabi_attribute 24, 1
   8              		.eabi_attribute 25, 1
   9              		.eabi_attribute 26, 1
  10              		.eabi_attribute 30, 1
  11              		.eabi_attribute 34, 1
  12              		.eabi_attribute 18, 4
  13              		.file	"wav_player.cpp"
  14              		.text
  15              	.Ltext0:
  16              		.cfi_sections	.debug_frame
  17              		.section	.text._ZN10wav_playerC2EN3i2s7i2s_numE,"ax",%progbits
  18              		.align	1
  19              		.global	_ZN10wav_playerC2EN3i2s7i2s_numE
  20              		.arch armv7e-m
  21              		.syntax unified
  22              		.thumb
  23              		.thumb_func
  24              		.fpu fpv4-sp-d16
  26              	_ZN10wav_playerC2EN3i2s7i2s_numE:
  27              		.fnstart
  28              	.LVL0:
  29              	.LFB141:
  30              		.file 1 "Core/Src/wav_player.cpp"
   1:Core/Src/wav_player.cpp **** #include "wav_player.hpp"
   2:Core/Src/wav_player.cpp **** 
   3:Core/Src/wav_player.cpp **** wav_player::wav_player(i2s::i2s_num i2sNum )
  31              		.loc 1 3 1 view -0
  32              		.cfi_startproc
  33              		@ args = 0, pretend = 0, frame = 0
  34              		@ frame_needed = 0, uses_anonymous_args = 0
  35              		.loc 1 3 1 is_stmt 0 view .LVU1
  36 0000 F8B5     		push	{r3, r4, r5, r6, r7, lr}
  37              		.save {r3, r4, r5, r6, r7, lr}
  38              	.LCFI0:
  39              		.cfi_def_cfa_offset 24
  40              		.cfi_offset 3, -24
  41              		.cfi_offset 4, -20
  42              		.cfi_offset 5, -16
  43              		.cfi_offset 6, -12
  44              		.cfi_offset 7, -8
  45              		.cfi_offset 14, -4
  46 0002 0546     		mov	r5, r0
  47 0004 8C46     		mov	ip, r1
  48              	.LVL1:
  49              	.LBB6:
  50              	.LBB7:
  51              	.LBI7:
  52              		.file 2 "Core/Inc/i2s.hpp"
   1:Core/Inc/i2s.hpp **** #ifndef I2S_HPP
   2:Core/Inc/i2s.hpp **** #define I2S_HPP
   3:Core/Inc/i2s.hpp **** 
ARM GAS  /tmp/ccisE8el.s 			page 2


   4:Core/Inc/i2s.hpp **** #include "stm32f4xx.h"
   5:Core/Inc/i2s.hpp **** 
   6:Core/Inc/i2s.hpp **** #define AUDIODATA_SIZE 2 // 2 bytes for 16 bit audio
   7:Core/Inc/i2s.hpp **** #define DMA_MAX_SZE                 0xFFFF
   8:Core/Inc/i2s.hpp **** #define DMA_MAX(_X_)                (((_X_) <= DMA_MAX_SZE)? (_X_):DMA_MAX_SZE)
   9:Core/Inc/i2s.hpp **** 
  10:Core/Inc/i2s.hpp **** class i2s
  53              		.loc 2 10 7 is_stmt 1 view .LVU2
  54              	.LBB8:
  55 0006 184C     		ldr	r4, .L3
  56 0008 00F14806 		add	r6, r0, #72
  57 000c 2746     		mov	r7, r4
  58 000e 0FCF     		ldmia	r7!, {r0, r1, r2, r3}
  59              	.LVL2:
  60              		.loc 2 10 7 is_stmt 0 view .LVU3
  61 0010 0FC6     		stmia	r6!, {r0, r1, r2, r3}
  62 0012 97E80F00 		ldm	r7, {r0, r1, r2, r3}
  63 0016 86E80F00 		stm	r6, {r0, r1, r2, r3}
  64 001a 05F16806 		add	r6, r5, #104
  65 001e 04F12007 		add	r7, r4, #32
  66 0022 0FCF     		ldmia	r7!, {r0, r1, r2, r3}
  67 0024 0FC6     		stmia	r6!, {r0, r1, r2, r3}
  68 0026 97E80F00 		ldm	r7, {r0, r1, r2, r3}
  69 002a 86E80F00 		stm	r6, {r0, r1, r2, r3}
  70 002e 05F18806 		add	r6, r5, #136
  71 0032 4034     		adds	r4, r4, #64
  72 0034 0FCC     		ldmia	r4!, {r0, r1, r2, r3}
  73 0036 0FC6     		stmia	r6!, {r0, r1, r2, r3}
  74 0038 94E80F00 		ldm	r4, {r0, r1, r2, r3}
  75 003c 86E80F00 		stm	r6, {r0, r1, r2, r3}
  76              	.LVL3:
  77              		.loc 2 10 7 view .LVU4
  78              	.LBE8:
  79              	.LBE7:
  80              		.loc 1 3 44 view .LVU5
  81 0040 0023     		movs	r3, #0
  82 0042 42F2DC02 		movw	r2, #8412
  83 0046 AB50     		str	r3, [r5, r2]
  84 0048 42F2E402 		movw	r2, #8420
  85 004c AB50     		str	r3, [r5, r2]
  86 004e 42F2E802 		movw	r2, #8424
  87 0052 AB54     		strb	r3, [r5, r2]
  88 0054 42F2E902 		movw	r2, #8425
  89 0058 AB54     		strb	r3, [r5, r2]
   4:Core/Src/wav_player.cpp **** {
<<<<<<< HEAD
   5:Core/Src/wav_player.cpp ****     //Constructor for now there is nothing special to pass on
   6:Core/Src/wav_player.cpp ****     //In the future if we manage to make a FATFS in C++ we pass that on
   7:Core/Src/wav_player.cpp **** }
  48              		.loc 1 7 1 view .LVU2
  49 001a 7047     		bx	lr
  50              		.cfi_endproc
  51              	.LFE138:
ARM GAS  /tmp/ccJbasMF.s 			page 2


  52              		.cantunwind
  53              		.fnend
  55              		.global	_ZN10wav_playerC1Ev
  56              		.thumb_set _ZN10wav_playerC1Ev,_ZN10wav_playerC2Ev
  57              		.section	.text._ZN10wav_player11file_selectEPc,"ax",%progbits
  58              		.align	1
  59              		.global	_ZN10wav_player11file_selectEPc
  60              		.syntax unified
  61              		.thumb
  62              		.thumb_func
  63              		.fpu fpv4-sp-d16
  65              	_ZN10wav_player11file_selectEPc:
  66              		.fnstart
  67              	.LVL1:
  68              	.LFB140:
   8:Core/Src/wav_player.cpp **** uint8_t wav_player::file_select(char * filePath)
   9:Core/Src/wav_player.cpp **** {
  69              		.loc 1 9 1 is_stmt 1 view -0
  70              		.cfi_startproc
  71              		@ args = 0, pretend = 0, frame = 48
  72              		@ frame_needed = 0, uses_anonymous_args = 0
  73              		.loc 1 9 1 is_stmt 0 view .LVU4
  74 0000 10B5     		push	{r4, lr}
  75              		.save {r4, lr}
  76              	.LCFI0:
  77              		.cfi_def_cfa_offset 8
  78              		.cfi_offset 4, -8
  79              		.cfi_offset 14, -4
  80              		.pad #48
  81 0002 8CB0     		sub	sp, sp, #48
  82              	.LCFI1:
  83              		.cfi_def_cfa_offset 56
  84 0004 0446     		mov	r4, r0
  10:Core/Src/wav_player.cpp **** 
  11:Core/Src/wav_player.cpp ****   WAV_HeaderTypeDef wavHeader;
  85              		.loc 1 11 3 is_stmt 1 view .LVU5
  12:Core/Src/wav_player.cpp ****   UINT readBytes = 0;
  86              		.loc 1 12 3 view .LVU6
  87              		.loc 1 12 8 is_stmt 0 view .LVU7
  88 0006 0023     		movs	r3, #0
  89 0008 0093     		str	r3, [sp]
  13:Core/Src/wav_player.cpp ****   //Open WAV file
  14:Core/Src/wav_player.cpp ****   if(f_open(&wavFile, filePath, FA_READ) != FR_OK)
  90              		.loc 1 14 3 is_stmt 1 view .LVU8
  91              		.loc 1 14 12 is_stmt 0 view .LVU9
  92 000a 0122     		movs	r2, #1
  93 000c FFF7FEFF 		bl	f_open
  94              	.LVL2:
  95              		.loc 1 14 3 view .LVU10
  96 0010 10B1     		cbz	r0, .L6
  15:Core/Src/wav_player.cpp ****   {
  16:Core/Src/wav_player.cpp ****     return 0;
  97              		.loc 1 16 12 view .LVU11
  98 0012 0020     		movs	r0, #0
  99              	.L3:
  17:Core/Src/wav_player.cpp ****   }
  18:Core/Src/wav_player.cpp ****   //Read WAV file Header
ARM GAS  /tmp/ccJbasMF.s 			page 3


  19:Core/Src/wav_player.cpp ****   f_read(&wavFile, &wavHeader, sizeof(wavHeader), &readBytes);
=======
   5:Core/Src/wav_player.cpp ****     i2sx.set_handle(i2sNum);
  90              		.loc 1 5 5 is_stmt 1 view .LVU6
  91              		.loc 1 5 20 is_stmt 0 view .LVU7
  92 005a 6146     		mov	r1, ip
  93 005c 2846     		mov	r0, r5
  94 005e FFF7FEFF 		bl	_ZN3i2s10set_handleENS_7i2s_numE
  95              	.LVL4:
  96              	.LBE6:
   6:Core/Src/wav_player.cpp ****     //Constructor for now there is nothing special to pass on
   7:Core/Src/wav_player.cpp ****     //In the future if we manage to make a FATFS in C++ we pass that on
   8:Core/Src/wav_player.cpp **** }
  97              		.loc 1 8 1 view .LVU8
ARM GAS  /tmp/ccisE8el.s 			page 3


  98 0062 2846     		mov	r0, r5
  99 0064 F8BD     		pop	{r3, r4, r5, r6, r7, pc}
 100              	.LVL5:
 101              	.L4:
 102              		.loc 1 8 1 view .LVU9
 103 0066 00BF     		.align	2
 104              	.L3:
 105 0068 00000000 		.word	.LANCHOR0
 106              		.cfi_endproc
 107              	.LFE141:
 108              		.fnend
 110              		.global	_ZN10wav_playerC1EN3i2s7i2s_numE
 111              		.thumb_set _ZN10wav_playerC1EN3i2s7i2s_numE,_ZN10wav_playerC2EN3i2s7i2s_numE
 112              		.section	.text._ZN10wav_player11file_selectEPc,"ax",%progbits
 113              		.align	1
 114              		.global	_ZN10wav_player11file_selectEPc
 115              		.syntax unified
 116              		.thumb
 117              		.thumb_func
 118              		.fpu fpv4-sp-d16
 120              	_ZN10wav_player11file_selectEPc:
 121              		.fnstart
 122              	.LVL6:
 123              	.LFB143:
   9:Core/Src/wav_player.cpp **** uint8_t wav_player::file_select(char * filePath)
  10:Core/Src/wav_player.cpp **** {
 124              		.loc 1 10 1 is_stmt 1 view -0
 125              		.cfi_startproc
 126              		@ args = 0, pretend = 0, frame = 48
 127              		@ frame_needed = 0, uses_anonymous_args = 0
 128              		.loc 1 10 1 is_stmt 0 view .LVU11
 129 0000 30B5     		push	{r4, r5, lr}
 130              		.save {r4, r5, lr}
 131              	.LCFI1:
 132              		.cfi_def_cfa_offset 12
 133              		.cfi_offset 4, -12
 134              		.cfi_offset 5, -8
 135              		.cfi_offset 14, -4
 136              		.pad #52
 137 0002 8DB0     		sub	sp, sp, #52
 138              	.LCFI2:
 139              		.cfi_def_cfa_offset 64
 140 0004 0446     		mov	r4, r0
  11:Core/Src/wav_player.cpp **** 
  12:Core/Src/wav_player.cpp ****   WAV_HeaderTypeDef wavHeader;
 141              		.loc 1 12 3 is_stmt 1 view .LVU12
  13:Core/Src/wav_player.cpp ****   UINT readBytes = 0;
 142              		.loc 1 13 3 view .LVU13
 143              		.loc 1 13 8 is_stmt 0 view .LVU14
 144 0006 0023     		movs	r3, #0
 145 0008 0093     		str	r3, [sp]
  14:Core/Src/wav_player.cpp ****   //Open WAV file
  15:Core/Src/wav_player.cpp ****   if(f_open(&wavFile, filePath, FA_READ) != FR_OK)
 146              		.loc 1 15 3 is_stmt 1 view .LVU15
 147              		.loc 1 15 12 is_stmt 0 view .LVU16
 148 000a 00F1A805 		add	r5, r0, #168
 149 000e 0122     		movs	r2, #1
ARM GAS  /tmp/ccisE8el.s 			page 4


 150 0010 2846     		mov	r0, r5
 151              	.LVL7:
 152              		.loc 1 15 12 view .LVU17
 153 0012 FFF7FEFF 		bl	f_open
 154              	.LVL8:
 155              		.loc 1 15 3 view .LVU18
 156 0016 10B1     		cbz	r0, .L9
  16:Core/Src/wav_player.cpp ****   {
  17:Core/Src/wav_player.cpp ****     return 0;
 157              		.loc 1 17 12 view .LVU19
 158 0018 0020     		movs	r0, #0
 159              	.L6:
  18:Core/Src/wav_player.cpp ****   }
  19:Core/Src/wav_player.cpp ****   //Read WAV file Header
  20:Core/Src/wav_player.cpp ****   f_read(&wavFile, &wavHeader, sizeof(wavHeader), &readBytes);
  21:Core/Src/wav_player.cpp ****   //Get audio data size
  22:Core/Src/wav_player.cpp ****   fileLength = wavHeader.FileSize;
  23:Core/Src/wav_player.cpp ****   //Play the WAV file with frequency specified in header
  24:Core/Src/wav_player.cpp ****   samplingFreq = wavHeader.SampleRate;
  25:Core/Src/wav_player.cpp ****   return 1;
  26:Core/Src/wav_player.cpp **** 
  27:Core/Src/wav_player.cpp **** }
 160              		.loc 1 27 1 view .LVU20
 161 001a 0DB0     		add	sp, sp, #52
 162              	.LCFI3:
 163              		.cfi_remember_state
 164              		.cfi_def_cfa_offset 12
 165              		@ sp needed
 166 001c 30BD     		pop	{r4, r5, pc}
 167              	.LVL9:
 168              	.L9:
 169              	.LCFI4:
 170              		.cfi_restore_state
>>>>>>> 8c3342ba7dae04446312e2834acd3832612e2df6
  20:Core/Src/wav_player.cpp ****   //Get audio data size
 171              		.loc 1 20 3 is_stmt 1 view .LVU21
  20:Core/Src/wav_player.cpp ****   //Get audio data size
 172              		.loc 1 20 9 is_stmt 0 view .LVU22
 173 001e 6B46     		mov	r3, sp
 174 0020 2C22     		movs	r2, #44
 175 0022 01A9     		add	r1, sp, #4
 176 0024 2846     		mov	r0, r5
 177 0026 FFF7FEFF 		bl	f_read
 178              	.LVL10:
  22:Core/Src/wav_player.cpp ****   //Play the WAV file with frequency specified in header
 179              		.loc 1 22 3 is_stmt 1 view .LVU23
  22:Core/Src/wav_player.cpp ****   //Play the WAV file with frequency specified in header
 180              		.loc 1 22 14 is_stmt 0 view .LVU24
 181 002a 029A     		ldr	r2, [sp, #8]
 182 002c 41F2D803 		movw	r3, #4312
 183 0030 E250     		str	r2, [r4, r3]
  24:Core/Src/wav_player.cpp ****   return 1;
 184              		.loc 1 24 3 is_stmt 1 view .LVU25
  24:Core/Src/wav_player.cpp ****   return 1;
 185              		.loc 1 24 16 is_stmt 0 view .LVU26
 186 0032 079A     		ldr	r2, [sp, #28]
 187 0034 42F2E003 		movw	r3, #8416
 188 0038 E250     		str	r2, [r4, r3]
ARM GAS  /tmp/ccisE8el.s 			page 5


  25:Core/Src/wav_player.cpp **** 
 189              		.loc 1 25 3 is_stmt 1 view .LVU27
  25:Core/Src/wav_player.cpp **** 
<<<<<<< HEAD
  26:Core/Src/wav_player.cpp **** }
 100              		.loc 1 26 1 view .LVU12
 101 0014 0CB0     		add	sp, sp, #48
 102              	.LCFI2:
 103              		.cfi_remember_state
 104              		.cfi_def_cfa_offset 8
 105              		@ sp needed
 106 0016 10BD     		pop	{r4, pc}
 107              	.LVL3:
 108              	.L6:
 109              	.LCFI3:
 110              		.cfi_restore_state
  19:Core/Src/wav_player.cpp ****   //Get audio data size
 111              		.loc 1 19 3 is_stmt 1 view .LVU13
  19:Core/Src/wav_player.cpp ****   //Get audio data size
 112              		.loc 1 19 9 is_stmt 0 view .LVU14
 113 0018 6B46     		mov	r3, sp
 114 001a 2C22     		movs	r2, #44
 115 001c 01A9     		add	r1, sp, #4
 116 001e 2046     		mov	r0, r4
 117 0020 FFF7FEFF 		bl	f_read
 118              	.LVL4:
  21:Core/Src/wav_player.cpp ****   //Play the WAV file with frequency specified in header
 119              		.loc 1 21 3 is_stmt 1 view .LVU15
  21:Core/Src/wav_player.cpp ****   //Play the WAV file with frequency specified in header
 120              		.loc 1 21 14 is_stmt 0 view .LVU16
 121 0024 029A     		ldr	r2, [sp, #8]
 122 0026 41F23003 		movw	r3, #4144
 123 002a E250     		str	r2, [r4, r3]
  23:Core/Src/wav_player.cpp ****   return 1;
 124              		.loc 1 23 3 is_stmt 1 view .LVU17
  23:Core/Src/wav_player.cpp ****   return 1;
 125              		.loc 1 23 16 is_stmt 0 view .LVU18
 126 002c 079A     		ldr	r2, [sp, #28]
 127 002e 42F23803 		movw	r3, #8248
 128 0032 E250     		str	r2, [r4, r3]
  24:Core/Src/wav_player.cpp **** 
 129              		.loc 1 24 3 is_stmt 1 view .LVU19
  24:Core/Src/wav_player.cpp **** 
 130              		.loc 1 24 10 is_stmt 0 view .LVU20
 131 0034 0120     		movs	r0, #1
 132 0036 EDE7     		b	.L3
 133              		.cfi_endproc
 134              	.LFE140:
 135              		.fnend
 137              		.section	.text._ZN10wav_player4stopEv,"ax",%progbits
 138              		.align	1
 139              		.global	_ZN10wav_player4stopEv
 140              		.syntax unified
 141              		.thumb
ARM GAS  /tmp/ccJbasMF.s 			page 4


 142              		.thumb_func
 143              		.fpu fpv4-sp-d16
 145              	_ZN10wav_player4stopEv:
 146              		.fnstart
 147              	.LVL5:
 148              	.LFB142:
  27:Core/Src/wav_player.cpp **** 
  28:Core/Src/wav_player.cpp **** void wav_player::process()
  29:Core/Src/wav_player.cpp **** {
  30:Core/Src/wav_player.cpp ****   switch(playerControlSM)
  31:Core/Src/wav_player.cpp ****   {
  32:Core/Src/wav_player.cpp ****   case PLAYER_CONTROL_Idle:
  33:Core/Src/wav_player.cpp ****     break;
  34:Core/Src/wav_player.cpp **** 
  35:Core/Src/wav_player.cpp ****   case PLAYER_CONTROL_HalfBuffer:
  36:Core/Src/wav_player.cpp ****     playerReadBytes = 0;
  37:Core/Src/wav_player.cpp ****     playerControlSM = PLAYER_CONTROL_Idle;
  38:Core/Src/wav_player.cpp ****     f_read (&wavFile, &audioBuffer[0], AUDIO_BUFFER_SIZE/2, &playerReadBytes);
  39:Core/Src/wav_player.cpp ****     if(audioRemainSize > (AUDIO_BUFFER_SIZE / 2))
  40:Core/Src/wav_player.cpp ****     {
  41:Core/Src/wav_player.cpp ****       audioRemainSize -= playerReadBytes;
  42:Core/Src/wav_player.cpp ****     }
  43:Core/Src/wav_player.cpp ****     else
  44:Core/Src/wav_player.cpp ****     {
  45:Core/Src/wav_player.cpp ****       audioRemainSize = 0;
  46:Core/Src/wav_player.cpp ****       playerControlSM = PLAYER_CONTROL_EndOfFile;
  47:Core/Src/wav_player.cpp ****     }
  48:Core/Src/wav_player.cpp ****     break;
  49:Core/Src/wav_player.cpp **** 
  50:Core/Src/wav_player.cpp ****   case PLAYER_CONTROL_FullBuffer:
  51:Core/Src/wav_player.cpp ****     //audioI2S_resume();
  52:Core/Src/wav_player.cpp ****     playerReadBytes = 0;
  53:Core/Src/wav_player.cpp ****     playerControlSM = PLAYER_CONTROL_Idle;
  54:Core/Src/wav_player.cpp ****     f_read (&wavFile, &audioBuffer[AUDIO_BUFFER_SIZE/2], AUDIO_BUFFER_SIZE/2, &playerReadBytes);
  55:Core/Src/wav_player.cpp ****     //myprintf1("File Select Done %s",audioBuffer);
  56:Core/Src/wav_player.cpp **** 
=======
 190              		.loc 1 25 10 is_stmt 0 view .LVU28
 191 003a 0120     		movs	r0, #1
 192 003c EDE7     		b	.L6
 193              		.cfi_endproc
 194              	.LFE143:
 195              		.fnend
 197              		.section	.text._ZN10wav_player4playEv,"ax",%progbits
 198              		.align	1
 199              		.global	_ZN10wav_player4playEv
 200              		.syntax unified
 201              		.thumb
 202              		.thumb_func
 203              		.fpu fpv4-sp-d16
 205              	_ZN10wav_player4playEv:
 206              		.fnstart
 207              	.LVL11:
 208              	.LFB144:
  28:Core/Src/wav_player.cpp **** 
  29:Core/Src/wav_player.cpp **** /**
  30:Core/Src/wav_player.cpp ****  * @brief WAV File Play
  31:Core/Src/wav_player.cpp ****  */
  32:Core/Src/wav_player.cpp **** void wav_player::play(void)
  33:Core/Src/wav_player.cpp **** {
 209              		.loc 1 33 1 is_stmt 1 view -0
 210              		.cfi_startproc
 211              		@ args = 0, pretend = 0, frame = 0
 212              		@ frame_needed = 0, uses_anonymous_args = 0
 213              		.loc 1 33 1 is_stmt 0 view .LVU30
 214 0000 F8B5     		push	{r3, r4, r5, r6, r7, lr}
 215              		.save {r3, r4, r5, r6, r7, lr}
 216              	.LCFI5:
 217              		.cfi_def_cfa_offset 24
 218              		.cfi_offset 3, -24
 219              		.cfi_offset 4, -20
 220              		.cfi_offset 5, -16
 221              		.cfi_offset 6, -12
 222              		.cfi_offset 7, -8
 223              		.cfi_offset 14, -4
 224 0002 0446     		mov	r4, r0
  34:Core/Src/wav_player.cpp ****   isFinished = false;
 225              		.loc 1 34 3 is_stmt 1 view .LVU31
 226              		.loc 1 34 14 is_stmt 0 view .LVU32
 227 0004 0025     		movs	r5, #0
 228 0006 42F2E803 		movw	r3, #8424
 229 000a C554     		strb	r5, [r0, r3]
  35:Core/Src/wav_player.cpp ****   //Initialise I2S Audio Sampling settings
  36:Core/Src/wav_player.cpp ****   i2sx.init(samplingFreq);
 230              		.loc 1 36 3 is_stmt 1 view .LVU33
 231              		.loc 1 36 12 is_stmt 0 view .LVU34
 232 000c 42F2E003 		movw	r3, #8416
 233 0010 C158     		ldr	r1, [r0, r3]
 234 0012 FFF7FEFF 		bl	_ZN3i2s4initEm
 235              	.LVL12:
  37:Core/Src/wav_player.cpp ****   //Read Audio data from USB Disk
ARM GAS  /tmp/ccisE8el.s 			page 6


  38:Core/Src/wav_player.cpp ****   f_lseek(&wavFile, 0);
 236              		.loc 1 38 3 is_stmt 1 view .LVU35
 237              		.loc 1 38 10 is_stmt 0 view .LVU36
 238 0016 04F1A807 		add	r7, r4, #168
 239 001a 2946     		mov	r1, r5
 240 001c 3846     		mov	r0, r7
 241 001e FFF7FEFF 		bl	f_lseek
 242              	.LVL13:
  39:Core/Src/wav_player.cpp ****   f_read (&wavFile, &audioBuffer[0], AUDIO_BUFFER_SIZE, &playerReadBytes);
 243              		.loc 1 39 3 is_stmt 1 view .LVU37
 244              		.loc 1 39 21 is_stmt 0 view .LVU38
 245 0022 04F58655 		add	r5, r4, #4288
 246 0026 1C35     		adds	r5, r5, #28
 247              		.loc 1 39 10 view .LVU39
 248 0028 42F2E406 		movw	r6, #8420
 249 002c A319     		adds	r3, r4, r6
 250 002e 4FF48052 		mov	r2, #4096
 251 0032 2946     		mov	r1, r5
 252 0034 3846     		mov	r0, r7
 253 0036 FFF7FEFF 		bl	f_read
 254              	.LVL14:
  40:Core/Src/wav_player.cpp ****   audioRemainSize = fileLength - playerReadBytes;
 255              		.loc 1 40 3 is_stmt 1 view .LVU40
 256              		.loc 1 40 21 is_stmt 0 view .LVU41
 257 003a 41F2D803 		movw	r3, #4312
 258 003e E358     		ldr	r3, [r4, r3]
 259              		.loc 1 40 34 view .LVU42
 260 0040 A259     		ldr	r2, [r4, r6]
 261              		.loc 1 40 32 view .LVU43
 262 0042 9B1A     		subs	r3, r3, r2
 263              		.loc 1 40 19 view .LVU44
 264 0044 42F2DC02 		movw	r2, #8412
 265 0048 A350     		str	r3, [r4, r2]
  41:Core/Src/wav_player.cpp ****   //Start playing the WAV
  42:Core/Src/wav_player.cpp **** 
  43:Core/Src/wav_player.cpp ****   i2sx.play((uint16_t *)&audioBuffer[0], AUDIO_BUFFER_SIZE);
 266              		.loc 1 43 3 is_stmt 1 view .LVU45
 267              		.loc 1 43 12 is_stmt 0 view .LVU46
 268 004a 4FF48052 		mov	r2, #4096
 269 004e 2946     		mov	r1, r5
 270 0050 2046     		mov	r0, r4
 271 0052 FFF7FEFF 		bl	_ZN3i2s4playEPtm
 272              	.LVL15:
  44:Core/Src/wav_player.cpp **** }
 273              		.loc 1 44 1 view .LVU47
 274 0056 F8BD     		pop	{r3, r4, r5, r6, r7, pc}
 275              		.loc 1 44 1 view .LVU48
 276              		.cfi_endproc
 277              	.LFE144:
 278              		.fnend
 280              		.section	.text._ZN10wav_player4stopEv,"ax",%progbits
 281              		.align	1
 282              		.global	_ZN10wav_player4stopEv
 283              		.syntax unified
 284              		.thumb
 285              		.thumb_func
 286              		.fpu fpv4-sp-d16
ARM GAS  /tmp/ccisE8el.s 			page 7


 288              	_ZN10wav_player4stopEv:
 289              		.fnstart
 290              	.LVL16:
 291              	.LFB146:
  45:Core/Src/wav_player.cpp **** 
  46:Core/Src/wav_player.cpp **** void wav_player::process()
  47:Core/Src/wav_player.cpp **** {
  48:Core/Src/wav_player.cpp ****   switch(playerControlSM)
  49:Core/Src/wav_player.cpp ****   {
  50:Core/Src/wav_player.cpp ****   case PLAYER_CONTROL_Idle:
  51:Core/Src/wav_player.cpp ****     break;
  52:Core/Src/wav_player.cpp **** 
  53:Core/Src/wav_player.cpp ****   case PLAYER_CONTROL_HalfBuffer:
  54:Core/Src/wav_player.cpp ****     playerReadBytes = 0;
  55:Core/Src/wav_player.cpp ****     playerControlSM = PLAYER_CONTROL_Idle;
  56:Core/Src/wav_player.cpp ****     f_read (&wavFile, &audioBuffer[0], AUDIO_BUFFER_SIZE/2, &playerReadBytes);
>>>>>>> 8c3342ba7dae04446312e2834acd3832612e2df6
  57:Core/Src/wav_player.cpp ****     if(audioRemainSize > (AUDIO_BUFFER_SIZE / 2))
  58:Core/Src/wav_player.cpp ****     {
  59:Core/Src/wav_player.cpp ****       audioRemainSize -= playerReadBytes;
  60:Core/Src/wav_player.cpp ****     }
  61:Core/Src/wav_player.cpp ****     else
  62:Core/Src/wav_player.cpp ****     {
  63:Core/Src/wav_player.cpp ****       audioRemainSize = 0;
  64:Core/Src/wav_player.cpp ****       playerControlSM = PLAYER_CONTROL_EndOfFile;
  65:Core/Src/wav_player.cpp ****     }
  66:Core/Src/wav_player.cpp ****     break;
  67:Core/Src/wav_player.cpp **** 
<<<<<<< HEAD
  68:Core/Src/wav_player.cpp ****   case PLAYER_CONTROL_EndOfFile:
  69:Core/Src/wav_player.cpp ****     f_close(&wavFile);
  70:Core/Src/wav_player.cpp ****     reset();
  71:Core/Src/wav_player.cpp ****     isFinished = 1;
  72:Core/Src/wav_player.cpp ****     playerControlSM = PLAYER_CONTROL_Idle;
  73:Core/Src/wav_player.cpp ****     break;
  74:Core/Src/wav_player.cpp ****   }
  75:Core/Src/wav_player.cpp **** }
  76:Core/Src/wav_player.cpp **** 
  77:Core/Src/wav_player.cpp **** /**
ARM GAS  /tmp/ccJbasMF.s 			page 5


  78:Core/Src/wav_player.cpp ****  * @brief WAV stop
  79:Core/Src/wav_player.cpp ****  */
  80:Core/Src/wav_player.cpp **** void wav_player::stop(void)
  81:Core/Src/wav_player.cpp **** {
 149              		.loc 1 81 1 is_stmt 1 view -0
 150              		.cfi_startproc
 151              		@ args = 0, pretend = 0, frame = 0
 152              		@ frame_needed = 0, uses_anonymous_args = 0
 153              		.loc 1 81 1 is_stmt 0 view .LVU22
 154 0000 10B5     		push	{r4, lr}
 155              	.LCFI4:
 156              		.cfi_def_cfa_offset 8
 157              		.cfi_offset 4, -8
 158              		.cfi_offset 14, -4
 159 0002 0446     		mov	r4, r0
  82:Core/Src/wav_player.cpp ****   stop();
 160              		.loc 1 82 3 is_stmt 1 view .LVU23
 161              		.loc 1 82 7 is_stmt 0 view .LVU24
 162 0004 FFF7FEFF 		bl	_ZN10wav_player4stopEv
 163              	.LVL6:
  83:Core/Src/wav_player.cpp ****   isFinished = true;
 164              		.loc 1 83 3 is_stmt 1 view .LVU25
 165              		.loc 1 83 14 is_stmt 0 view .LVU26
 166 0008 04F50154 		add	r4, r4, #8256
 167              	.LVL7:
 168              		.loc 1 83 14 view .LVU27
 169 000c 0123     		movs	r3, #1
 170 000e 2370     		strb	r3, [r4]
  84:Core/Src/wav_player.cpp **** }
 171              		.loc 1 84 1 view .LVU28
 172 0010 10BD     		pop	{r4, pc}
 173              		.loc 1 84 1 view .LVU29
 174              		.cfi_endproc
 175              	.LFE142:
 176              		.cantunwind
 177              		.fnend
 179              		.section	.text._ZN10wav_player5pauseEv,"ax",%progbits
 180              		.align	1
 181              		.global	_ZN10wav_player5pauseEv
 182              		.syntax unified
 183              		.thumb
 184              		.thumb_func
 185              		.fpu fpv4-sp-d16
 187              	_ZN10wav_player5pauseEv:
 188              		.fnstart
 189              	.LVL8:
 190              	.LFB143:
  85:Core/Src/wav_player.cpp **** 
  86:Core/Src/wav_player.cpp **** 
  87:Core/Src/wav_player.cpp **** void wav_player::pause(void)
  88:Core/Src/wav_player.cpp **** {
 191              		.loc 1 88 1 is_stmt 1 view -0
 192              		.cfi_startproc
 193              		@ args = 0, pretend = 0, frame = 0
 194              		@ frame_needed = 0, uses_anonymous_args = 0
 195              		.loc 1 88 1 is_stmt 0 view .LVU31
 196 0000 08B5     		push	{r3, lr}
ARM GAS  /tmp/ccJbasMF.s 			page 6


 197              	.LCFI5:
 198              		.cfi_def_cfa_offset 8
 199              		.cfi_offset 3, -8
 200              		.cfi_offset 14, -4
  89:Core/Src/wav_player.cpp ****   pause();
 201              		.loc 1 89 3 is_stmt 1 view .LVU32
 202              		.loc 1 89 8 is_stmt 0 view .LVU33
 203 0002 FFF7FEFF 		bl	_ZN10wav_player5pauseEv
 204              	.LVL9:
  90:Core/Src/wav_player.cpp **** }
 205              		.loc 1 90 1 view .LVU34
 206 0006 08BD     		pop	{r3, pc}
 207              		.cfi_endproc
 208              	.LFE143:
 209              		.cantunwind
 210              		.fnend
 212              		.section	.text._ZN10wav_player6resumeEv,"ax",%progbits
 213              		.align	1
 214              		.global	_ZN10wav_player6resumeEv
 215              		.syntax unified
 216              		.thumb
 217              		.thumb_func
 218              		.fpu fpv4-sp-d16
 220              	_ZN10wav_player6resumeEv:
 221              		.fnstart
 222              	.LVL10:
 223              	.LFB144:
  91:Core/Src/wav_player.cpp **** 
  92:Core/Src/wav_player.cpp **** void wav_player::resume(void)
  93:Core/Src/wav_player.cpp **** {
 224              		.loc 1 93 1 is_stmt 1 view -0
 225              		.cfi_startproc
 226              		@ args = 0, pretend = 0, frame = 0
 227              		@ frame_needed = 0, uses_anonymous_args = 0
 228              		.loc 1 93 1 is_stmt 0 view .LVU36
 229 0000 08B5     		push	{r3, lr}
 230              	.LCFI6:
 231              		.cfi_def_cfa_offset 8
 232              		.cfi_offset 3, -8
 233              		.cfi_offset 14, -4
  94:Core/Src/wav_player.cpp ****   resume();
 234              		.loc 1 94 3 is_stmt 1 view .LVU37
 235              		.loc 1 94 9 is_stmt 0 view .LVU38
 236 0002 FFF7FEFF 		bl	_ZN10wav_player6resumeEv
 237              	.LVL11:
  95:Core/Src/wav_player.cpp **** }
 238              		.loc 1 95 1 view .LVU39
 239 0006 08BD     		pop	{r3, pc}
 240              		.cfi_endproc
 241              	.LFE144:
 242              		.cantunwind
 243              		.fnend
 245              		.section	.text._ZN10wav_player11isEndOfFileEv,"ax",%progbits
 246              		.align	1
 247              		.global	_ZN10wav_player11isEndOfFileEv
 248              		.syntax unified
 249              		.thumb
ARM GAS  /tmp/ccJbasMF.s 			page 7


 250              		.thumb_func
 251              		.fpu fpv4-sp-d16
 253              	_ZN10wav_player11isEndOfFileEv:
 254              		.fnstart
 255              	.LVL12:
 256              	.LFB145:
  96:Core/Src/wav_player.cpp **** 
  97:Core/Src/wav_player.cpp **** 
  98:Core/Src/wav_player.cpp **** bool wav_player::isEndOfFile(void)
=======
  68:Core/Src/wav_player.cpp ****   case PLAYER_CONTROL_FullBuffer:
  69:Core/Src/wav_player.cpp ****     //audioI2S_resume();
  70:Core/Src/wav_player.cpp ****     playerReadBytes = 0;
  71:Core/Src/wav_player.cpp ****     playerControlSM = PLAYER_CONTROL_Idle;
  72:Core/Src/wav_player.cpp ****     f_read (&wavFile, &audioBuffer[AUDIO_BUFFER_SIZE/2], AUDIO_BUFFER_SIZE/2, &playerReadBytes);
  73:Core/Src/wav_player.cpp ****     //myprintf1("File Select Done %s",audioBuffer);
  74:Core/Src/wav_player.cpp **** 
  75:Core/Src/wav_player.cpp ****     if(audioRemainSize > (AUDIO_BUFFER_SIZE / 2))
  76:Core/Src/wav_player.cpp ****     {
  77:Core/Src/wav_player.cpp ****       audioRemainSize -= playerReadBytes;
  78:Core/Src/wav_player.cpp ****     }
  79:Core/Src/wav_player.cpp ****     else
  80:Core/Src/wav_player.cpp ****     {
  81:Core/Src/wav_player.cpp ****       audioRemainSize = 0;
  82:Core/Src/wav_player.cpp ****       playerControlSM = PLAYER_CONTROL_EndOfFile;
  83:Core/Src/wav_player.cpp ****     }
  84:Core/Src/wav_player.cpp ****     break;
  85:Core/Src/wav_player.cpp **** 
  86:Core/Src/wav_player.cpp ****   case PLAYER_CONTROL_EndOfFile:
  87:Core/Src/wav_player.cpp ****     f_close(&wavFile);
  88:Core/Src/wav_player.cpp ****     reset();
  89:Core/Src/wav_player.cpp ****     isFinished = 1;
  90:Core/Src/wav_player.cpp ****     playerControlSM = PLAYER_CONTROL_Idle;
  91:Core/Src/wav_player.cpp ****     break;
  92:Core/Src/wav_player.cpp ****   }
  93:Core/Src/wav_player.cpp **** }
  94:Core/Src/wav_player.cpp **** 
  95:Core/Src/wav_player.cpp **** /**
  96:Core/Src/wav_player.cpp ****  * @brief WAV stop
  97:Core/Src/wav_player.cpp ****  */
ARM GAS  /tmp/ccisE8el.s 			page 8


  98:Core/Src/wav_player.cpp **** void wav_player::stop(void)
>>>>>>> 8c3342ba7dae04446312e2834acd3832612e2df6
  99:Core/Src/wav_player.cpp **** {
 292              		.loc 1 99 1 is_stmt 1 view -0
 293              		.cfi_startproc
 294              		@ args = 0, pretend = 0, frame = 0
 295              		@ frame_needed = 0, uses_anonymous_args = 0
 296              		.loc 1 99 1 is_stmt 0 view .LVU50
 297 0000 10B5     		push	{r4, lr}
 298              		.save {r4, lr}
 299              	.LCFI6:
 300              		.cfi_def_cfa_offset 8
 301              		.cfi_offset 4, -8
 302              		.cfi_offset 14, -4
 303 0002 0446     		mov	r4, r0
 100:Core/Src/wav_player.cpp ****   i2sx.stop();
 304              		.loc 1 100 3 is_stmt 1 view .LVU51
 305              		.loc 1 100 12 is_stmt 0 view .LVU52
 306 0004 FFF7FEFF 		bl	_ZN3i2s4stopEv
 307              	.LVL17:
 101:Core/Src/wav_player.cpp ****   isFinished = true;
 308              		.loc 1 101 3 is_stmt 1 view .LVU53
 309              		.loc 1 101 14 is_stmt 0 view .LVU54
 310 0008 42F2E803 		movw	r3, #8424
 311 000c 0122     		movs	r2, #1
 312 000e E254     		strb	r2, [r4, r3]
 102:Core/Src/wav_player.cpp **** }
 313              		.loc 1 102 1 view .LVU55
 314 0010 10BD     		pop	{r4, pc}
 315              		.loc 1 102 1 view .LVU56
 316              		.cfi_endproc
 317              	.LFE146:
 318              		.fnend
 320              		.section	.text._ZN10wav_player5pauseEv,"ax",%progbits
 321              		.align	1
 322              		.global	_ZN10wav_player5pauseEv
 323              		.syntax unified
 324              		.thumb
 325              		.thumb_func
 326              		.fpu fpv4-sp-d16
 328              	_ZN10wav_player5pauseEv:
 329              		.fnstart
 330              	.LVL18:
 331              	.LFB147:
 103:Core/Src/wav_player.cpp **** 
<<<<<<< HEAD
 104:Core/Src/wav_player.cpp **** void wav_player::reset(void)
 105:Core/Src/wav_player.cpp **** {
 291              		.loc 1 105 1 is_stmt 1 view -0
 292              		.cfi_startproc
 293              		@ args = 0, pretend = 0, frame = 0
 294              		@ frame_needed = 0, uses_anonymous_args = 0
 295              		@ link register save eliminated.
 106:Core/Src/wav_player.cpp ****   audioRemainSize = 0;
 296              		.loc 1 106 3 view .LVU46
 297              		.loc 1 106 19 is_stmt 0 view .LVU47
 298 0000 0023     		movs	r3, #0
ARM GAS  /tmp/ccJbasMF.s 			page 8


 299 0002 42F23402 		movw	r2, #8244
 300 0006 8350     		str	r3, [r0, r2]
 107:Core/Src/wav_player.cpp ****   playerReadBytes = 0;
 301              		.loc 1 107 3 is_stmt 1 view .LVU48
 302              		.loc 1 107 19 is_stmt 0 view .LVU49
 303 0008 42F23C02 		movw	r2, #8252
 304 000c 8350     		str	r3, [r0, r2]
 108:Core/Src/wav_player.cpp **** }...
 305              		.loc 1 108 1 view .LVU50
 306 000e 7047     		bx	lr
 307              		.cfi_endproc
 308              	.LFE146:
 309              		.cantunwind
 310              		.fnend
 312              		.section	.text._ZN10wav_player7processEv,"ax",%progbits
 313              		.align	1
 314              		.global	_ZN10wav_player7processEv
 315              		.syntax unified
 316              		.thumb
 317              		.thumb_func
 318              		.fpu fpv4-sp-d16
 320              	_ZN10wav_player7processEv:
 321              		.fnstart
 322              	.LVL16:
 323              	.LFB141:
  29:Core/Src/wav_player.cpp **** {
 324              		.loc 1 29 1 is_stmt 1 view -0
 325              		.cfi_startproc
 326              		@ args = 0, pretend = 0, frame = 0
 327              		@ frame_needed = 0, uses_anonymous_args = 0
  29:Core/Src/wav_player.cpp **** {
 328              		.loc 1 29 1 is_stmt 0 view .LVU52
 329 0000 10B5     		push	{r4, lr}
 330              		.save {r4, lr}
 331              	.LCFI7:
 332              		.cfi_def_cfa_offset 8
 333              		.cfi_offset 4, -8
 334              		.cfi_offset 14, -4
 335 0002 0446     		mov	r4, r0
  30:Core/Src/wav_player.cpp ****   switch(playerControlSM)
 336              		.loc 1 30 3 is_stmt 1 view .LVU53
  30:Core/Src/wav_player.cpp ****   switch(playerControlSM)
 337              		.loc 1 30 10 is_stmt 0 view .LVU54
 338 0004 42F24103 		movw	r3, #8257
 339 0008 C35C     		ldrb	r3, [r0, r3]	@ zero_extendqisi2
 340 000a DBB2     		uxtb	r3, r3
  30:Core/Src/wav_player.cpp ****   switch(playerControlSM)
 341              		.loc 1 30 3 view .LVU55
 342 000c 022B     		cmp	r3, #2
 343 000e 2BD0     		beq	.L16
 344 0010 032B     		cmp	r3, #3
 345 0012 50D0     		beq	.L17
 346 0014 012B     		cmp	r3, #1
 347 0016 00D0     		beq	.L22
 348              	.LVL17:
 349              	.L15:
  75:Core/Src/wav_player.cpp **** }
ARM GAS  /tmp/ccJbasMF.s 			page 9


 350              		.loc 1 75 1 view .LVU56
 351 0018 10BD     		pop	{r4, pc}
 352              	.LVL18:
 353              	.L22:
  35:Core/Src/wav_player.cpp ****   case PLAYER_CONTROL_HalfBuffer:
 354              		.loc 1 35 3 is_stmt 1 view .LVU57
  36:Core/Src/wav_player.cpp ****     playerReadBytes = 0;
 355              		.loc 1 36 5 view .LVU58
  36:Core/Src/wav_player.cpp ****     playerReadBytes = 0;
 356              		.loc 1 36 21 is_stmt 0 view .LVU59
 357 001a 42F23C03 		movw	r3, #8252
 358 001e 0022     		movs	r2, #0
 359 0020 C250     		str	r2, [r0, r3]
  37:Core/Src/wav_player.cpp ****     playerControlSM = PLAYER_CONTROL_Idle;
 360              		.loc 1 37 5 is_stmt 1 view .LVU60
  37:Core/Src/wav_player.cpp ****     playerControlSM = PLAYER_CONTROL_Idle;
 361              		.loc 1 37 21 is_stmt 0 view .LVU61
 362 0022 42F24101 		movw	r1, #8257
 363 0026 4254     		strb	r2, [r0, r1]
  38:Core/Src/wav_player.cpp ****     f_read (&wavFile, &audioBuffer[0], AUDIO_BUFFER_SIZE/2, &playerReadBytes);
 364              		.loc 1 38 5 is_stmt 1 view .LVU62
  38:Core/Src/wav_player.cpp ****     f_read (&wavFile, &audioBuffer[0], AUDIO_BUFFER_SIZE/2, &playerReadBytes);
 365              		.loc 1 38 12 is_stmt 0 view .LVU63
 366 0028 0344     		add	r3, r3, r0
 367 002a 4FF40062 		mov	r2, #2048
 368 002e 00F58151 		add	r1, r0, #4128
 369 0032 1431     		adds	r1, r1, #20
 370 0034 FFF7FEFF 		bl	f_read
 371              	.LVL19:
  39:Core/Src/wav_player.cpp ****     if(audioRemainSize > (AUDIO_BUFFER_SIZE / 2))
 372              		.loc 1 39 5 is_stmt 1 view .LVU64
  39:Core/Src/wav_player.cpp ****     if(audioRemainSize > (AUDIO_BUFFER_SIZE / 2))
 373              		.loc 1 39 8 is_stmt 0 view .LVU65
 374 0038 42F23403 		movw	r3, #8244
 375 003c E358     		ldr	r3, [r4, r3]
  39:Core/Src/wav_player.cpp ****     if(audioRemainSize > (AUDIO_BUFFER_SIZE / 2))
 376              		.loc 1 39 5 view .LVU66
 377 003e B3F5006F 		cmp	r3, #2048
 378 0042 08D9     		bls	.L19
  41:Core/Src/wav_player.cpp ****       audioRemainSize -= playerReadBytes;
 379              		.loc 1 41 7 is_stmt 1 view .LVU67
  41:Core/Src/wav_player.cpp ****       audioRemainSize -= playerReadBytes;
 380              		.loc 1 41 23 is_stmt 0 view .LVU68
 381 0044 42F23402 		movw	r2, #8244
 382 0048 A358     		ldr	r3, [r4, r2]
  41:Core/Src/wav_player.cpp ****       audioRemainSize -= playerReadBytes;
 383              		.loc 1 41 26 view .LVU69
 384 004a 42F23C01 		movw	r1, #8252
 385 004e 6158     		ldr	r1, [r4, r1]
  41:Core/Src/wav_player.cpp ****       audioRemainSize -= playerReadBytes;
 386              		.loc 1 41 23 view .LVU70
 387 0050 5B1A     		subs	r3, r3, r1
 388 0052 A350     		str	r3, [r4, r2]
 389 0054 E0E7     		b	.L15
 390              	.L19:
  45:Core/Src/wav_player.cpp ****       audioRemainSize = 0;
 391              		.loc 1 45 7 is_stmt 1 view .LVU71
ARM GAS  /tmp/ccJbasMF.s 			page 10


  45:Core/Src/wav_player.cpp ****       audioRemainSize = 0;
 392              		.loc 1 45 23 is_stmt 0 view .LVU72
 393 0056 42F23403 		movw	r3, #8244
 394 005a 0022     		movs	r2, #0
 395 005c E250     		str	r2, [r4, r3]
  46:Core/Src/wav_player.cpp ****       playerControlSM = PLAYER_CONTROL_EndOfFile;
 396              		.loc 1 46 7 is_stmt 1 view .LVU73
  46:Core/Src/wav_player.cpp ****       playerControlSM = PLAYER_CONTROL_EndOfFile;
 397              		.loc 1 46 23 is_stmt 0 view .LVU74
 398 005e 42F24103 		movw	r3, #8257
 399 0062 0322     		movs	r2, #3
 400 0064 E254     		strb	r2, [r4, r3]
 401 0066 D7E7     		b	.L15
 402              	.LVL20:
 403              	.L16:
  50:Core/Src/wav_player.cpp ****   case PLAYER_CONTROL_FullBuffer:
 404              		.loc 1 50 3 is_stmt 1 view .LVU75
  52:Core/Src/wav_player.cpp ****     playerReadBytes = 0;
 405              		.loc 1 52 5 view .LVU76
  52:Core/Src/wav_player.cpp ****     playerReadBytes = 0;
 406              		.loc 1 52 21 is_stmt 0 view .LVU77
 407 0068 42F23C03 		movw	r3, #8252
 408 006c 0022     		movs	r2, #0
 409 006e C250     		str	r2, [r0, r3]
  53:Core/Src/wav_player.cpp ****     playerControlSM = PLAYER_CONTROL_Idle;
 410              		.loc 1 53 5 is_stmt 1 view .LVU78
  53:Core/Src/wav_player.cpp ****     playerControlSM = PLAYER_CONTROL_Idle;
 411              		.loc 1 53 21 is_stmt 0 view .LVU79
 412 0070 42F24101 		movw	r1, #8257
 413 0074 4254     		strb	r2, [r0, r1]
  54:Core/Src/wav_player.cpp ****     f_read (&wavFile, &audioBuffer[AUDIO_BUFFER_SIZE/2], AUDIO_BUFFER_SIZE/2, &playerReadBytes);
 414              		.loc 1 54 5 is_stmt 1 view .LVU80
  54:Core/Src/wav_player.cpp ****     f_read (&wavFile, &audioBuffer[AUDIO_BUFFER_SIZE/2], AUDIO_BUFFER_SIZE/2, &playerReadBytes);
 415              		.loc 1 54 12 is_stmt 0 view .LVU81
 416 0076 0344     		add	r3, r3, r0
 417 0078 4FF40062 		mov	r2, #2048
 418 007c 00F5C151 		add	r1, r0, #6176
 419 0080 1431     		adds	r1, r1, #20
 420 0082 FFF7FEFF 		bl	f_read
 421              	.LVL21:
  57:Core/Src/wav_player.cpp ****     if(audioRemainSize > (AUDIO_BUFFER_SIZE / 2))
 422              		.loc 1 57 5 is_stmt 1 view .LVU82
  57:Core/Src/wav_player.cpp ****     if(audioRemainSize > (AUDIO_BUFFER_SIZE / 2))
 423              		.loc 1 57 8 is_stmt 0 view .LVU83
 424 0086 42F23403 		movw	r3, #8244
 425 008a E358     		ldr	r3, [r4, r3]
  57:Core/Src/wav_player.cpp ****     if(audioRemainSize > (AUDIO_BUFFER_SIZE / 2))
 426              		.loc 1 57 5 view .LVU84
 427 008c B3F5006F 		cmp	r3, #2048
 428 0090 08D9     		bls	.L20
  59:Core/Src/wav_player.cpp ****       audioRemainSize -= playerReadBytes;
 429              		.loc 1 59 7 is_stmt 1 view .LVU85
  59:Core/Src/wav_player.cpp ****       audioRemainSize -= playerReadBytes;
 430              		.loc 1 59 23 is_stmt 0 view .LVU86
 431 0092 42F23402 		movw	r2, #8244
 432 0096 A358     		ldr	r3, [r4, r2]
  59:Core/Src/wav_player.cpp ****       audioRemainSize -= playerReadBytes;
ARM GAS  /tmp/ccJbasMF.s 			page 11


 433              		.loc 1 59 26 view .LVU87
 434 0098 42F23C01 		movw	r1, #8252
 435 009c 6158     		ldr	r1, [r4, r1]
  59:Core/Src/wav_player.cpp ****       audioRemainSize -= playerReadBytes;
 436              		.loc 1 59 23 view .LVU88
 437 009e 5B1A     		subs	r3, r3, r1
 438 00a0 A350     		str	r3, [r4, r2]
 439 00a2 B9E7     		b	.L15
 440              	.L20:
  63:Core/Src/wav_player.cpp ****       audioRemainSize = 0;
 441              		.loc 1 63 7 is_stmt 1 view .LVU89
  63:Core/Src/wav_player.cpp ****       audioRemainSize = 0;
 442              		.loc 1 63 23 is_stmt 0 view .LVU90
 443 00a4 42F23403 		movw	r3, #8244
 444 00a8 0022     		movs	r2, #0
 445 00aa E250     		str	r2, [r4, r3]
  64:Core/Src/wav_player.cpp ****       playerControlSM = PLAYER_CONTROL_EndOfFile;
 446              		.loc 1 64 7 is_stmt 1 view .LVU91
  64:Core/Src/wav_player.cpp ****       playerControlSM = PLAYER_CONTROL_EndOfFile;
 447              		.loc 1 64 23 is_stmt 0 view .LVU92
 448 00ac 42F24103 		movw	r3, #8257
 449 00b0 0322     		movs	r2, #3
 450 00b2 E254     		strb	r2, [r4, r3]
 451 00b4 B0E7     		b	.L15
 452              	.LVL22:
 453              	.L17:
  68:Core/Src/wav_player.cpp ****   case PLAYER_CONTROL_EndOfFile:
 454              		.loc 1 68 3 is_stmt 1 view .LVU93
  69:Core/Src/wav_player.cpp ****     f_close(&wavFile);
 455              		.loc 1 69 5 view .LVU94
  69:Core/Src/wav_player.cpp ****     f_close(&wavFile);
 456              		.loc 1 69 12 is_stmt 0 view .LVU95
 457 00b6 FFF7FEFF 		bl	f_close
 458              	.LVL23:
  70:Core/Src/wav_player.cpp ****     reset();
 459              		.loc 1 70 5 is_stmt 1 view .LVU96
  70:Core/Src/wav_player.cpp ****     reset();
 460              		.loc 1 70 10 is_stmt 0 view .LVU97
 461 00ba 2046     		mov	r0, r4
 462 00bc FFF7FEFF 		bl	_ZN10wav_player5resetEv
 463              	.LVL24:
  71:Core/Src/wav_player.cpp ****     isFinished = 1;
 464              		.loc 1 71 5 is_stmt 1 view .LVU98
  71:Core/Src/wav_player.cpp ****     isFinished = 1;
 465              		.loc 1 71 16 is_stmt 0 view .LVU99
 466 00c0 04F50153 		add	r3, r4, #8256
 467 00c4 0122     		movs	r2, #1
 468 00c6 1A70     		strb	r2, [r3]
  72:Core/Src/wav_player.cpp ****     playerControlSM = PLAYER_CONTROL_Idle;
 469              		.loc 1 72 5 is_stmt 1 view .LVU100
  72:Core/Src/wav_player.cpp ****     playerControlSM = PLAYER_CONTROL_Idle;
 470              		.loc 1 72 21 is_stmt 0 view .LVU101
 471 00c8 42F24103 		movw	r3, #8257
 472 00cc 0022     		movs	r2, #0
 473 00ce E254     		strb	r2, [r4, r3]
  73:Core/Src/wav_player.cpp ****     break;
 474              		.loc 1 73 5 is_stmt 1 view .LVU102
ARM GAS  /tmp/ccJbasMF.s 			page 12


  75:Core/Src/wav_player.cpp **** }
 475              		.loc 1 75 1 is_stmt 0 view .LVU103
 476 00d0 A2E7     		b	.L15
 477              		.cfi_endproc
 478              	.LFE141:
 479              		.fnend
 481              		.text
 482              	.Letext0:
 483              		.file 2 "/usr/lib/gcc/arm-none-eabi/9.2.1/include/stdint.h"
 484              		.file 3 "Drivers/CMSIS/Include/core_cm4.h"
 485              		.file 4 "Drivers/CMSIS/Device/ST/STM32F4xx/Include/system_stm32f4xx.h"
 486              		.file 5 "/usr/lib/gcc/arm-none-eabi/9.2.1/include/stddef.h"
 487              		.file 6 "Drivers/STM32F4xx_HAL_Driver/Inc/stm32f4xx_hal.h"
 488              		.file 7 "Middlewares/Third_Party/FatFs/src/integer.h"
 489              		.file 8 "/usr/include/newlib/c++/9.2.1/cstdlib"
 490              		.file 9 "/usr/include/newlib/c++/9.2.1/bits/std_abs.h"
 491              		.file 10 "/usr/include/newlib/c++/9.2.1/arm-none-eabi/thumb/v7e-m+fp/hard/bits/c++config.h"
 492              		.file 11 "/usr/include/newlib/sys/_types.h"
 493              		.file 12 "/usr/include/newlib/sys/reent.h"
 494              		.file 13 "/usr/include/newlib/sys/lock.h"
 495              		.file 14 "/usr/include/newlib/stdlib.h"
 496              		.file 15 "/usr/include/newlib/c++/9.2.1/stdlib.h"
 497              		.file 16 "Middlewares/Third_Party/FatFs/src/ff.h"
 498              		.file 17 "Middlewares/Third_Party/FatFs/src/diskio.h"
 499              		.file 18 "Middlewares/Third_Party/FatFs/src/ff_gen_drv.h"
 500              		.file 19 "FATFS/Target/sd_diskio.h"
 501              		.file 20 "FATFS/App/fatfs.h"
 502              		.file 21 "Core/Inc/wav_player.hpp"
 503              		.file 22 "<built-in>"
ARM GAS  /tmp/ccJbasMF.s 			page 13
=======
 104:Core/Src/wav_player.cpp **** 
 105:Core/Src/wav_player.cpp **** void wav_player::pause(void)
 106:Core/Src/wav_player.cpp **** {
 332              		.loc 1 106 1 is_stmt 1 view -0
 333              		.cfi_startproc
 334              		@ args = 0, pretend = 0, frame = 0
 335              		@ frame_needed = 0, uses_anonymous_args = 0
 336              		.loc 1 106 1 is_stmt 0 view .LVU58
 337 0000 08B5     		push	{r3, lr}
 338              		.save {r3, lr}
 339              	.LCFI7:
 340              		.cfi_def_cfa_offset 8
 341              		.cfi_offset 3, -8
ARM GAS  /tmp/ccisE8el.s 			page 9


 342              		.cfi_offset 14, -4
 107:Core/Src/wav_player.cpp ****   i2sx.pause();
 343              		.loc 1 107 3 is_stmt 1 view .LVU59
 344              		.loc 1 107 13 is_stmt 0 view .LVU60
 345 0002 FFF7FEFF 		bl	_ZN3i2s5pauseEv
 346              	.LVL19:
 108:Core/Src/wav_player.cpp **** }
 347              		.loc 1 108 1 view .LVU61
 348 0006 08BD     		pop	{r3, pc}
 349              		.cfi_endproc
 350              	.LFE147:
 351              		.fnend
 353              		.section	.text._ZN10wav_player6resumeEv,"ax",%progbits
 354              		.align	1
 355              		.global	_ZN10wav_player6resumeEv
 356              		.syntax unified
 357              		.thumb
 358              		.thumb_func
 359              		.fpu fpv4-sp-d16
 361              	_ZN10wav_player6resumeEv:
 362              		.fnstart
 363              	.LVL20:
 364              	.LFB148:
 109:Core/Src/wav_player.cpp **** 
 110:Core/Src/wav_player.cpp **** void wav_player::resume(void)
 111:Core/Src/wav_player.cpp **** {
 365              		.loc 1 111 1 is_stmt 1 view -0
 366              		.cfi_startproc
 367              		@ args = 0, pretend = 0, frame = 0
 368              		@ frame_needed = 0, uses_anonymous_args = 0
 369              		.loc 1 111 1 is_stmt 0 view .LVU63
 370 0000 08B5     		push	{r3, lr}
 371              		.save {r3, lr}
 372              	.LCFI8:
 373              		.cfi_def_cfa_offset 8
 374              		.cfi_offset 3, -8
 375              		.cfi_offset 14, -4
 112:Core/Src/wav_player.cpp ****   i2sx.resume();
 376              		.loc 1 112 3 is_stmt 1 view .LVU64
 377              		.loc 1 112 14 is_stmt 0 view .LVU65
 378 0002 FFF7FEFF 		bl	_ZN3i2s6resumeEv
 379              	.LVL21:
 113:Core/Src/wav_player.cpp **** }
 380              		.loc 1 113 1 view .LVU66
 381 0006 08BD     		pop	{r3, pc}
 382              		.cfi_endproc
 383              	.LFE148:
 384              		.fnend
 386              		.section	.text._ZN10wav_player11isEndOfFileEv,"ax",%progbits
 387              		.align	1
 388              		.global	_ZN10wav_player11isEndOfFileEv
 389              		.syntax unified
 390              		.thumb
 391              		.thumb_func
 392              		.fpu fpv4-sp-d16
 394              	_ZN10wav_player11isEndOfFileEv:
 395              		.fnstart
ARM GAS  /tmp/ccisE8el.s 			page 10


 396              	.LVL22:
 397              	.LFB149:
 114:Core/Src/wav_player.cpp **** 
 115:Core/Src/wav_player.cpp **** 
 116:Core/Src/wav_player.cpp **** bool wav_player::isEndOfFile(void)
 117:Core/Src/wav_player.cpp **** {
 398              		.loc 1 117 1 is_stmt 1 view -0
 399              		.cfi_startproc
 400              		@ args = 0, pretend = 0, frame = 0
 401              		@ frame_needed = 0, uses_anonymous_args = 0
 402              		@ link register save eliminated.
 118:Core/Src/wav_player.cpp ****   return isFinished;
 403              		.loc 1 118 3 view .LVU68
 404              		.loc 1 118 10 is_stmt 0 view .LVU69
 405 0000 42F2E803 		movw	r3, #8424
 406 0004 C05C     		ldrb	r0, [r0, r3]	@ zero_extendqisi2
 407              	.LVL23:
 119:Core/Src/wav_player.cpp **** }
 408              		.loc 1 119 1 view .LVU70
 409 0006 0038     		subs	r0, r0, #0
 410 0008 18BF     		it	ne
 411 000a 0120     		movne	r0, #1
 412 000c 7047     		bx	lr
 413              		.cfi_endproc
 414              	.LFE149:
 415              		.cantunwind
 416              		.fnend
 418              		.section	.text._ZN10wav_player5resetEv,"ax",%progbits
 419              		.align	1
 420              		.global	_ZN10wav_player5resetEv
 421              		.syntax unified
 422              		.thumb
 423              		.thumb_func
 424              		.fpu fpv4-sp-d16
 426              	_ZN10wav_player5resetEv:
 427              		.fnstart
 428              	.LVL24:
 429              	.LFB150:
 120:Core/Src/wav_player.cpp **** 
 121:Core/Src/wav_player.cpp **** 
 122:Core/Src/wav_player.cpp **** void wav_player::reset(void)
 123:Core/Src/wav_player.cpp **** {
 430              		.loc 1 123 1 is_stmt 1 view -0
 431              		.cfi_startproc
 432              		@ args = 0, pretend = 0, frame = 0
 433              		@ frame_needed = 0, uses_anonymous_args = 0
 434              		@ link register save eliminated.
 124:Core/Src/wav_player.cpp ****   audioRemainSize = 0;
 435              		.loc 1 124 3 view .LVU72
 436              		.loc 1 124 19 is_stmt 0 view .LVU73
 437 0000 0023     		movs	r3, #0
 438 0002 42F2DC02 		movw	r2, #8412
 439 0006 8350     		str	r3, [r0, r2]
 125:Core/Src/wav_player.cpp ****   playerReadBytes = 0;
 440              		.loc 1 125 3 is_stmt 1 view .LVU74
 441              		.loc 1 125 19 is_stmt 0 view .LVU75
 442 0008 42F2E402 		movw	r2, #8420
ARM GAS  /tmp/ccisE8el.s 			page 11


 443 000c 8350     		str	r3, [r0, r2]
 126:Core/Src/wav_player.cpp **** }
 444              		.loc 1 126 1 view .LVU76
 445 000e 7047     		bx	lr
 446              		.cfi_endproc
 447              	.LFE150:
 448              		.cantunwind
 449              		.fnend
 451              		.section	.text._ZN10wav_player7processEv,"ax",%progbits
 452              		.align	1
 453              		.global	_ZN10wav_player7processEv
 454              		.syntax unified
 455              		.thumb
 456              		.thumb_func
 457              		.fpu fpv4-sp-d16
 459              	_ZN10wav_player7processEv:
 460              		.fnstart
 461              	.LVL25:
 462              	.LFB145:
  47:Core/Src/wav_player.cpp ****   switch(playerControlSM)
 463              		.loc 1 47 1 is_stmt 1 view -0
 464              		.cfi_startproc
 465              		@ args = 0, pretend = 0, frame = 0
 466              		@ frame_needed = 0, uses_anonymous_args = 0
  47:Core/Src/wav_player.cpp ****   switch(playerControlSM)
 467              		.loc 1 47 1 is_stmt 0 view .LVU78
 468 0000 10B5     		push	{r4, lr}
 469              		.save {r4, lr}
 470              	.LCFI9:
 471              		.cfi_def_cfa_offset 8
 472              		.cfi_offset 4, -8
 473              		.cfi_offset 14, -4
 474 0002 0446     		mov	r4, r0
  48:Core/Src/wav_player.cpp ****   {
 475              		.loc 1 48 3 is_stmt 1 view .LVU79
  48:Core/Src/wav_player.cpp ****   {
 476              		.loc 1 48 10 is_stmt 0 view .LVU80
 477 0004 42F2E903 		movw	r3, #8425
 478 0008 C35C     		ldrb	r3, [r0, r3]	@ zero_extendqisi2
 479 000a DBB2     		uxtb	r3, r3
  48:Core/Src/wav_player.cpp ****   {
 480              		.loc 1 48 3 view .LVU81
 481 000c 022B     		cmp	r3, #2
 482 000e 2CD0     		beq	.L21
 483 0010 032B     		cmp	r3, #3
 484 0012 52D0     		beq	.L22
 485 0014 012B     		cmp	r3, #1
 486 0016 00D0     		beq	.L27
 487              	.LVL26:
 488              	.L20:
  93:Core/Src/wav_player.cpp **** 
 489              		.loc 1 93 1 view .LVU82
 490 0018 10BD     		pop	{r4, pc}
 491              	.LVL27:
 492              	.L27:
  53:Core/Src/wav_player.cpp ****     playerReadBytes = 0;
 493              		.loc 1 53 3 is_stmt 1 view .LVU83
ARM GAS  /tmp/ccisE8el.s 			page 12


  54:Core/Src/wav_player.cpp ****     playerControlSM = PLAYER_CONTROL_Idle;
 494              		.loc 1 54 5 view .LVU84
  54:Core/Src/wav_player.cpp ****     playerControlSM = PLAYER_CONTROL_Idle;
 495              		.loc 1 54 21 is_stmt 0 view .LVU85
 496 001a 42F2E403 		movw	r3, #8420
 497 001e 0022     		movs	r2, #0
 498 0020 C250     		str	r2, [r0, r3]
  55:Core/Src/wav_player.cpp ****     f_read (&wavFile, &audioBuffer[0], AUDIO_BUFFER_SIZE/2, &playerReadBytes);
 499              		.loc 1 55 5 is_stmt 1 view .LVU86
  55:Core/Src/wav_player.cpp ****     f_read (&wavFile, &audioBuffer[0], AUDIO_BUFFER_SIZE/2, &playerReadBytes);
 500              		.loc 1 55 21 is_stmt 0 view .LVU87
 501 0022 42F2E901 		movw	r1, #8425
 502 0026 4254     		strb	r2, [r0, r1]
  56:Core/Src/wav_player.cpp ****     if(audioRemainSize > (AUDIO_BUFFER_SIZE / 2))
 503              		.loc 1 56 5 is_stmt 1 view .LVU88
  56:Core/Src/wav_player.cpp ****     if(audioRemainSize > (AUDIO_BUFFER_SIZE / 2))
 504              		.loc 1 56 12 is_stmt 0 view .LVU89
 505 0028 0344     		add	r3, r3, r0
 506 002a 4FF40062 		mov	r2, #2048
 507 002e 00F58651 		add	r1, r0, #4288
 508 0032 1C31     		adds	r1, r1, #28
 509 0034 A830     		adds	r0, r0, #168
 510              	.LVL28:
  56:Core/Src/wav_player.cpp ****     if(audioRemainSize > (AUDIO_BUFFER_SIZE / 2))
 511              		.loc 1 56 12 view .LVU90
 512 0036 FFF7FEFF 		bl	f_read
 513              	.LVL29:
  57:Core/Src/wav_player.cpp ****     {
 514              		.loc 1 57 5 is_stmt 1 view .LVU91
  57:Core/Src/wav_player.cpp ****     {
 515              		.loc 1 57 8 is_stmt 0 view .LVU92
 516 003a 42F2DC03 		movw	r3, #8412
 517 003e E358     		ldr	r3, [r4, r3]
  57:Core/Src/wav_player.cpp ****     {
 518              		.loc 1 57 5 view .LVU93
 519 0040 B3F5006F 		cmp	r3, #2048
 520 0044 08D9     		bls	.L24
  59:Core/Src/wav_player.cpp ****     }
 521              		.loc 1 59 7 is_stmt 1 view .LVU94
  59:Core/Src/wav_player.cpp ****     }
 522              		.loc 1 59 23 is_stmt 0 view .LVU95
 523 0046 42F2DC02 		movw	r2, #8412
 524 004a A358     		ldr	r3, [r4, r2]
  59:Core/Src/wav_player.cpp ****     }
 525              		.loc 1 59 26 view .LVU96
 526 004c 42F2E401 		movw	r1, #8420
 527 0050 6158     		ldr	r1, [r4, r1]
  59:Core/Src/wav_player.cpp ****     }
 528              		.loc 1 59 23 view .LVU97
 529 0052 5B1A     		subs	r3, r3, r1
 530 0054 A350     		str	r3, [r4, r2]
 531 0056 DFE7     		b	.L20
 532              	.L24:
  63:Core/Src/wav_player.cpp ****       playerControlSM = PLAYER_CONTROL_EndOfFile;
 533              		.loc 1 63 7 is_stmt 1 view .LVU98
  63:Core/Src/wav_player.cpp ****       playerControlSM = PLAYER_CONTROL_EndOfFile;
 534              		.loc 1 63 23 is_stmt 0 view .LVU99
ARM GAS  /tmp/ccisE8el.s 			page 13


 535 0058 42F2DC03 		movw	r3, #8412
 536 005c 0022     		movs	r2, #0
 537 005e E250     		str	r2, [r4, r3]
  64:Core/Src/wav_player.cpp ****     }
 538              		.loc 1 64 7 is_stmt 1 view .LVU100
  64:Core/Src/wav_player.cpp ****     }
 539              		.loc 1 64 23 is_stmt 0 view .LVU101
 540 0060 42F2E903 		movw	r3, #8425
 541 0064 0322     		movs	r2, #3
 542 0066 E254     		strb	r2, [r4, r3]
 543 0068 D6E7     		b	.L20
 544              	.LVL30:
 545              	.L21:
  68:Core/Src/wav_player.cpp ****     //audioI2S_resume();
 546              		.loc 1 68 3 is_stmt 1 view .LVU102
  70:Core/Src/wav_player.cpp ****     playerControlSM = PLAYER_CONTROL_Idle;
 547              		.loc 1 70 5 view .LVU103
  70:Core/Src/wav_player.cpp ****     playerControlSM = PLAYER_CONTROL_Idle;
 548              		.loc 1 70 21 is_stmt 0 view .LVU104
 549 006a 42F2E403 		movw	r3, #8420
 550 006e 0022     		movs	r2, #0
 551 0070 C250     		str	r2, [r0, r3]
  71:Core/Src/wav_player.cpp ****     f_read (&wavFile, &audioBuffer[AUDIO_BUFFER_SIZE/2], AUDIO_BUFFER_SIZE/2, &playerReadBytes);
 552              		.loc 1 71 5 is_stmt 1 view .LVU105
  71:Core/Src/wav_player.cpp ****     f_read (&wavFile, &audioBuffer[AUDIO_BUFFER_SIZE/2], AUDIO_BUFFER_SIZE/2, &playerReadBytes);
 553              		.loc 1 71 21 is_stmt 0 view .LVU106
 554 0072 42F2E901 		movw	r1, #8425
 555 0076 4254     		strb	r2, [r0, r1]
  72:Core/Src/wav_player.cpp ****     //myprintf1("File Select Done %s",audioBuffer);
 556              		.loc 1 72 5 is_stmt 1 view .LVU107
  72:Core/Src/wav_player.cpp ****     //myprintf1("File Select Done %s",audioBuffer);
 557              		.loc 1 72 12 is_stmt 0 view .LVU108
 558 0078 0344     		add	r3, r3, r0
 559 007a 4FF40062 		mov	r2, #2048
 560 007e 00F5C651 		add	r1, r0, #6336
 561 0082 1C31     		adds	r1, r1, #28
 562 0084 A830     		adds	r0, r0, #168
 563              	.LVL31:
  72:Core/Src/wav_player.cpp ****     //myprintf1("File Select Done %s",audioBuffer);
 564              		.loc 1 72 12 view .LVU109
 565 0086 FFF7FEFF 		bl	f_read
 566              	.LVL32:
  75:Core/Src/wav_player.cpp ****     {
 567              		.loc 1 75 5 is_stmt 1 view .LVU110
  75:Core/Src/wav_player.cpp ****     {
 568              		.loc 1 75 8 is_stmt 0 view .LVU111
 569 008a 42F2DC03 		movw	r3, #8412
 570 008e E358     		ldr	r3, [r4, r3]
  75:Core/Src/wav_player.cpp ****     {
 571              		.loc 1 75 5 view .LVU112
 572 0090 B3F5006F 		cmp	r3, #2048
 573 0094 08D9     		bls	.L25
  77:Core/Src/wav_player.cpp ****     }
 574              		.loc 1 77 7 is_stmt 1 view .LVU113
  77:Core/Src/wav_player.cpp ****     }
 575              		.loc 1 77 23 is_stmt 0 view .LVU114
 576 0096 42F2DC02 		movw	r2, #8412
ARM GAS  /tmp/ccisE8el.s 			page 14


 577 009a A358     		ldr	r3, [r4, r2]
  77:Core/Src/wav_player.cpp ****     }
 578              		.loc 1 77 26 view .LVU115
 579 009c 42F2E401 		movw	r1, #8420
 580 00a0 6158     		ldr	r1, [r4, r1]
  77:Core/Src/wav_player.cpp ****     }
 581              		.loc 1 77 23 view .LVU116
 582 00a2 5B1A     		subs	r3, r3, r1
 583 00a4 A350     		str	r3, [r4, r2]
 584 00a6 B7E7     		b	.L20
 585              	.L25:
  81:Core/Src/wav_player.cpp ****       playerControlSM = PLAYER_CONTROL_EndOfFile;
 586              		.loc 1 81 7 is_stmt 1 view .LVU117
  81:Core/Src/wav_player.cpp ****       playerControlSM = PLAYER_CONTROL_EndOfFile;
 587              		.loc 1 81 23 is_stmt 0 view .LVU118
 588 00a8 42F2DC03 		movw	r3, #8412
 589 00ac 0022     		movs	r2, #0
 590 00ae E250     		str	r2, [r4, r3]
  82:Core/Src/wav_player.cpp ****     }
 591              		.loc 1 82 7 is_stmt 1 view .LVU119
  82:Core/Src/wav_player.cpp ****     }
 592              		.loc 1 82 23 is_stmt 0 view .LVU120
 593 00b0 42F2E903 		movw	r3, #8425
 594 00b4 0322     		movs	r2, #3
 595 00b6 E254     		strb	r2, [r4, r3]
 596 00b8 AEE7     		b	.L20
 597              	.LVL33:
 598              	.L22:
  86:Core/Src/wav_player.cpp ****     f_close(&wavFile);
 599              		.loc 1 86 3 is_stmt 1 view .LVU121
  87:Core/Src/wav_player.cpp ****     reset();
 600              		.loc 1 87 5 view .LVU122
  87:Core/Src/wav_player.cpp ****     reset();
 601              		.loc 1 87 12 is_stmt 0 view .LVU123
 602 00ba A830     		adds	r0, r0, #168
 603              	.LVL34:
  87:Core/Src/wav_player.cpp ****     reset();
 604              		.loc 1 87 12 view .LVU124
 605 00bc FFF7FEFF 		bl	f_close
 606              	.LVL35:
  88:Core/Src/wav_player.cpp ****     isFinished = 1;
 607              		.loc 1 88 5 is_stmt 1 view .LVU125
  88:Core/Src/wav_player.cpp ****     isFinished = 1;
 608              		.loc 1 88 10 is_stmt 0 view .LVU126
 609 00c0 2046     		mov	r0, r4
 610 00c2 FFF7FEFF 		bl	_ZN10wav_player5resetEv
 611              	.LVL36:
  89:Core/Src/wav_player.cpp ****     playerControlSM = PLAYER_CONTROL_Idle;
 612              		.loc 1 89 5 is_stmt 1 view .LVU127
  89:Core/Src/wav_player.cpp ****     playerControlSM = PLAYER_CONTROL_Idle;
 613              		.loc 1 89 16 is_stmt 0 view .LVU128
 614 00c6 42F2E803 		movw	r3, #8424
 615 00ca 0122     		movs	r2, #1
 616 00cc E254     		strb	r2, [r4, r3]
  90:Core/Src/wav_player.cpp ****     break;
 617              		.loc 1 90 5 is_stmt 1 view .LVU129
  90:Core/Src/wav_player.cpp ****     break;
ARM GAS  /tmp/ccisE8el.s 			page 15


 618              		.loc 1 90 21 is_stmt 0 view .LVU130
 619 00ce 42F2E903 		movw	r3, #8425
 620 00d2 0022     		movs	r2, #0
 621 00d4 E254     		strb	r2, [r4, r3]
  91:Core/Src/wav_player.cpp ****   }
 622              		.loc 1 91 5 is_stmt 1 view .LVU131
  93:Core/Src/wav_player.cpp **** 
 623              		.loc 1 93 1 is_stmt 0 view .LVU132
 624 00d6 9FE7     		b	.L20
 625              		.cfi_endproc
 626              	.LFE145:
 627              		.fnend
 629              		.section	.text._ZN10wav_player22half_transfer_callbackEv,"ax",%progbits
 630              		.align	1
 631              		.global	_ZN10wav_player22half_transfer_callbackEv
 632              		.syntax unified
 633              		.thumb
 634              		.thumb_func
 635              		.fpu fpv4-sp-d16
 637              	_ZN10wav_player22half_transfer_callbackEv:
 638              		.fnstart
 639              	.LVL37:
 640              	.LFB151:
 127:Core/Src/wav_player.cpp **** 
 128:Core/Src/wav_player.cpp **** /**
 129:Core/Src/wav_player.cpp ****  * @brief Half/Full transfer Audio callback for buffer management
 130:Core/Src/wav_player.cpp ****  */
 131:Core/Src/wav_player.cpp **** void wav_player::half_transfer_callback(void)
 132:Core/Src/wav_player.cpp **** {
 641              		.loc 1 132 1 is_stmt 1 view -0
 642              		.cfi_startproc
 643              		@ args = 0, pretend = 0, frame = 0
 644              		@ frame_needed = 0, uses_anonymous_args = 0
 645              		@ link register save eliminated.
 133:Core/Src/wav_player.cpp ****   playerControlSM = PLAYER_CONTROL_HalfBuffer;
 646              		.loc 1 133 3 view .LVU134
 647              		.loc 1 133 19 is_stmt 0 view .LVU135
 648 0000 42F2E903 		movw	r3, #8425
 649 0004 0122     		movs	r2, #1
 650 0006 C254     		strb	r2, [r0, r3]
 134:Core/Src/wav_player.cpp **** }
 651              		.loc 1 134 1 view .LVU136
 652 0008 7047     		bx	lr
 653              		.cfi_endproc
 654              	.LFE151:
 655              		.cantunwind
 656              		.fnend
 658              		.section	.text._ZN10wav_player22cplt_transfer_callbackEv,"ax",%progbits
 659              		.align	1
 660              		.global	_ZN10wav_player22cplt_transfer_callbackEv
 661              		.syntax unified
 662              		.thumb
 663              		.thumb_func
 664              		.fpu fpv4-sp-d16
 666              	_ZN10wav_player22cplt_transfer_callbackEv:
 667              		.fnstart
 668              	.LVL38:
ARM GAS  /tmp/ccisE8el.s 			page 16


 669              	.LFB152:
 135:Core/Src/wav_player.cpp **** void wav_player::cplt_transfer_callback(void)
 136:Core/Src/wav_player.cpp **** {
 670              		.loc 1 136 1 is_stmt 1 view -0
 671              		.cfi_startproc
 672              		@ args = 0, pretend = 0, frame = 0
 673              		@ frame_needed = 0, uses_anonymous_args = 0
 674              		@ link register save eliminated.
 137:Core/Src/wav_player.cpp ****   playerControlSM = PLAYER_CONTROL_FullBuffer;
 675              		.loc 1 137 3 view .LVU138
 676              		.loc 1 137 19 is_stmt 0 view .LVU139
 677 0000 42F2E903 		movw	r3, #8425
 678 0004 0222     		movs	r2, #2
 679 0006 C254     		strb	r2, [r0, r3]
 138:Core/Src/wav_player.cpp **** //  audioI2S_changeBuffer((uint16_t*)&audioBuffer[0], AUDIO_BUFFER_SIZE / 2);
 139:Core/Src/wav_player.cpp **** }
 680              		.loc 1 139 1 view .LVU140
 681 0008 7047     		bx	lr
 682              		.cfi_endproc
 683              	.LFE152:
 684              		.cantunwind
 685              		.fnend
 687              		.section	.rodata
 688              		.align	2
 689              		.set	.LANCHOR0,. + 0
 690              	.LC0:
 691 0000 401F0000 		.word	8000
 692 0004 112B0000 		.word	11025
 693 0008 803E0000 		.word	16000
 694 000c 22560000 		.word	22050
 695 0010 007D0000 		.word	32000
 696 0014 44AC0000 		.word	44100
 697 0018 80BB0000 		.word	48000
 698 001c 00770100 		.word	96000
 699              	.LC1:
 700 0020 00010000 		.word	256
 701 0024 AD010000 		.word	429
 702 0028 D5000000 		.word	213
 703 002c AD010000 		.word	429
 704 0030 AA010000 		.word	426
 705 0034 0F010000 		.word	271
 706 0038 02010000 		.word	258
 707 003c 58010000 		.word	344
 708              	.LC2:
 709 0040 05000000 		.word	5
 710 0044 04000000 		.word	4
 711 0048 04000000 		.word	4
 712 004c 04000000 		.word	4
 713 0050 04000000 		.word	4
 714 0054 06000000 		.word	6
 715 0058 03000000 		.word	3
 716 005c 01000000 		.word	1
 717              		.text
 718              	.Letext0:
 719              		.file 3 "/usr/lib/gcc/arm-none-eabi/9.2.1/include/stdint.h"
 720              		.file 4 "Drivers/CMSIS/Include/core_cm4.h"
 721              		.file 5 "Drivers/CMSIS/Device/ST/STM32F4xx/Include/system_stm32f4xx.h"
ARM GAS  /tmp/ccisE8el.s 			page 17


 722              		.file 6 "Drivers/CMSIS/Device/ST/STM32F4xx/Include/stm32f411xe.h"
 723              		.file 7 "/usr/lib/gcc/arm-none-eabi/9.2.1/include/stddef.h"
 724              		.file 8 "Drivers/STM32F4xx_HAL_Driver/Inc/stm32f4xx_hal_def.h"
 725              		.file 9 "Drivers/STM32F4xx_HAL_Driver/Inc/stm32f4xx_hal_dma.h"
 726              		.file 10 "Drivers/STM32F4xx_HAL_Driver/Inc/stm32f4xx_hal_i2s.h"
 727              		.file 11 "Drivers/STM32F4xx_HAL_Driver/Inc/stm32f4xx_hal.h"
 728              		.file 12 "Middlewares/Third_Party/FatFs/src/integer.h"
 729              		.file 13 "/usr/include/newlib/c++/9.2.1/cstdlib"
 730              		.file 14 "/usr/include/newlib/c++/9.2.1/bits/std_abs.h"
 731              		.file 15 "/usr/include/newlib/c++/9.2.1/arm-none-eabi/thumb/v7e-m+fp/hard/bits/c++config.h"
 732              		.file 16 "/usr/include/newlib/sys/_types.h"
 733              		.file 17 "/usr/include/newlib/sys/reent.h"
 734              		.file 18 "/usr/include/newlib/sys/lock.h"
 735              		.file 19 "/usr/include/newlib/stdlib.h"
 736              		.file 20 "/usr/include/newlib/c++/9.2.1/stdlib.h"
 737              		.file 21 "Middlewares/Third_Party/FatFs/src/ff.h"
 738              		.file 22 "Middlewares/Third_Party/FatFs/src/diskio.h"
 739              		.file 23 "Middlewares/Third_Party/FatFs/src/ff_gen_drv.h"
 740              		.file 24 "FATFS/Target/sd_diskio.h"
 741              		.file 25 "FATFS/App/fatfs.h"
 742              		.file 26 "Core/Inc/wav_player.hpp"
 743              		.file 27 "<built-in>"
ARM GAS  /tmp/ccisE8el.s 			page 18
>>>>>>> 8c3342ba7dae04446312e2834acd3832612e2df6


DEFINED SYMBOLS
                            *ABS*:0000000000000000 wav_player.cpp
<<<<<<< HEAD
     /tmp/ccJbasMF.s:18     .text._ZN10wav_playerC2Ev:0000000000000000 $t
     /tmp/ccJbasMF.s:26     .text._ZN10wav_playerC2Ev:0000000000000000 _ZN10wav_playerC2Ev
.ARM.exidx.text._ZN10wav_playerC2Ev:0000000000000000 $d
     /tmp/ccJbasMF.s:26     .text._ZN10wav_playerC2Ev:0000000000000000 _ZN10wav_playerC1Ev
     /tmp/ccJbasMF.s:58     .text._ZN10wav_player11file_selectEPc:0000000000000000 $t
     /tmp/ccJbasMF.s:65     .text._ZN10wav_player11file_selectEPc:0000000000000000 _ZN10wav_player11file_selectEPc
.ARM.exidx.text._ZN10wav_player11file_selectEPc:0000000000000000 $d
     /tmp/ccJbasMF.s:138    .text._ZN10wav_player4stopEv:0000000000000000 $t
     /tmp/ccJbasMF.s:145    .text._ZN10wav_player4stopEv:0000000000000000 _ZN10wav_player4stopEv
.ARM.exidx.text._ZN10wav_player4stopEv:0000000000000000 $d
     /tmp/ccJbasMF.s:180    .text._ZN10wav_player5pauseEv:0000000000000000 $t
     /tmp/ccJbasMF.s:187    .text._ZN10wav_player5pauseEv:0000000000000000 _ZN10wav_player5pauseEv
.ARM.exidx.text._ZN10wav_player5pauseEv:0000000000000000 $d
     /tmp/ccJbasMF.s:213    .text._ZN10wav_player6resumeEv:0000000000000000 $t
     /tmp/ccJbasMF.s:220    .text._ZN10wav_player6resumeEv:0000000000000000 _ZN10wav_player6resumeEv
.ARM.exidx.text._ZN10wav_player6resumeEv:0000000000000000 $d
     /tmp/ccJbasMF.s:246    .text._ZN10wav_player11isEndOfFileEv:0000000000000000 $t
     /tmp/ccJbasMF.s:253    .text._ZN10wav_player11isEndOfFileEv:0000000000000000 _ZN10wav_player11isEndOfFileEv
.ARM.exidx.text._ZN10wav_player11isEndOfFileEv:0000000000000000 $d
     /tmp/ccJbasMF.s:280    .text._ZN10wav_player5resetEv:0000000000000000 $t
     /tmp/ccJbasMF.s:287    .text._ZN10wav_player5resetEv:0000000000000000 _ZN10wav_player5resetEv
.ARM.exidx.text._ZN10wav_player5resetEv:0000000000000000 $d
     /tmp/ccJbasMF.s:313    .text._ZN10wav_player7processEv:0000000000000000 $t
     /tmp/ccJbasMF.s:320    .text._ZN10wav_player7processEv:0000000000000000 _ZN10wav_player7processEv
=======
     /tmp/ccisE8el.s:18     .text._ZN10wav_playerC2EN3i2s7i2s_numE:0000000000000000 $t
     /tmp/ccisE8el.s:26     .text._ZN10wav_playerC2EN3i2s7i2s_numE:0000000000000000 _ZN10wav_playerC2EN3i2s7i2s_numE
     /tmp/ccisE8el.s:105    .text._ZN10wav_playerC2EN3i2s7i2s_numE:0000000000000068 $d
.ARM.exidx.text._ZN10wav_playerC2EN3i2s7i2s_numE:0000000000000000 $d
     /tmp/ccisE8el.s:26     .text._ZN10wav_playerC2EN3i2s7i2s_numE:0000000000000000 _ZN10wav_playerC1EN3i2s7i2s_numE
     /tmp/ccisE8el.s:113    .text._ZN10wav_player11file_selectEPc:0000000000000000 $t
     /tmp/ccisE8el.s:120    .text._ZN10wav_player11file_selectEPc:0000000000000000 _ZN10wav_player11file_selectEPc
.ARM.exidx.text._ZN10wav_player11file_selectEPc:0000000000000000 $d
     /tmp/ccisE8el.s:198    .text._ZN10wav_player4playEv:0000000000000000 $t
     /tmp/ccisE8el.s:205    .text._ZN10wav_player4playEv:0000000000000000 _ZN10wav_player4playEv
.ARM.exidx.text._ZN10wav_player4playEv:0000000000000000 $d
     /tmp/ccisE8el.s:281    .text._ZN10wav_player4stopEv:0000000000000000 $t
     /tmp/ccisE8el.s:288    .text._ZN10wav_player4stopEv:0000000000000000 _ZN10wav_player4stopEv
.ARM.exidx.text._ZN10wav_player4stopEv:0000000000000000 $d
     /tmp/ccisE8el.s:321    .text._ZN10wav_player5pauseEv:0000000000000000 $t
     /tmp/ccisE8el.s:328    .text._ZN10wav_player5pauseEv:0000000000000000 _ZN10wav_player5pauseEv
.ARM.extab.text._ZN10wav_player5pauseEv:0000000000000000 $d
.ARM.exidx.text._ZN10wav_player5pauseEv:0000000000000000 $d
     /tmp/ccisE8el.s:354    .text._ZN10wav_player6resumeEv:0000000000000000 $t
     /tmp/ccisE8el.s:361    .text._ZN10wav_player6resumeEv:0000000000000000 _ZN10wav_player6resumeEv
.ARM.extab.text._ZN10wav_player6resumeEv:0000000000000000 $d
.ARM.exidx.text._ZN10wav_player6resumeEv:0000000000000000 $d
     /tmp/ccisE8el.s:387    .text._ZN10wav_player11isEndOfFileEv:0000000000000000 $t
     /tmp/ccisE8el.s:394    .text._ZN10wav_player11isEndOfFileEv:0000000000000000 _ZN10wav_player11isEndOfFileEv
.ARM.exidx.text._ZN10wav_player11isEndOfFileEv:0000000000000000 $d
     /tmp/ccisE8el.s:419    .text._ZN10wav_player5resetEv:0000000000000000 $t
     /tmp/ccisE8el.s:426    .text._ZN10wav_player5resetEv:0000000000000000 _ZN10wav_player5resetEv
.ARM.exidx.text._ZN10wav_player5resetEv:0000000000000000 $d
     /tmp/ccisE8el.s:452    .text._ZN10wav_player7processEv:0000000000000000 $t
     /tmp/ccisE8el.s:459    .text._ZN10wav_player7processEv:0000000000000000 _ZN10wav_player7processEv
>>>>>>> 8c3342ba7dae04446312e2834acd3832612e2df6
.ARM.exidx.text._ZN10wav_player7processEv:0000000000000000 $d
     /tmp/ccisE8el.s:630    .text._ZN10wav_player22half_transfer_callbackEv:0000000000000000 $t
     /tmp/ccisE8el.s:637    .text._ZN10wav_player22half_transfer_callbackEv:0000000000000000 _ZN10wav_player22half_transfer_callbackEv
.ARM.exidx.text._ZN10wav_player22half_transfer_callbackEv:0000000000000000 $d
     /tmp/ccisE8el.s:659    .text._ZN10wav_player22cplt_transfer_callbackEv:0000000000000000 $t
     /tmp/ccisE8el.s:666    .text._ZN10wav_player22cplt_transfer_callbackEv:0000000000000000 _ZN10wav_player22cplt_transfer_callbackEv
.ARM.exidx.text._ZN10wav_player22cplt_transfer_callbackEv:0000000000000000 $d
     /tmp/ccisE8el.s:688    .rodata:0000000000000000 $d

UNDEFINED SYMBOLS
_ZN3i2s10set_handleENS_7i2s_numE
__aeabi_unwind_cpp_pr0
f_open
f_read
_ZN3i2s4initEm
f_lseek
_ZN3i2s4playEPtm
_ZN3i2s4stopEv
_ZN3i2s5pauseEv
__aeabi_unwind_cpp_pr1
_ZN3i2s6resumeEv
f_close
